2019-01-12 21:27:59,661 INFO  DownloadService - Downloading "https://github.com/yayaa/TheActivityManager/archive/master.zip", attempt 3
2019-01-12 21:28:01,554 INFO  DownloadService - Downloaded https://github.com/yayaa/TheActivityManager/archive/master.zip, attempt 3
2019-01-12 21:28:01,554 INFO  DownloadService - Size of file "/var/folders/bq/vtzpc5ns5sg2cthy61lqpg3dfzgbys/T/1547303279653-0/master.zip": 181 KB
2019-01-12 21:28:01,554 INFO  ArchiveUtils - Checking entries [.gradle] in ZIP file...
2019-01-12 21:28:01,559 INFO  ArchiveUtils - Has entries [.gradle] in ZIP file /var/folders/bq/vtzpc5ns5sg2cthy61lqpg3dfzgbys/T/1547303279653-0/master.zip: true
2019-01-12 21:28:01,560 DEBUG ZipUtil - Extracting '/var/folders/bq/vtzpc5ns5sg2cthy61lqpg3dfzgbys/T/1547303279653-0/master.zip' into '/var/folders/bq/vtzpc5ns5sg2cthy61lqpg3dfzgbys/T/1547303279653-0/src'.
2019-01-12 21:28:01,594 INFO  FullProcessService - Size of directory with sources: 441 KB
2019-01-12 21:28:01,594 INFO  SysUtils - Execute command: [git, init, /var/folders/bq/vtzpc5ns5sg2cthy61lqpg3dfzgbys/T/1547303279653-0/src]
2019-01-12 21:28:01,616 INFO  SysUtils - Initialized empty Git repository in /private/var/folders/bq/vtzpc5ns5sg2cthy61lqpg3dfzgbys/T/1547303279653-0/src/.git/

2019-01-12 21:28:01,620 INFO  ProjectBuildService - Gradle wrapper(s): /var/folders/bq/vtzpc5ns5sg2cthy61lqpg3dfzgbys/T/1547303279653-0/src/TheActivityManager-master/library/gradlew /var/folders/bq/vtzpc5ns5sg2cthy61lqpg3dfzgbys/T/1547303279653-0/src/TheActivityManager-master/sample/gradlew
2019-01-12 21:28:01,624 INFO  ProjectBuildService - Build script(s): /var/folders/bq/vtzpc5ns5sg2cthy61lqpg3dfzgbys/T/1547303279653-0/src/TheActivityManager-master/library/app/build.gradle /var/folders/bq/vtzpc5ns5sg2cthy61lqpg3dfzgbys/T/1547303279653-0/src/TheActivityManager-master/sample/app/build.gradle /var/folders/bq/vtzpc5ns5sg2cthy61lqpg3dfzgbys/T/1547303279653-0/src/TheActivityManager-master/library/build.gradle /var/folders/bq/vtzpc5ns5sg2cthy61lqpg3dfzgbys/T/1547303279653-0/src/TheActivityManager-master/sample/build.gradle
2019-01-12 21:28:01,629 INFO  ProjectBuildService - All script(s): /var/folders/bq/vtzpc5ns5sg2cthy61lqpg3dfzgbys/T/1547303279653-0/src/TheActivityManager-master/library/app/build.gradle /var/folders/bq/vtzpc5ns5sg2cthy61lqpg3dfzgbys/T/1547303279653-0/src/TheActivityManager-master/library/maven_push.gradle /var/folders/bq/vtzpc5ns5sg2cthy61lqpg3dfzgbys/T/1547303279653-0/src/TheActivityManager-master/library/build.gradle /var/folders/bq/vtzpc5ns5sg2cthy61lqpg3dfzgbys/T/1547303279653-0/src/TheActivityManager-master/library/settings.gradle /var/folders/bq/vtzpc5ns5sg2cthy61lqpg3dfzgbys/T/1547303279653-0/src/TheActivityManager-master/sample/app/build.gradle /var/folders/bq/vtzpc5ns5sg2cthy61lqpg3dfzgbys/T/1547303279653-0/src/TheActivityManager-master/sample/build.gradle /var/folders/bq/vtzpc5ns5sg2cthy61lqpg3dfzgbys/T/1547303279653-0/src/TheActivityManager-master/sample/settings.gradle
2019-01-12 21:28:01,630 INFO  ProjectBuildService - Remote scripts: none
2019-01-12 21:28:01,630 INFO  ProjectFixService - Fixing project...
2019-01-12 21:28:01,642 INFO  LocalPropertiesFixService - Created fake /var/folders/bq/vtzpc5ns5sg2cthy61lqpg3dfzgbys/T/1547303279653-0/src/TheActivityManager-master/library/app/local.properties
2019-01-12 21:28:01,643 INFO  ProjectFixService - Build info for "/var/folders/bq/vtzpc5ns5sg2cthy61lqpg3dfzgbys/T/1547303279653-0/src/TheActivityManager-master/library/app/build.gradle": [buildToolsVersion=23.0.2,compileSdkVersion=23,minSdkVersion=8,targetSdkVersion=23]
2019-01-12 21:28:01,644 INFO  LocalPropertiesFixService - Created fake /var/folders/bq/vtzpc5ns5sg2cthy61lqpg3dfzgbys/T/1547303279653-0/src/TheActivityManager-master/sample/app/local.properties
2019-01-12 21:28:01,644 INFO  ProjectFixService - Build info for "/var/folders/bq/vtzpc5ns5sg2cthy61lqpg3dfzgbys/T/1547303279653-0/src/TheActivityManager-master/sample/app/build.gradle": [buildToolsVersion=23.0.2,compileSdkVersion=23,minSdkVersion=8,targetSdkVersion=23]
2019-01-12 21:28:01,644 INFO  LocalPropertiesFixService - Created fake /var/folders/bq/vtzpc5ns5sg2cthy61lqpg3dfzgbys/T/1547303279653-0/src/TheActivityManager-master/library/local.properties
2019-01-12 21:28:01,645 INFO  WrapperPropertiesFixService - Gradle wrapper: https://services.gradle.org/distributions/gradle-2.2.1-all.zip
2019-01-12 21:28:01,645 INFO  WrapperPropertiesFixService - Gradle wrapper was changed from "-all.zip" to "-bin.zip" (https://services.gradle.org/distributions/gradle-2.2.1-bin.zip)
2019-01-12 21:28:01,645 INFO  ProjectFixService - Build info for "/var/folders/bq/vtzpc5ns5sg2cthy61lqpg3dfzgbys/T/1547303279653-0/src/TheActivityManager-master/library/build.gradle": [buildToolsVersion=23.0.2,compileSdkVersion=23,minSdkVersion=8,targetSdkVersion=23]
2019-01-12 21:28:01,646 INFO  LocalPropertiesFixService - Updated fake /var/folders/bq/vtzpc5ns5sg2cthy61lqpg3dfzgbys/T/1547303279653-0/src/TheActivityManager-master/sample/local.properties
2019-01-12 21:28:01,646 INFO  WrapperPropertiesFixService - Gradle wrapper: https://services.gradle.org/distributions/gradle-2.2.1-all.zip
2019-01-12 21:28:01,647 INFO  WrapperPropertiesFixService - Gradle wrapper was changed from "-all.zip" to "-bin.zip" (https://services.gradle.org/distributions/gradle-2.2.1-bin.zip)
2019-01-12 21:28:01,647 INFO  ProjectFixService - Build info for "/var/folders/bq/vtzpc5ns5sg2cthy61lqpg3dfzgbys/T/1547303279653-0/src/TheActivityManager-master/sample/build.gradle": [buildToolsVersion=23.0.2,compileSdkVersion=23,minSdkVersion=8,targetSdkVersion=23]
2019-01-12 21:28:01,648 INFO  ProjectFixService - Project was maybe fixed
2019-01-12 21:28:01,648 INFO  ProjectTaskService - Detecting possible tasks...
2019-01-12 21:28:01,648 INFO  SysUtils - Execute command: [/var/folders/bq/vtzpc5ns5sg2cthy61lqpg3dfzgbys/T/1547303279653-0/src/TheActivityManager-master/library/gradlew, -b, /var/folders/bq/vtzpc5ns5sg2cthy61lqpg3dfzgbys/T/1547303279653-0/src/TheActivityManager-master/library/app/build.gradle, -Dorg.gradle.daemon=false, -Dorg.gradle.daemon.performance.enable-monitoring=false, -Dorg.gradle.configureondemand=true, tasks]
2019-01-12 21:28:17,566 INFO  ProjectTaskService - Detected possible tasks: 65
2019-01-12 21:28:17,566 INFO  ProjectTaskService - Excluded tasks (16): lintDebug mockableAndroidJar deviceCheck lint testReleaseUnitTest deviceAndroidTest uninstallDebugAndroidTest installDebugAndroidTest connectedCheck connectedDebugAndroidTest uninstallAll test check testDebugUnitTest connectedAndroidTest lintRelease
2019-01-12 21:28:17,566 INFO  SysUtils - Execute command: [/var/folders/bq/vtzpc5ns5sg2cthy61lqpg3dfzgbys/T/1547303279653-0/src/TheActivityManager-master/library/gradlew, -b, /var/folders/bq/vtzpc5ns5sg2cthy61lqpg3dfzgbys/T/1547303279653-0/src/TheActivityManager-master/library/app/build.gradle, -Dorg.gradle.daemon=false, -Dorg.gradle.daemon.performance.enable-monitoring=false, -Dorg.gradle.configureondemand=true, --stacktrace, -x, lintDebug, -x, mockableAndroidJar, -x, deviceCheck, -x, lint, -x, testReleaseUnitTest, -x, deviceAndroidTest, -x, uninstallDebugAndroidTest, -x, installDebugAndroidTest, -x, connectedCheck, -x, connectedDebugAndroidTest, -x, uninstallAll, -x, test, -x, check, -x, testDebugUnitTest, -x, connectedAndroidTest, -x, lintRelease, build]
2019-01-12 21:28:27,373 INFO  SysUtils - Configuration on demand is an incubating feature.
:app:androidSourcesJar
:app:compileLint
:app:copyDebugLint UP-TO-DATE
:app:preBuild UP-TO-DATE
:app:preDebugBuild UP-TO-DATE
:app:checkDebugManifest
:app:preDebugAndroidTestBuild UP-TO-DATE
:app:preDebugUnitTestBuild UP-TO-DATE
:app:preReleaseBuild UP-TO-DATE
:app:preReleaseUnitTestBuild UP-TO-DATE
:app:prepareComAndroidSupportAnimatedVectorDrawable2320Library
:app:prepareComAndroidSupportAppcompatV72320Library
:app:prepareComAndroidSupportSupportV42320Library
:app:prepareComAndroidSupportSupportVectorDrawable2320Library
:app:prepareDebugDependencies
:app:compileDebugAidl
:app:compileDebugRenderscript
:app:generateDebugBuildConfig
:app:generateDebugAssets UP-TO-DATE
:app:mergeDebugAssets
:app:generateDebugResValues
:app:generateDebugResources
:app:mergeDebugResources
:app:processDebugManifest
:app:processDebugResources
:app:generateDebugSources
:app:processDebugJavaRes UP-TO-DATE
:app:compileDebugJavaWithJavac
:app:extractDebugAnnotations
:app:mergeDebugProguardFiles
:app:packageDebugJar
:app:compileDebugNdk UP-TO-DATE
:app:packageDebugJniLibs UP-TO-DATE
:app:packageDebugLocalJar UP-TO-DATE
:app:packageDebugRenderscript UP-TO-DATE
:app:packageDebugResources
:app:bundleDebug
:app:compileDebugSources
:app:assembleDebug
:app:copyReleaseLint UP-TO-DATE
:app:checkReleaseManifest
:app:prepareReleaseDependencies
:app:compileReleaseAidl
:app:compileReleaseRenderscript
:app:generateReleaseBuildConfig
:app:generateReleaseAssets UP-TO-DATE
:app:mergeReleaseAssets
:app:generateReleaseResValues
:app:generateReleaseResources
:app:mergeReleaseResources
:app:processReleaseManifest
:app:processReleaseResources
:app:generateReleaseSources
:app:processReleaseJavaRes UP-TO-DATE
:app:compileReleaseJavaWithJavac
:app:extractReleaseAnnotations
:app:mergeReleaseProguardFiles
:app:packageReleaseJar
:app:compileReleaseNdk UP-TO-DATE
:app:packageReleaseJniLibs UP-TO-DATE
:app:packageReleaseLocalJar UP-TO-DATE
:app:packageReleaseRenderscript UP-TO-DATE
:app:packageReleaseResources
:app:bundleRelease
:app:compileReleaseSources
:app:assembleRelease
:app:signArchives SKIPPED
:app:assemble
:app:build

BUILD SUCCESSFUL

Total time: 9.305 secs

2019-01-12 21:28:27,434 INFO  ProjectTaskService - Detecting possible tasks...
2019-01-12 21:28:27,434 INFO  SysUtils - Execute command: [/var/folders/bq/vtzpc5ns5sg2cthy61lqpg3dfzgbys/T/1547303279653-0/src/TheActivityManager-master/sample/gradlew, -b, /var/folders/bq/vtzpc5ns5sg2cthy61lqpg3dfzgbys/T/1547303279653-0/src/TheActivityManager-master/sample/app/build.gradle, -Dorg.gradle.daemon=false, -Dorg.gradle.daemon.performance.enable-monitoring=false, -Dorg.gradle.configureondemand=true, tasks]
2019-01-12 21:28:38,807 INFO  ProjectTaskService - Detected possible tasks: 60
2019-01-12 21:28:38,807 INFO  ProjectTaskService - Excluded tasks (17): lintDebug mockableAndroidJar deviceCheck lint uninstallRelease uninstallDebugAndroidTest installDebugAndroidTest connectedCheck uninstallAll testRelease test check connectedAndroidTest installDebug lintRelease testDebug uninstallDebug
2019-01-12 21:28:38,808 INFO  SysUtils - Execute command: [/var/folders/bq/vtzpc5ns5sg2cthy61lqpg3dfzgbys/T/1547303279653-0/src/TheActivityManager-master/sample/gradlew, -b, /var/folders/bq/vtzpc5ns5sg2cthy61lqpg3dfzgbys/T/1547303279653-0/src/TheActivityManager-master/sample/app/build.gradle, -Dorg.gradle.daemon=false, -Dorg.gradle.daemon.performance.enable-monitoring=false, -Dorg.gradle.configureondemand=true, --stacktrace, -x, lintDebug, -x, mockableAndroidJar, -x, deviceCheck, -x, lint, -x, uninstallRelease, -x, uninstallDebugAndroidTest, -x, installDebugAndroidTest, -x, connectedCheck, -x, uninstallAll, -x, testRelease, -x, test, -x, check, -x, connectedAndroidTest, -x, installDebug, -x, lintRelease, -x, testDebug, -x, uninstallDebug, build]
2019-01-12 21:29:00,289 ERROR SysUtils - Could not process external command
org.apache.commons.exec.ExecuteException: Process exited with an error: 1 (Exit value: 1)
	at org.apache.commons.exec.DefaultExecutor.executeInternal(DefaultExecutor.java:404)
	at org.apache.commons.exec.DefaultExecutor.execute(DefaultExecutor.java:166)
	at com.github.vbauer.apkmaster.util.SysUtils.execute(SysUtils.java:67)
	at com.github.vbauer.apkmaster.util.SysUtils.executeSimple(SysUtils.java:43)
	at com.github.vbauer.apkmaster.service.assembly.ProjectBuildService.buildProject(ProjectBuildService.java:78)
	at com.github.vbauer.apkmaster.service.assembly.ProjectBuildService.buildProject(ProjectBuildService.java:64)
	at com.github.vbauer.apkmaster.service.assembly.ProjectBuildService.buildProject(ProjectBuildService.java:43)
	at com.github.vbauer.apkmaster.service.FullProcessService.build(FullProcessService.java:84)
	at com.github.vbauer.apkmaster.service.FullProcessService.process(FullProcessService.java:34)
	at com.github.vbauer.apkmaster.app.MainApplication.process(MainApplication.java:38)
	at com.github.vbauer.apkmaster.app.MainApplication.main(MainApplication.java:20)
	at sun.reflect.GeneratedMethodAccessor9.invoke(Unknown Source)
	at sun.reflect.DelegatingMethodAccessorImpl.invoke(DelegatingMethodAccessorImpl.java:43)
	at java.lang.reflect.Method.invoke(Method.java:498)
	at com.android.arsenal.util.ReflectionUtils.invoke(ReflectionUtils.java:52)
	at com.android.arsenal.util.ApkMasterUtils.main(ApkMasterUtils.java:30)
	at com.android.arsenal.service.processor.impl.BuildProcessorServiceImpl.buildProject(BuildProcessorServiceImpl.java:196)
	at com.android.arsenal.service.processor.impl.BuildProcessorServiceImpl.build(BuildProcessorServiceImpl.java:130)
	at com.android.arsenal.service.processor.impl.BuildProcessorServiceImpl.lambda$createTasks$1(BuildProcessorServiceImpl.java:113)
	at java.util.concurrent.FutureTask.run(FutureTask.java:266)
	at java.util.concurrent.Executors$RunnableAdapter.call(Executors.java:511)
	at java.util.concurrent.FutureTask.run(FutureTask.java:266)
	at java.util.concurrent.ThreadPoolExecutor.runWorker(ThreadPoolExecutor.java:1149)
	at java.util.concurrent.ThreadPoolExecutor$Worker.run(ThreadPoolExecutor.java:624)
	at java.lang.Thread.run(Thread.java:748)
2019-01-12 21:29:00,289 INFO  SysUtils - Configuration on demand is an incubating feature.
:app:preBuild UP-TO-DATE
:app:preDebugBuild UP-TO-DATE
:app:compileDebugNdk UP-TO-DATE
:app:checkDebugManifest
:app:preReleaseBuild UP-TO-DATE
:app:prepareComAndroidSupportAnimatedVectorDrawable2320Library
:app:prepareComAndroidSupportAppcompatV72320Library
:app:prepareComAndroidSupportSupportV42320Library
:app:prepareComAndroidSupportSupportVectorDrawable2320Library
:app:prepareComSquareupLeakcanaryLeakcanaryAndroid131Library
:app:prepareComYayandroidTheActivityManager106Library
:app:prepareDebugDependencies
:app:compileDebugAidl
:app:compileDebugRenderscript
:app:generateDebugBuildConfig
:app:generateDebugAssets UP-TO-DATE
:app:mergeDebugAssets
:app:generateDebugResValues
:app:generateDebugResources
:app:mergeDebugResources
:app:processDebugManifest
:app:processDebugResources
:app:generateDebugSources
:app:compileDebugJava
:app:preDexDebug
:app:dexDebug
:app:processDebugJavaRes UP-TO-DATE
:app:validateDebugSigning
:app:packageDebug
:app:zipalignDebug
:app:assembleDebug
:app:checkReleaseManifest
:app:prepareReleaseDependencies
:app:compileReleaseAidl
:app:compileReleaseRenderscript
:app:generateReleaseBuildConfig
:app:generateReleaseAssets UP-TO-DATE
:app:mergeReleaseAssets
:app:generateReleaseResValues
:app:generateReleaseResources
:app:mergeReleaseResources
:app:processReleaseManifest
:app:processReleaseResources
:app:generateReleaseSources
:app:compileReleaseJava/private/var/folders/bq/vtzpc5ns5sg2cthy61lqpg3dfzgbys/T/1547303279653-0/src/TheActivityManager-master/sample/app/src/main/java/com/yayandroid/theactivitymanager/sample/DemoApplication.java:5: error: package com.squareup.leakcanary does not exist
import com.squareup.leakcanary.LeakCanary;
                              ^
/private/var/folders/bq/vtzpc5ns5sg2cthy61lqpg3dfzgbys/T/1547303279653-0/src/TheActivityManager-master/sample/app/src/main/java/com/yayandroid/theactivitymanager/sample/DemoApplication.java:22: error: cannot find symbol
        LeakCanary.install(this);
        ^
  symbol:   variable LeakCanary
  location: class DemoApplication
2 errors
 FAILED

FAILURE: Build failed with an exception.

* What went wrong:
Execution failed for task ':app:compileReleaseJava'.
> Compilation failed; see the compiler error output for details.

* Try:
Run with --info or --debug option to get more log output.

* Exception is:
org.gradle.api.tasks.TaskExecutionException: Execution failed for task ':app:compileReleaseJava'.
	at org.gradle.api.internal.tasks.execution.ExecuteActionsTaskExecuter.executeActions(ExecuteActionsTaskExecuter.java:69)
	at org.gradle.api.internal.tasks.execution.ExecuteActionsTaskExecuter.execute(ExecuteActionsTaskExecuter.java:46)
	at org.gradle.api.internal.tasks.execution.PostExecutionAnalysisTaskExecuter.execute(PostExecutionAnalysisTaskExecuter.java:35)
	at org.gradle.api.internal.tasks.execution.SkipUpToDateTaskExecuter.execute(SkipUpToDateTaskExecuter.java:64)
	at org.gradle.api.internal.tasks.execution.ValidatingTaskExecuter.execute(ValidatingTaskExecuter.java:58)
	at org.gradle.api.internal.tasks.execution.SkipEmptySourceFilesTaskExecuter.execute(SkipEmptySourceFilesTaskExecuter.java:42)
	at org.gradle.api.internal.tasks.execution.SkipTaskWithNoActionsExecuter.execute(SkipTaskWithNoActionsExecuter.java:52)
	at org.gradle.api.internal.tasks.execution.SkipOnlyIfTaskExecuter.execute(SkipOnlyIfTaskExecuter.java:53)
	at org.gradle.api.internal.tasks.execution.ExecuteAtMostOnceTaskExecuter.execute(ExecuteAtMostOnceTaskExecuter.java:43)
	at org.gradle.api.internal.AbstractTask.executeWithoutThrowingTaskFailure(AbstractTask.java:305)
	at org.gradle.execution.taskgraph.AbstractTaskPlanExecutor$TaskExecutorWorker.executeTask(AbstractTaskPlanExecutor.java:79)
	at org.gradle.execution.taskgraph.AbstractTaskPlanExecutor$TaskExecutorWorker.processTask(AbstractTaskPlanExecutor.java:63)
	at org.gradle.execution.taskgraph.AbstractTaskPlanExecutor$TaskExecutorWorker.run(AbstractTaskPlanExecutor.java:51)
	at org.gradle.execution.taskgraph.DefaultTaskPlanExecutor.process(DefaultTaskPlanExecutor.java:23)
	at org.gradle.execution.taskgraph.DefaultTaskGraphExecuter.execute(DefaultTaskGraphExecuter.java:88)
	at org.gradle.execution.SelectedTaskExecutionAction.execute(SelectedTaskExecutionAction.java:29)
	at org.gradle.execution.DefaultBuildExecuter.execute(DefaultBuildExecuter.java:62)
	at org.gradle.execution.DefaultBuildExecuter.access$200(DefaultBuildExecuter.java:23)
	at org.gradle.execution.DefaultBuildExecuter$2.proceed(DefaultBuildExecuter.java:68)
	at org.gradle.execution.DryRunBuildExecutionAction.execute(DryRunBuildExecutionAction.java:32)
	at org.gradle.execution.DefaultBuildExecuter.execute(DefaultBuildExecuter.java:62)
	at org.gradle.execution.DefaultBuildExecuter.execute(DefaultBuildExecuter.java:55)
	at org.gradle.initialization.DefaultGradleLauncher.doBuildStages(DefaultGradleLauncher.java:149)
	at org.gradle.initialization.DefaultGradleLauncher.doBuild(DefaultGradleLauncher.java:106)
	at org.gradle.initialization.DefaultGradleLauncher.run(DefaultGradleLauncher.java:86)
	at org.gradle.launcher.exec.InProcessBuildActionExecuter$DefaultBuildController.run(InProcessBuildActionExecuter.java:80)
	at org.gradle.launcher.cli.ExecuteBuildAction.run(ExecuteBuildAction.java:33)
	at org.gradle.launcher.cli.ExecuteBuildAction.run(ExecuteBuildAction.java:24)
	at org.gradle.launcher.exec.InProcessBuildActionExecuter.execute(InProcessBuildActionExecuter.java:36)
	at org.gradle.launcher.exec.InProcessBuildActionExecuter.execute(InProcessBuildActionExecuter.java:26)
	at org.gradle.launcher.cli.RunBuildAction.run(RunBuildAction.java:51)
	at org.gradle.internal.Actions$RunnableActionAdapter.execute(Actions.java:171)
	at org.gradle.launcher.cli.CommandLineActionFactory$ParseAndBuildAction.execute(CommandLineActionFactory.java:237)
	at org.gradle.launcher.cli.CommandLineActionFactory$ParseAndBuildAction.execute(CommandLineActionFactory.java:210)
	at org.gradle.launcher.cli.JavaRuntimeValidationAction.execute(JavaRuntimeValidationAction.java:35)
	at org.gradle.launcher.cli.JavaRuntimeValidationAction.execute(JavaRuntimeValidationAction.java:24)
	at org.gradle.launcher.cli.CommandLineActionFactory$WithLogging.execute(CommandLineActionFactory.java:206)
	at org.gradle.launcher.cli.CommandLineActionFactory$WithLogging.execute(CommandLineActionFactory.java:169)
	at org.gradle.launcher.cli.ExceptionReportingAction.execute(ExceptionReportingAction.java:33)
	at org.gradle.launcher.cli.ExceptionReportingAction.execute(ExceptionReportingAction.java:22)
	at org.gradle.launcher.Main.doAction(Main.java:33)
	at org.gradle.launcher.bootstrap.EntryPoint.run(EntryPoint.java:45)
	at org.gradle.launcher.bootstrap.ProcessBootstrap.runNoExit(ProcessBootstrap.java:54)
	at org.gradle.launcher.bootstrap.ProcessBootstrap.run(ProcessBootstrap.java:35)
	at org.gradle.launcher.GradleMain.main(GradleMain.java:23)
	at org.gradle.wrapper.BootstrapMainStarter.start(BootstrapMainStarter.java:33)
	at org.gradle.wrapper.WrapperExecutor.execute(WrapperExecutor.java:130)
	at org.gradle.wrapper.GradleWrapperMain.main(GradleWrapperMain.java:48)
Caused by: org.gradle.api.internal.tasks.compile.CompilationFailedException: Compilation failed; see the compiler error output for details.
	at org.gradle.api.internal.tasks.compile.JdkJavaCompiler.execute(JdkJavaCompiler.java:44)
	at org.gradle.api.internal.tasks.compile.JdkJavaCompiler.execute(JdkJavaCompiler.java:35)
	at org.gradle.api.internal.tasks.compile.NormalizingJavaCompiler.delegateAndHandleErrors(NormalizingJavaCompiler.java:97)
	at org.gradle.api.internal.tasks.compile.NormalizingJavaCompiler.execute(NormalizingJavaCompiler.java:50)
	at org.gradle.api.internal.tasks.compile.NormalizingJavaCompiler.execute(NormalizingJavaCompiler.java:36)
	at org.gradle.api.internal.tasks.compile.CleaningJavaCompilerSupport.execute(CleaningJavaCompilerSupport.java:34)
	at org.gradle.api.internal.tasks.compile.CleaningJavaCompilerSupport.execute(CleaningJavaCompilerSupport.java:25)
	at org.gradle.api.tasks.compile.JavaCompile.performCompilation(JavaCompile.java:158)
	at org.gradle.api.tasks.compile.JavaCompile.compile(JavaCompile.java:138)
	at org.gradle.api.tasks.compile.JavaCompile.compile(JavaCompile.java:92)
	at org.gradle.internal.reflect.JavaMethod.invoke(JavaMethod.java:63)
	at org.gradle.api.internal.project.taskfactory.AnnotationProcessingTaskFactory$IncrementalTaskAction.doExecute(AnnotationProcessingTaskFactory.java:235)
	at org.gradle.api.internal.project.taskfactory.AnnotationProcessingTaskFactory$StandardTaskAction.execute(AnnotationProcessingTaskFactory.java:211)
	at org.gradle.api.internal.project.taskfactory.AnnotationProcessingTaskFactory$IncrementalTaskAction.execute(AnnotationProcessingTaskFactory.java:222)
	at org.gradle.api.internal.project.taskfactory.AnnotationProcessingTaskFactory$StandardTaskAction.execute(AnnotationProcessingTaskFactory.java:200)
	at org.gradle.api.internal.tasks.execution.ExecuteActionsTaskExecuter.executeAction(ExecuteActionsTaskExecuter.java:80)
	at org.gradle.api.internal.tasks.execution.ExecuteActionsTaskExecuter.executeActions(ExecuteActionsTaskExecuter.java:61)
	... 47 more


BUILD FAILED

Total time: 20.958 secs

2019-01-12 21:29:00,377 INFO  FullProcessService - Found APK file: /var/folders/bq/vtzpc5ns5sg2cthy61lqpg3dfzgbys/T/1547303279653-0/src/TheActivityManager-master/sample/app/build/outputs/apk/app-debug.apk
