2019-01-12 19:57:22,218 INFO  DownloadService - Downloading "https://github.com/PDDStudio/NetworkUtils/archive/master.zip", attempt 3
2019-01-12 19:57:23,878 INFO  DownloadService - Downloaded https://github.com/PDDStudio/NetworkUtils/archive/master.zip, attempt 3
2019-01-12 19:57:23,878 INFO  DownloadService - Size of file "/var/folders/bq/vtzpc5ns5sg2cthy61lqpg3dfzgbys/T/1547297842214-0/master.zip": 2 MB
2019-01-12 19:57:23,878 INFO  ArchiveUtils - Checking entries [.gradle] in ZIP file...
2019-01-12 19:57:23,884 INFO  ArchiveUtils - Has entries [.gradle] in ZIP file /var/folders/bq/vtzpc5ns5sg2cthy61lqpg3dfzgbys/T/1547297842214-0/master.zip: true
2019-01-12 19:57:23,885 DEBUG ZipUtil - Extracting '/var/folders/bq/vtzpc5ns5sg2cthy61lqpg3dfzgbys/T/1547297842214-0/master.zip' into '/var/folders/bq/vtzpc5ns5sg2cthy61lqpg3dfzgbys/T/1547297842214-0/src'.
2019-01-12 19:57:23,930 INFO  FullProcessService - Size of directory with sources: 2 MB
2019-01-12 19:57:23,930 INFO  SysUtils - Execute command: [git, init, /var/folders/bq/vtzpc5ns5sg2cthy61lqpg3dfzgbys/T/1547297842214-0/src]
2019-01-12 19:57:23,948 INFO  SysUtils - Initialized empty Git repository in /private/var/folders/bq/vtzpc5ns5sg2cthy61lqpg3dfzgbys/T/1547297842214-0/src/.git/

2019-01-12 19:57:23,952 INFO  ProjectBuildService - Gradle wrapper(s): /var/folders/bq/vtzpc5ns5sg2cthy61lqpg3dfzgbys/T/1547297842214-0/src/NetworkUtils-master/gradlew
2019-01-12 19:57:23,957 INFO  ProjectBuildService - Build script(s): /var/folders/bq/vtzpc5ns5sg2cthy61lqpg3dfzgbys/T/1547297842214-0/src/NetworkUtils-master/app/build.gradle /var/folders/bq/vtzpc5ns5sg2cthy61lqpg3dfzgbys/T/1547297842214-0/src/NetworkUtils-master/networkutils/build.gradle /var/folders/bq/vtzpc5ns5sg2cthy61lqpg3dfzgbys/T/1547297842214-0/src/NetworkUtils-master/build.gradle
2019-01-12 19:57:23,961 INFO  ProjectBuildService - All script(s): /var/folders/bq/vtzpc5ns5sg2cthy61lqpg3dfzgbys/T/1547297842214-0/src/NetworkUtils-master/app/build.gradle /var/folders/bq/vtzpc5ns5sg2cthy61lqpg3dfzgbys/T/1547297842214-0/src/NetworkUtils-master/networkutils/maven-push.gradle /var/folders/bq/vtzpc5ns5sg2cthy61lqpg3dfzgbys/T/1547297842214-0/src/NetworkUtils-master/networkutils/build.gradle /var/folders/bq/vtzpc5ns5sg2cthy61lqpg3dfzgbys/T/1547297842214-0/src/NetworkUtils-master/build.gradle /var/folders/bq/vtzpc5ns5sg2cthy61lqpg3dfzgbys/T/1547297842214-0/src/NetworkUtils-master/settings.gradle
2019-01-12 19:57:23,961 INFO  ProjectBuildService - Remote scripts: none
2019-01-12 19:57:23,961 INFO  ProjectFixService - Fixing project...
2019-01-12 19:57:23,973 INFO  LocalPropertiesFixService - Created fake /var/folders/bq/vtzpc5ns5sg2cthy61lqpg3dfzgbys/T/1547297842214-0/src/NetworkUtils-master/app/local.properties
2019-01-12 19:57:23,974 INFO  ProjectFixService - Build info for "/var/folders/bq/vtzpc5ns5sg2cthy61lqpg3dfzgbys/T/1547297842214-0/src/NetworkUtils-master/app/build.gradle": [buildToolsVersion=23.0.2,compileSdkVersion=23,minSdkVersion=16,targetSdkVersion=23]
2019-01-12 19:57:23,974 INFO  LocalPropertiesFixService - Created fake /var/folders/bq/vtzpc5ns5sg2cthy61lqpg3dfzgbys/T/1547297842214-0/src/NetworkUtils-master/networkutils/local.properties
2019-01-12 19:57:23,975 INFO  ProjectFixService - Build info for "/var/folders/bq/vtzpc5ns5sg2cthy61lqpg3dfzgbys/T/1547297842214-0/src/NetworkUtils-master/networkutils/build.gradle": [buildToolsVersion=23.0.3,compileSdkVersion=23,minSdkVersion=16,targetSdkVersion=23]
2019-01-12 19:57:23,975 INFO  LocalPropertiesFixService - Created fake /var/folders/bq/vtzpc5ns5sg2cthy61lqpg3dfzgbys/T/1547297842214-0/src/NetworkUtils-master/local.properties
2019-01-12 19:57:23,976 INFO  WrapperPropertiesFixService - Gradle wrapper: https://services.gradle.org/distributions/gradle-2.10-all.zip
2019-01-12 19:57:23,976 INFO  WrapperPropertiesFixService - Gradle wrapper was changed from "-all.zip" to "-bin.zip" (https://services.gradle.org/distributions/gradle-2.10-bin.zip)
2019-01-12 19:57:23,977 INFO  ProjectFixService - Build info for "/var/folders/bq/vtzpc5ns5sg2cthy61lqpg3dfzgbys/T/1547297842214-0/src/NetworkUtils-master/build.gradle": [buildToolsVersion=23.0.2,compileSdkVersion=23,minSdkVersion=16,targetSdkVersion=23]
2019-01-12 19:57:23,977 INFO  ProjectFixService - Project was maybe fixed
2019-01-12 19:57:23,977 INFO  ProjectTaskService - Detecting possible tasks...
2019-01-12 19:57:23,977 INFO  SysUtils - Execute command: [/var/folders/bq/vtzpc5ns5sg2cthy61lqpg3dfzgbys/T/1547297842214-0/src/NetworkUtils-master/gradlew, -b, /var/folders/bq/vtzpc5ns5sg2cthy61lqpg3dfzgbys/T/1547297842214-0/src/NetworkUtils-master/app/build.gradle, -Dorg.gradle.daemon=false, -Dorg.gradle.daemon.performance.enable-monitoring=false, -Dorg.gradle.configureondemand=true, tasks]
2019-01-12 19:58:07,881 INFO  ProjectTaskService - Detected possible tasks: 72
2019-01-12 19:58:07,881 INFO  ProjectTaskService - Excluded tasks (19): lintDebug mockableAndroidJar deviceCheck lint testReleaseUnitTest uninstallRelease deviceAndroidTest uninstallDebugAndroidTest installDebugAndroidTest connectedCheck connectedDebugAndroidTest uninstallAll test check testDebugUnitTest connectedAndroidTest installDebug lintRelease uninstallDebug
2019-01-12 19:58:07,882 INFO  SysUtils - Execute command: [/var/folders/bq/vtzpc5ns5sg2cthy61lqpg3dfzgbys/T/1547297842214-0/src/NetworkUtils-master/gradlew, -b, /var/folders/bq/vtzpc5ns5sg2cthy61lqpg3dfzgbys/T/1547297842214-0/src/NetworkUtils-master/app/build.gradle, -Dorg.gradle.daemon=false, -Dorg.gradle.daemon.performance.enable-monitoring=false, -Dorg.gradle.configureondemand=true, --stacktrace, -x, lintDebug, -x, mockableAndroidJar, -x, deviceCheck, -x, lint, -x, testReleaseUnitTest, -x, uninstallRelease, -x, deviceAndroidTest, -x, uninstallDebugAndroidTest, -x, installDebugAndroidTest, -x, connectedCheck, -x, connectedDebugAndroidTest, -x, uninstallAll, -x, test, -x, check, -x, testDebugUnitTest, -x, connectedAndroidTest, -x, installDebug, -x, lintRelease, -x, uninstallDebug, build]
2019-01-12 19:58:27,420 ERROR SysUtils - Could not process external command
org.apache.commons.exec.ExecuteException: Process exited with an error: 1 (Exit value: 1)
	at org.apache.commons.exec.DefaultExecutor.executeInternal(DefaultExecutor.java:404)
	at org.apache.commons.exec.DefaultExecutor.execute(DefaultExecutor.java:166)
	at com.github.vbauer.apkmaster.util.SysUtils.execute(SysUtils.java:67)
	at com.github.vbauer.apkmaster.util.SysUtils.executeSimple(SysUtils.java:43)
	at com.github.vbauer.apkmaster.service.assembly.ProjectBuildService.buildProject(ProjectBuildService.java:78)
	at com.github.vbauer.apkmaster.service.assembly.ProjectBuildService.buildProject(ProjectBuildService.java:64)
	at com.github.vbauer.apkmaster.service.assembly.ProjectBuildService.buildProject(ProjectBuildService.java:43)
	at com.github.vbauer.apkmaster.service.FullProcessService.build(FullProcessService.java:84)
	at com.github.vbauer.apkmaster.service.FullProcessService.process(FullProcessService.java:34)
	at com.github.vbauer.apkmaster.app.MainApplication.process(MainApplication.java:38)
	at com.github.vbauer.apkmaster.app.MainApplication.main(MainApplication.java:20)
	at sun.reflect.NativeMethodAccessorImpl.invoke0(Native Method)
	at sun.reflect.NativeMethodAccessorImpl.invoke(NativeMethodAccessorImpl.java:62)
	at sun.reflect.DelegatingMethodAccessorImpl.invoke(DelegatingMethodAccessorImpl.java:43)
	at java.lang.reflect.Method.invoke(Method.java:498)
	at com.android.arsenal.util.ReflectionUtils.invoke(ReflectionUtils.java:52)
	at com.android.arsenal.util.ApkMasterUtils.main(ApkMasterUtils.java:30)
	at com.android.arsenal.service.processor.impl.BuildProcessorServiceImpl.buildProject(BuildProcessorServiceImpl.java:196)
	at com.android.arsenal.service.processor.impl.BuildProcessorServiceImpl.build(BuildProcessorServiceImpl.java:130)
	at com.android.arsenal.service.processor.impl.BuildProcessorServiceImpl.lambda$createTasks$1(BuildProcessorServiceImpl.java:113)
	at java.util.concurrent.FutureTask.run(FutureTask.java:266)
	at java.util.concurrent.Executors$RunnableAdapter.call(Executors.java:511)
	at java.util.concurrent.FutureTask.run(FutureTask.java:266)
	at java.util.concurrent.ThreadPoolExecutor.runWorker(ThreadPoolExecutor.java:1149)
	at java.util.concurrent.ThreadPoolExecutor$Worker.run(ThreadPoolExecutor.java:624)
	at java.lang.Thread.run(Thread.java:748)
2019-01-12 19:58:27,421 INFO  SysUtils - Configuration on demand is an incubating feature.
Observed package id 'build-tools;28.0.0-preview' in inconsistent location '/Users/vbauer/Library/Android/sdk/build-tools/28.0.0-rc1' (Expected '/Users/vbauer/Library/Android/sdk/build-tools/28.0.0-preview')
Observed package id 'build-tools;28.0.0-preview' in inconsistent location '/Users/vbauer/Library/Android/sdk/build-tools/28.0.0-rc2' (Expected '/Users/vbauer/Library/Android/sdk/build-tools/28.0.0-preview')
Already observed package id 'build-tools;28.0.0-preview' in '/Users/vbauer/Library/Android/sdk/build-tools/28.0.0-rc1'. Skipping duplicate at '/Users/vbauer/Library/Android/sdk/build-tools/28.0.0-rc2'
Incremental java compilation is an incubating feature.
:app:preBuild UP-TO-DATE
:app:preDebugBuild UP-TO-DATE
:app:checkDebugManifest
:app:preReleaseBuild UP-TO-DATE
:networkutils:preBuild UP-TO-DATE
:networkutils:preReleaseBuild UP-TO-DATE
:networkutils:compileReleaseNdk UP-TO-DATE
:networkutils:compileLint
:networkutils:copyReleaseLint UP-TO-DATE
:networkutils:checkReleaseManifest
:networkutils:preDebugAndroidTestBuild UP-TO-DATE
:networkutils:preDebugBuild UP-TO-DATE
:networkutils:preDebugUnitTestBuild UP-TO-DATE
:networkutils:preReleaseUnitTestBuild UP-TO-DATE
:networkutils:prepareComAndroidSupportAnimatedVectorDrawable2330Library
:networkutils:prepareComAndroidSupportAppcompatV72330Library
:networkutils:prepareComAndroidSupportSupportV42330Library
:networkutils:prepareComAndroidSupportSupportVectorDrawable2330Library
:networkutils:prepareReleaseDependencies
:networkutils:compileReleaseAidl
:networkutils:compileReleaseRenderscript
:networkutils:generateReleaseBuildConfig
:networkutils:mergeReleaseShaders
:networkutils:compileReleaseShaders
:networkutils:generateReleaseAssets
:networkutils:mergeReleaseAssets
:networkutils:generateReleaseResValues
:networkutils:generateReleaseResources
:networkutils:mergeReleaseResources
:networkutils:processReleaseManifest
:networkutils:processReleaseResources
:networkutils:generateReleaseSources
:networkutils:incrementalReleaseJavaCompilationSafeguard
:networkutils:compileReleaseJavaWithJavac
:networkutils:compileReleaseJavaWithJavac - is not incremental (e.g. outputs have changed, no previous execution, etc.).
:networkutils:extractReleaseAnnotations
:networkutils:mergeReleaseProguardFiles
:networkutils:packageReleaseRenderscript UP-TO-DATE
:networkutils:packageReleaseResources
:networkutils:processReleaseJavaRes UP-TO-DATE
:networkutils:transformResourcesWithMergeJavaResForRelease
:networkutils:transformClassesAndResourcesWithSyncLibJarsForRelease
ImmutableJarInput{name=main, file=/private/var/folders/bq/vtzpc5ns5sg2cthy61lqpg3dfzgbys/T/1547297842214-0/src/NetworkUtils-master/networkutils/build/intermediates/transforms/mergeJavaRes/release/jars/2/3/main.jar, contentTypes=RESOURCES, scopes=PROJECT,PROJECT_LOCAL_DEPS, status=NOTCHANGED}
ImmutableDirectoryInput{name=4edcbc849327110188df22c510208e6e8b92a9a9, file=/private/var/folders/bq/vtzpc5ns5sg2cthy61lqpg3dfzgbys/T/1547297842214-0/src/NetworkUtils-master/networkutils/build/intermediates/classes/release, contentTypes=CLASSES, scopes=PROJECT, changedFiles={}}
:networkutils:mergeReleaseJniLibFolders
:networkutils:transformNative_libsWithMergeJniLibsForRelease
:networkutils:transformNative_libsWithSyncJniLibsForRelease
:networkutils:bundleRelease
:app:prepareComAndroidSupportAnimatedVectorDrawable2330Library
:app:prepareComAndroidSupportAppcompatV72330Library
:app:prepareComAndroidSupportCardviewV72311Library
:app:prepareComAndroidSupportDesign2311Library
:app:prepareComAndroidSupportRecyclerviewV72320Library
:app:prepareComAndroidSupportSupportV42330Library
:app:prepareComAndroidSupportSupportVectorDrawable2330Library
:app:prepareComGithubAfollestadMaterialDialogsCore0852Library
:app:prepareComMikepenzFastadapter112Library
:app:prepareComMikepenzIconicsCore255Library
:app:prepareComMikepenzItemanimators021Library
:app:prepareComMikepenzMaterialdrawer500Library
:app:prepareComMikepenzMaterialize082Library
:app:prepareMeZhanghaiAndroidMaterialprogressbarLibrary114Library
:app:prepareNetworkUtilsMasterNetworkutilsUnspecifiedLibrary
:app:prepareDebugDependencies
:app:compileDebugAidl
:app:compileDebugRenderscript
:app:generateDebugBuildConfig
:app:mergeDebugShaders
:app:compileDebugShaders
:app:generateDebugAssets
:app:mergeDebugAssets
:app:generateDebugResValues
:app:generateDebugResources
:app:mergeDebugResources
:app:processDebugManifest
:app:processDebugResources
:app:generateDebugSources
:app:incrementalDebugJavaCompilationSafeguard
:app:compileDebugJavaWithJavac
:app:compileDebugJavaWithJavac - is not incremental (e.g. outputs have changed, no previous execution, etc.).
/private/var/folders/bq/vtzpc5ns5sg2cthy61lqpg3dfzgbys/T/1547297842214-0/src/NetworkUtils-master/app/src/main/java/com/pddstudio/networkingdemo/adapters/items/DiscoveryListItem.java:67: warning: non-varargs call of varargs method with inexact argument type for last parameter;
        arrayAdapter.addAll(DiscoveryType.values());
                                                ^
  cast to Object for a varargs call
  cast to Object[] for a non-varargs call and to suppress this warning
Note: Some input files use unchecked or unsafe operations.
Note: Recompile with -Xlint:unchecked for details.
1 warning
:app:compileDebugNdk UP-TO-DATE
:app:compileDebugSources
:app:prePackageMarkerForDebug
:app:transformClassesWithDexForDebug
Result compacted from 4807.4KiB to 3594.5KiB to save 1212.9KiB
Merged dex #1 (27 defs/30.0KiB)
Merged dex #2 (5 defs/15.3KiB)
Merged dex #3 (329 defs/536.4KiB)
Merged dex #4 (12 defs/19.2KiB)
Merged dex #5 (166 defs/225.1KiB)
Merged dex #6 (134 defs/303.4KiB)
Merged dex #7 (770 defs/937.2KiB)
Merged dex #8 (17 defs/48.5KiB)
Merged dex #9 (46 defs/88.6KiB)
Merged dex #10 (41 defs/52.7KiB)
Merged dex #11 (31 defs/46.8KiB)
Merged dex #12 (28 defs/29.9KiB)
Merged dex #13 (128 defs/158.2KiB)
Merged dex #14 (44 defs/73.0KiB)
Merged dex #15 (110 defs/178.4KiB)
Merged dex #16 (181 defs/345.9KiB)
Merged dex #17 (173 defs/181.8KiB)
Merged dex #18 (3 defs/4.3KiB)
Merged dex #19 (333 defs/262.4KiB)
Merged dex #20 (31 defs/32.6KiB)
Merged dex #21 (187 defs/306.4KiB)
Merged dex #22 (34 defs/67.9KiB)
Merged dex #23 (41 defs/6.5KiB)
Result is 2871 defs/3594.5KiB. Took 0.5s
:app:mergeDebugJniLibFolders
:app:transformNative_libsWithMergeJniLibsForDebug
:app:processDebugJavaRes UP-TO-DATE
:app:transformResourcesWithMergeJavaResForDebug
:app:validateDebugSigning
:app:packageDebug
:app:zipalignDebug
:app:assembleDebug
:app:checkReleaseManifest
:app:prepareReleaseDependencies
:app:compileReleaseAidl
:app:compileReleaseRenderscript
:app:generateReleaseBuildConfig
:app:mergeReleaseShaders
:app:compileReleaseShaders
:app:generateReleaseAssets
:app:mergeReleaseAssets
:app:generateReleaseResValues
:app:generateReleaseResources
:app:mergeReleaseResources
:app:processReleaseManifest
:app:processReleaseResources
:app:generateReleaseSources
:app:incrementalReleaseJavaCompilationSafeguard
:app:compileReleaseJavaWithJavac
:app:compileReleaseJavaWithJavac - is not incremental (e.g. outputs have changed, no previous execution, etc.).
/private/var/folders/bq/vtzpc5ns5sg2cthy61lqpg3dfzgbys/T/1547297842214-0/src/NetworkUtils-master/app/src/main/java/com/pddstudio/networkingdemo/adapters/items/DiscoveryListItem.java:67: warning: non-varargs call of varargs method with inexact argument type for last parameter;
        arrayAdapter.addAll(DiscoveryType.values());
                                                ^
  cast to Object for a varargs call
  cast to Object[] for a non-varargs call and to suppress this warning
Note: Some input files use unchecked or unsafe operations.
Note: Recompile with -Xlint:unchecked for details.
1 warning
:app:compileReleaseNdk UP-TO-DATE
:app:compileReleaseSources
:app:lintVitalRelease FAILED

FAILURE: Build failed with an exception.

* What went wrong:
Execution failed for task ':app:lintVitalRelease'.
> No toolchains found in the NDK toolchains folder for ABI with prefix: mipsel-linux-android

* Try:
Run with --info or --debug option to get more log output.

* Exception is:
org.gradle.api.tasks.TaskExecutionException: Execution failed for task ':app:lintVitalRelease'.
	at org.gradle.api.internal.tasks.execution.ExecuteActionsTaskExecuter.executeActions(ExecuteActionsTaskExecuter.java:69)
	at org.gradle.api.internal.tasks.execution.ExecuteActionsTaskExecuter.execute(ExecuteActionsTaskExecuter.java:46)
	at org.gradle.api.internal.tasks.execution.PostExecutionAnalysisTaskExecuter.execute(PostExecutionAnalysisTaskExecuter.java:35)
	at org.gradle.api.internal.tasks.execution.SkipUpToDateTaskExecuter.execute(SkipUpToDateTaskExecuter.java:64)
	at org.gradle.api.internal.tasks.execution.ValidatingTaskExecuter.execute(ValidatingTaskExecuter.java:58)
	at org.gradle.api.internal.tasks.execution.SkipEmptySourceFilesTaskExecuter.execute(SkipEmptySourceFilesTaskExecuter.java:52)
	at org.gradle.api.internal.tasks.execution.SkipTaskWithNoActionsExecuter.execute(SkipTaskWithNoActionsExecuter.java:52)
	at org.gradle.api.internal.tasks.execution.SkipOnlyIfTaskExecuter.execute(SkipOnlyIfTaskExecuter.java:53)
	at org.gradle.api.internal.tasks.execution.ExecuteAtMostOnceTaskExecuter.execute(ExecuteAtMostOnceTaskExecuter.java:43)
	at org.gradle.execution.taskgraph.DefaultTaskGraphExecuter$EventFiringTaskWorker.execute(DefaultTaskGraphExecuter.java:203)
	at org.gradle.execution.taskgraph.DefaultTaskGraphExecuter$EventFiringTaskWorker.execute(DefaultTaskGraphExecuter.java:185)
	at org.gradle.execution.taskgraph.AbstractTaskPlanExecutor$TaskExecutorWorker.processTask(AbstractTaskPlanExecutor.java:66)
	at org.gradle.execution.taskgraph.AbstractTaskPlanExecutor$TaskExecutorWorker.run(AbstractTaskPlanExecutor.java:50)
	at org.gradle.execution.taskgraph.DefaultTaskPlanExecutor.process(DefaultTaskPlanExecutor.java:25)
	at org.gradle.execution.taskgraph.DefaultTaskGraphExecuter.execute(DefaultTaskGraphExecuter.java:110)
	at org.gradle.execution.SelectedTaskExecutionAction.execute(SelectedTaskExecutionAction.java:37)
	at org.gradle.execution.DefaultBuildExecuter.execute(DefaultBuildExecuter.java:37)
	at org.gradle.execution.DefaultBuildExecuter.access$000(DefaultBuildExecuter.java:23)
	at org.gradle.execution.DefaultBuildExecuter$1.proceed(DefaultBuildExecuter.java:43)
	at org.gradle.execution.DryRunBuildExecutionAction.execute(DryRunBuildExecutionAction.java:32)
	at org.gradle.execution.DefaultBuildExecuter.execute(DefaultBuildExecuter.java:37)
	at org.gradle.execution.DefaultBuildExecuter.execute(DefaultBuildExecuter.java:30)
	at org.gradle.initialization.DefaultGradleLauncher$4.run(DefaultGradleLauncher.java:154)
	at org.gradle.internal.Factories$1.create(Factories.java:22)
	at org.gradle.internal.progress.DefaultBuildOperationExecutor.run(DefaultBuildOperationExecutor.java:90)
	at org.gradle.internal.progress.DefaultBuildOperationExecutor.run(DefaultBuildOperationExecutor.java:52)
	at org.gradle.initialization.DefaultGradleLauncher.doBuildStages(DefaultGradleLauncher.java:151)
	at org.gradle.initialization.DefaultGradleLauncher.access$200(DefaultGradleLauncher.java:32)
	at org.gradle.initialization.DefaultGradleLauncher$1.create(DefaultGradleLauncher.java:99)
	at org.gradle.initialization.DefaultGradleLauncher$1.create(DefaultGradleLauncher.java:93)
	at org.gradle.internal.progress.DefaultBuildOperationExecutor.run(DefaultBuildOperationExecutor.java:90)
	at org.gradle.internal.progress.DefaultBuildOperationExecutor.run(DefaultBuildOperationExecutor.java:62)
	at org.gradle.initialization.DefaultGradleLauncher.doBuild(DefaultGradleLauncher.java:93)
	at org.gradle.initialization.DefaultGradleLauncher.run(DefaultGradleLauncher.java:82)
	at org.gradle.launcher.exec.InProcessBuildActionExecuter$DefaultBuildController.run(InProcessBuildActionExecuter.java:94)
	at org.gradle.tooling.internal.provider.ExecuteBuildActionRunner.run(ExecuteBuildActionRunner.java:28)
	at org.gradle.launcher.exec.ChainingBuildActionRunner.run(ChainingBuildActionRunner.java:35)
	at org.gradle.launcher.exec.InProcessBuildActionExecuter.execute(InProcessBuildActionExecuter.java:43)
	at org.gradle.launcher.exec.InProcessBuildActionExecuter.execute(InProcessBuildActionExecuter.java:28)
	at org.gradle.launcher.exec.ContinuousBuildActionExecuter.execute(ContinuousBuildActionExecuter.java:78)
	at org.gradle.launcher.exec.ContinuousBuildActionExecuter.execute(ContinuousBuildActionExecuter.java:48)
	at org.gradle.launcher.exec.DaemonUsageSuggestingBuildActionExecuter.execute(DaemonUsageSuggestingBuildActionExecuter.java:51)
	at org.gradle.launcher.exec.DaemonUsageSuggestingBuildActionExecuter.execute(DaemonUsageSuggestingBuildActionExecuter.java:28)
	at org.gradle.launcher.cli.RunBuildAction.run(RunBuildAction.java:43)
	at org.gradle.internal.Actions$RunnableActionAdapter.execute(Actions.java:170)
	at org.gradle.launcher.cli.CommandLineActionFactory$ParseAndBuildAction.execute(CommandLineActionFactory.java:237)
	at org.gradle.launcher.cli.CommandLineActionFactory$ParseAndBuildAction.execute(CommandLineActionFactory.java:210)
	at org.gradle.launcher.cli.JavaRuntimeValidationAction.execute(JavaRuntimeValidationAction.java:35)
	at org.gradle.launcher.cli.JavaRuntimeValidationAction.execute(JavaRuntimeValidationAction.java:24)
	at org.gradle.launcher.cli.CommandLineActionFactory$WithLogging.execute(CommandLineActionFactory.java:206)
	at org.gradle.launcher.cli.CommandLineActionFactory$WithLogging.execute(CommandLineActionFactory.java:169)
	at org.gradle.launcher.cli.ExceptionReportingAction.execute(ExceptionReportingAction.java:33)
	at org.gradle.launcher.cli.ExceptionReportingAction.execute(ExceptionReportingAction.java:22)
	at org.gradle.launcher.Main.doAction(Main.java:33)
	at org.gradle.launcher.bootstrap.EntryPoint.run(EntryPoint.java:45)
	at org.gradle.launcher.bootstrap.ProcessBootstrap.runNoExit(ProcessBootstrap.java:54)
	at org.gradle.launcher.bootstrap.ProcessBootstrap.run(ProcessBootstrap.java:35)
	at org.gradle.launcher.GradleMain.main(GradleMain.java:23)
	at org.gradle.wrapper.BootstrapMainStarter.start(BootstrapMainStarter.java:30)
	at org.gradle.wrapper.WrapperExecutor.execute(WrapperExecutor.java:129)
	at org.gradle.wrapper.GradleWrapperMain.main(GradleWrapperMain.java:61)
Caused by: java.lang.RuntimeException: No toolchains found in the NDK toolchains folder for ABI with prefix: mipsel-linux-android
	at com.android.build.gradle.internal.NdkHandler.getDefaultToolchainVersion(NdkHandler.java:375)
	at com.android.build.gradle.internal.NdkHandler.getToolchainPath(NdkHandler.java:273)
	at com.android.build.gradle.internal.NdkHandler.getCCompiler(NdkHandler.java:461)
	at com.android.build.gradle.internal.model.ModelBuilder.createNativeToolchainModelMap(ModelBuilder.java:227)
	at com.android.build.gradle.internal.model.ModelBuilder.buildAll(ModelBuilder.java:166)
	at org.gradle.tooling.provider.model.ToolingModelBuilder$buildAll.call(Unknown Source)
	at com.android.build.gradle.tasks.Lint.createAndroidProject(Lint.groovy:256)
	at com.android.build.gradle.tasks.Lint.lint(Lint.groovy:73)
	at org.gradle.internal.reflect.JavaMethod.invoke(JavaMethod.java:75)
	at org.gradle.api.internal.project.taskfactory.AnnotationProcessingTaskFactory$StandardTaskAction.doExecute(AnnotationProcessingTaskFactory.java:227)
	at org.gradle.api.internal.project.taskfactory.AnnotationProcessingTaskFactory$StandardTaskAction.execute(AnnotationProcessingTaskFactory.java:220)
	at org.gradle.api.internal.project.taskfactory.AnnotationProcessingTaskFactory$StandardTaskAction.execute(AnnotationProcessingTaskFactory.java:209)
	at org.gradle.api.internal.AbstractTask$TaskActionWrapper.execute(AbstractTask.java:585)
	at org.gradle.api.internal.AbstractTask$TaskActionWrapper.execute(AbstractTask.java:568)
	at org.gradle.api.internal.tasks.execution.ExecuteActionsTaskExecuter.executeAction(ExecuteActionsTaskExecuter.java:80)
	at org.gradle.api.internal.tasks.execution.ExecuteActionsTaskExecuter.executeActions(ExecuteActionsTaskExecuter.java:61)
	... 60 more


BUILD FAILED

Total time: 18.948 secs

2019-01-12 19:58:27,543 INFO  FullProcessService - Found APK file: /var/folders/bq/vtzpc5ns5sg2cthy61lqpg3dfzgbys/T/1547297842214-0/src/NetworkUtils-master/app/build/outputs/apk/app-debug.apk
