2019-01-11 10:52:26,310 INFO  DownloadService - Downloading "https://github.com/TheFinestArtist/AndroidBaseUtils/archive/master.zip", attempt 3
2019-01-11 10:52:29,463 INFO  DownloadService - Downloaded https://github.com/TheFinestArtist/AndroidBaseUtils/archive/master.zip, attempt 3
2019-01-11 10:52:29,463 INFO  DownloadService - Size of file "/var/folders/bq/vtzpc5ns5sg2cthy61lqpg3dfzgbys/T/1547178746307-0/master.zip": 739 KB
2019-01-11 10:52:29,463 INFO  ArchiveUtils - Checking entries [.gradle] in ZIP file...
2019-01-11 10:52:29,469 INFO  ArchiveUtils - Has entries [.gradle] in ZIP file /var/folders/bq/vtzpc5ns5sg2cthy61lqpg3dfzgbys/T/1547178746307-0/master.zip: true
2019-01-11 10:52:29,469 DEBUG ZipUtil - Extracting '/var/folders/bq/vtzpc5ns5sg2cthy61lqpg3dfzgbys/T/1547178746307-0/master.zip' into '/var/folders/bq/vtzpc5ns5sg2cthy61lqpg3dfzgbys/T/1547178746307-0/src'.
2019-01-11 10:52:29,522 INFO  FullProcessService - Size of directory with sources: 1 MB
2019-01-11 10:52:29,522 INFO  SysUtils - Execute command: [git, init, /var/folders/bq/vtzpc5ns5sg2cthy61lqpg3dfzgbys/T/1547178746307-0/src]
2019-01-11 10:52:29,543 INFO  SysUtils - Initialized empty Git repository in /private/var/folders/bq/vtzpc5ns5sg2cthy61lqpg3dfzgbys/T/1547178746307-0/src/.git/

2019-01-11 10:52:29,549 INFO  ProjectBuildService - Gradle wrapper(s): /var/folders/bq/vtzpc5ns5sg2cthy61lqpg3dfzgbys/T/1547178746307-0/src/AndroidBaseUtils-master/gradlew
2019-01-11 10:52:29,556 INFO  ProjectBuildService - Build script(s): /var/folders/bq/vtzpc5ns5sg2cthy61lqpg3dfzgbys/T/1547178746307-0/src/AndroidBaseUtils-master/sample/build.gradle /var/folders/bq/vtzpc5ns5sg2cthy61lqpg3dfzgbys/T/1547178746307-0/src/AndroidBaseUtils-master/utils/build.gradle /var/folders/bq/vtzpc5ns5sg2cthy61lqpg3dfzgbys/T/1547178746307-0/src/AndroidBaseUtils-master/build.gradle /var/folders/bq/vtzpc5ns5sg2cthy61lqpg3dfzgbys/T/1547178746307-0/src/AndroidBaseUtils-master/annotations/build.gradle /var/folders/bq/vtzpc5ns5sg2cthy61lqpg3dfzgbys/T/1547178746307-0/src/AndroidBaseUtils-master/compilers/build.gradle
2019-01-11 10:52:29,561 INFO  ProjectBuildService - All script(s): /var/folders/bq/vtzpc5ns5sg2cthy61lqpg3dfzgbys/T/1547178746307-0/src/AndroidBaseUtils-master/utils/build.gradle /var/folders/bq/vtzpc5ns5sg2cthy61lqpg3dfzgbys/T/1547178746307-0/src/AndroidBaseUtils-master/annotations/build.gradle /var/folders/bq/vtzpc5ns5sg2cthy61lqpg3dfzgbys/T/1547178746307-0/src/AndroidBaseUtils-master/build.gradle /var/folders/bq/vtzpc5ns5sg2cthy61lqpg3dfzgbys/T/1547178746307-0/src/AndroidBaseUtils-master/sample/build.gradle /var/folders/bq/vtzpc5ns5sg2cthy61lqpg3dfzgbys/T/1547178746307-0/src/AndroidBaseUtils-master/compilers/build.gradle /var/folders/bq/vtzpc5ns5sg2cthy61lqpg3dfzgbys/T/1547178746307-0/src/AndroidBaseUtils-master/settings.gradle
2019-01-11 10:52:29,562 INFO  ProjectBuildService - Remote scripts: none
2019-01-11 10:52:29,562 INFO  ProjectFixService - Fixing project...
2019-01-11 10:52:29,576 INFO  LocalPropertiesFixService - Created fake /var/folders/bq/vtzpc5ns5sg2cthy61lqpg3dfzgbys/T/1547178746307-0/src/AndroidBaseUtils-master/sample/local.properties
2019-01-11 10:52:29,577 INFO  ProjectFixService - Build info for "/var/folders/bq/vtzpc5ns5sg2cthy61lqpg3dfzgbys/T/1547178746307-0/src/AndroidBaseUtils-master/sample/build.gradle": [buildToolsVersion=23.0.2,compileSdkVersion=23,minSdkVersion=8,targetSdkVersion=23]
2019-01-11 10:52:29,578 INFO  LocalPropertiesFixService - Created fake /var/folders/bq/vtzpc5ns5sg2cthy61lqpg3dfzgbys/T/1547178746307-0/src/AndroidBaseUtils-master/utils/local.properties
2019-01-11 10:52:29,580 INFO  ProjectFixService - Build info for "/var/folders/bq/vtzpc5ns5sg2cthy61lqpg3dfzgbys/T/1547178746307-0/src/AndroidBaseUtils-master/utils/build.gradle": [buildToolsVersion=23.0.2,compileSdkVersion=23,minSdkVersion=7,targetSdkVersion=23]
2019-01-11 10:52:29,580 INFO  LocalPropertiesFixService - Created fake /var/folders/bq/vtzpc5ns5sg2cthy61lqpg3dfzgbys/T/1547178746307-0/src/AndroidBaseUtils-master/local.properties
2019-01-11 10:52:29,581 INFO  WrapperPropertiesFixService - Gradle wrapper: https://services.gradle.org/distributions/gradle-2.10-all.zip
2019-01-11 10:52:29,581 INFO  WrapperPropertiesFixService - Gradle wrapper was changed from "-all.zip" to "-bin.zip" (https://services.gradle.org/distributions/gradle-2.10-bin.zip)
2019-01-11 10:52:29,582 INFO  ProjectFixService - Build info for "/var/folders/bq/vtzpc5ns5sg2cthy61lqpg3dfzgbys/T/1547178746307-0/src/AndroidBaseUtils-master/build.gradle": [buildToolsVersion=23.0.2,compileSdkVersion=23,minSdkVersion=7,targetSdkVersion=23]
2019-01-11 10:52:29,582 INFO  LocalPropertiesFixService - Created fake /var/folders/bq/vtzpc5ns5sg2cthy61lqpg3dfzgbys/T/1547178746307-0/src/AndroidBaseUtils-master/annotations/local.properties
2019-01-11 10:52:29,583 INFO  ProjectFixService - Build info for "/var/folders/bq/vtzpc5ns5sg2cthy61lqpg3dfzgbys/T/1547178746307-0/src/AndroidBaseUtils-master/annotations/build.gradle": [buildToolsVersion=23.0.2,compileSdkVersion=23,minSdkVersion=7,targetSdkVersion=23]
2019-01-11 10:52:29,584 INFO  LocalPropertiesFixService - Created fake /var/folders/bq/vtzpc5ns5sg2cthy61lqpg3dfzgbys/T/1547178746307-0/src/AndroidBaseUtils-master/compilers/local.properties
2019-01-11 10:52:29,585 INFO  ProjectFixService - Build info for "/var/folders/bq/vtzpc5ns5sg2cthy61lqpg3dfzgbys/T/1547178746307-0/src/AndroidBaseUtils-master/compilers/build.gradle": [buildToolsVersion=23.0.2,compileSdkVersion=23,minSdkVersion=7,targetSdkVersion=23]
2019-01-11 10:52:29,585 INFO  ProjectFixService - Project was maybe fixed
2019-01-11 10:52:29,585 INFO  ProjectTaskService - Detecting possible tasks...
2019-01-11 10:52:29,585 INFO  SysUtils - Execute command: [/var/folders/bq/vtzpc5ns5sg2cthy61lqpg3dfzgbys/T/1547178746307-0/src/AndroidBaseUtils-master/gradlew, -b, /var/folders/bq/vtzpc5ns5sg2cthy61lqpg3dfzgbys/T/1547178746307-0/src/AndroidBaseUtils-master/sample/build.gradle, -Dorg.gradle.daemon=false, -Dorg.gradle.daemon.performance.enable-monitoring=false, -Dorg.gradle.configureondemand=true, tasks]
2019-01-11 10:52:43,721 INFO  ProjectTaskService - Detected possible tasks: 72
2019-01-11 10:52:43,721 INFO  ProjectTaskService - Excluded tasks (20): lintDebug mockableAndroidJar deviceCheck lint testReleaseUnitTest uninstallRelease deviceAndroidTest uninstallDebugAndroidTest installRelease installDebugAndroidTest connectedCheck connectedDebugAndroidTest uninstallAll test check testDebugUnitTest connectedAndroidTest installDebug lintRelease uninstallDebug
2019-01-11 10:52:43,722 INFO  SysUtils - Execute command: [/var/folders/bq/vtzpc5ns5sg2cthy61lqpg3dfzgbys/T/1547178746307-0/src/AndroidBaseUtils-master/gradlew, -b, /var/folders/bq/vtzpc5ns5sg2cthy61lqpg3dfzgbys/T/1547178746307-0/src/AndroidBaseUtils-master/sample/build.gradle, -Dorg.gradle.daemon=false, -Dorg.gradle.daemon.performance.enable-monitoring=false, -Dorg.gradle.configureondemand=true, --stacktrace, -x, lintDebug, -x, mockableAndroidJar, -x, deviceCheck, -x, lint, -x, testReleaseUnitTest, -x, uninstallRelease, -x, deviceAndroidTest, -x, uninstallDebugAndroidTest, -x, installRelease, -x, installDebugAndroidTest, -x, connectedCheck, -x, connectedDebugAndroidTest, -x, uninstallAll, -x, test, -x, check, -x, testDebugUnitTest, -x, connectedAndroidTest, -x, installDebug, -x, lintRelease, -x, uninstallDebug, build]
2019-01-11 10:52:57,770 ERROR SysUtils - Could not process external command
org.apache.commons.exec.ExecuteException: Process exited with an error: 1 (Exit value: 1)
	at org.apache.commons.exec.DefaultExecutor.executeInternal(DefaultExecutor.java:404)
	at org.apache.commons.exec.DefaultExecutor.execute(DefaultExecutor.java:166)
	at com.github.vbauer.apkmaster.util.SysUtils.execute(SysUtils.java:67)
	at com.github.vbauer.apkmaster.util.SysUtils.executeSimple(SysUtils.java:43)
	at com.github.vbauer.apkmaster.service.assembly.ProjectBuildService.buildProject(ProjectBuildService.java:78)
	at com.github.vbauer.apkmaster.service.assembly.ProjectBuildService.buildProject(ProjectBuildService.java:64)
	at com.github.vbauer.apkmaster.service.assembly.ProjectBuildService.buildProject(ProjectBuildService.java:43)
	at com.github.vbauer.apkmaster.service.FullProcessService.build(FullProcessService.java:84)
	at com.github.vbauer.apkmaster.service.FullProcessService.process(FullProcessService.java:34)
	at com.github.vbauer.apkmaster.app.MainApplication.process(MainApplication.java:38)
	at com.github.vbauer.apkmaster.app.MainApplication.main(MainApplication.java:20)
	at sun.reflect.GeneratedMethodAccessor9.invoke(Unknown Source)
	at sun.reflect.DelegatingMethodAccessorImpl.invoke(DelegatingMethodAccessorImpl.java:43)
	at java.lang.reflect.Method.invoke(Method.java:498)
	at com.android.arsenal.util.ReflectionUtils.invoke(ReflectionUtils.java:52)
	at com.android.arsenal.util.ApkMasterUtils.main(ApkMasterUtils.java:30)
	at com.android.arsenal.service.processor.impl.BuildProcessorServiceImpl.buildProject(BuildProcessorServiceImpl.java:196)
	at com.android.arsenal.service.processor.impl.BuildProcessorServiceImpl.build(BuildProcessorServiceImpl.java:130)
	at com.android.arsenal.service.processor.impl.BuildProcessorServiceImpl.lambda$createTasks$1(BuildProcessorServiceImpl.java:113)
	at java.util.concurrent.FutureTask.run(FutureTask.java:266)
	at java.util.concurrent.Executors$RunnableAdapter.call(Executors.java:511)
	at java.util.concurrent.FutureTask.run(FutureTask.java:266)
	at java.util.concurrent.ThreadPoolExecutor.runWorker(ThreadPoolExecutor.java:1149)
	at java.util.concurrent.ThreadPoolExecutor$Worker.run(ThreadPoolExecutor.java:624)
	at java.lang.Thread.run(Thread.java:748)
2019-01-11 10:52:57,770 INFO  SysUtils - Configuration on demand is an incubating feature.
Observed package id 'build-tools;28.0.0-preview' in inconsistent location '/Users/vbauer/Library/Android/sdk/build-tools/28.0.0-rc1' (Expected '/Users/vbauer/Library/Android/sdk/build-tools/28.0.0-preview')
Observed package id 'build-tools;28.0.0-preview' in inconsistent location '/Users/vbauer/Library/Android/sdk/build-tools/28.0.0-rc2' (Expected '/Users/vbauer/Library/Android/sdk/build-tools/28.0.0-preview')
Already observed package id 'build-tools;28.0.0-preview' in '/Users/vbauer/Library/Android/sdk/build-tools/28.0.0-rc1'. Skipping duplicate at '/Users/vbauer/Library/Android/sdk/build-tools/28.0.0-rc2'
Incremental java compilation is an incubating feature.
:annotations:compileJava
:annotations:processResources UP-TO-DATE
:annotations:classes
:annotations:jar
:compilers:compileJava
:compilers:processResources
:compilers:classes
:compilers:jar
:sample:preBuild UP-TO-DATE
:sample:preDebugBuild UP-TO-DATE
:sample:checkDebugManifest
:sample:preReleaseBuild UP-TO-DATE
:utils:preBuild UP-TO-DATE
:utils:preReleaseBuild UP-TO-DATE
:utils:compileReleaseNdk UP-TO-DATE
:utils:compileLint
:utils:copyReleaseLint UP-TO-DATE
:utils:checkReleaseManifest
:utils:preDebugAndroidTestBuild UP-TO-DATE
:utils:preDebugBuild UP-TO-DATE
:utils:preDebugUnitTestBuild UP-TO-DATE
:utils:preReleaseUnitTestBuild UP-TO-DATE
:utils:prepareComAndroidSupportAnimatedVectorDrawable2330Library
:utils:prepareComAndroidSupportAppcompatV72330Library
:utils:prepareComAndroidSupportSupportV42330Library
:utils:prepareComAndroidSupportSupportVectorDrawable2330Library
:utils:prepareReleaseDependencies
:utils:compileReleaseAidl
:utils:compileReleaseRenderscript
:utils:generateReleaseBuildConfig
:utils:mergeReleaseShaders
:utils:compileReleaseShaders
:utils:generateReleaseAssets
:utils:mergeReleaseAssets
:utils:generateReleaseResValues
:utils:generateReleaseResources
:utils:mergeReleaseResources
:utils:processReleaseManifest
:utils:processReleaseResources
:utils:generateReleaseSources
:utils:incrementalReleaseJavaCompilationSafeguard
:utils:compileReleaseJavaWithJavac
:utils:compileReleaseJavaWithJavac - is not incremental (e.g. outputs have changed, no previous execution, etc.).
Note: Some input files use or override a deprecated API.
Note: Recompile with -Xlint:deprecation for details.
Note: Some input files use unchecked or unsafe operations.
Note: Recompile with -Xlint:unchecked for details.
:utils:extractReleaseAnnotations
:utils:mergeReleaseProguardFiles
:utils:packageReleaseRenderscript UP-TO-DATE
:utils:packageReleaseResources
:utils:processReleaseJavaRes UP-TO-DATE
:utils:transformResourcesWithMergeJavaResForRelease
:utils:transformClassesAndResourcesWithSyncLibJarsForRelease
:utils:mergeReleaseJniLibFolders
:utils:transformNative_libsWithMergeJniLibsForRelease
:utils:transformNative_libsWithSyncJniLibsForRelease
:utils:bundleRelease
:sample:prepareAndroidBaseUtilsMasterUtilsUnspecifiedLibrary
:sample:prepareComAndroidSupportAnimatedVectorDrawable2330Library
:sample:prepareComAndroidSupportAppcompatV72330Library
:sample:prepareComAndroidSupportSupportV42330Library
:sample:prepareComAndroidSupportSupportVectorDrawable2330Library
:sample:prepareDebugDependencies
:sample:compileDebugAidl
:sample:compileDebugRenderscript
:sample:generateDebugBuildConfig
:sample:mergeDebugShaders
:sample:compileDebugShaders
:sample:generateDebugAssets
:sample:mergeDebugAssets
:sample:generateDebugResValues
:sample:generateDebugResources
:sample:mergeDebugResources
:sample:processDebugManifest
:sample:processDebugResources
:sample:generateDebugSources
:sample:incrementalDebugJavaCompilationSafeguard
:sample:compileDebugJavaWithJavacNote: Some input files use unchecked or unsafe operations.
Note: Recompile with -Xlint:unchecked for details.

:sample:compileDebugNdk UP-TO-DATE
:sample:compileDebugSources
:sample:prePackageMarkerForDebug
:sample:transformClassesWithDexForDebugDex: Error converting bytecode to dex:
Cause: Dex cannot parse version 52 byte code.
This is caused by library dependencies that have been compiled using Java 8 or above.
If you are using the 'java' gradle plugin in a library submodule add 
targetCompatibility = '1.7'
sourceCompatibility = '1.7'
to that submodule's build.gradle file.
    UNEXPECTED TOP-LEVEL EXCEPTION:
    java.lang.RuntimeException: Exception parsing classes
    	at com.android.dx.command.dexer.Main.processClass(Main.java:761)
    	at com.android.dx.command.dexer.Main.processFileBytes(Main.java:727)
    	at com.android.dx.command.dexer.Main.access$1200(Main.java:87)
    	at com.android.dx.command.dexer.Main$FileBytesConsumer.processFileBytes(Main.java:1655)
    	at com.android.dx.cf.direct.ClassPathOpener.processArchive(ClassPathOpener.java:284)
    	at com.android.dx.cf.direct.ClassPathOpener.processOne(ClassPathOpener.java:166)
    	at com.android.dx.cf.direct.ClassPathOpener.process(ClassPathOpener.java:144)
    	at com.android.dx.command.dexer.Main.processOne(Main.java:681)
    	at com.android.dx.command.dexer.Main.processAllFiles(Main.java:578)
    	at com.android.dx.command.dexer.Main.runMonoDex(Main.java:315)
    	at com.android.dx.command.dexer.Main.run(Main.java:286)
    	at com.android.builder.internal.compiler.DexWrapper.run(DexWrapper.java:52)
    	at com.android.builder.core.AndroidBuilder$2.call(AndroidBuilder.java:1511)
    	at com.android.builder.core.AndroidBuilder$2.call(AndroidBuilder.java:1507)
    	at java.util.concurrent.FutureTask.run(FutureTask.java:266)
    	at java.util.concurrent.ThreadPoolExecutor.runWorker(ThreadPoolExecutor.java:1149)
    	at java.util.concurrent.ThreadPoolExecutor$Worker.run(ThreadPoolExecutor.java:624)
    	at java.lang.Thread.run(Thread.java:748)
    Caused by: com.android.dx.cf.iface.ParseException: bad class file magic (cafebabe) or version (0034.0000)
    	at com.android.dx.cf.direct.DirectClassFile.parse0(DirectClassFile.java:472)
    	at com.android.dx.cf.direct.DirectClassFile.parse(DirectClassFile.java:406)
    	at com.android.dx.cf.direct.DirectClassFile.parseToInterfacesIfNecessary(DirectClassFile.java:388)
    	at com.android.dx.cf.direct.DirectClassFile.getMagic(DirectClassFile.java:251)
    	at com.android.dx.command.dexer.Main.parseClass(Main.java:773)
    	at com.android.dx.command.dexer.Main.access$1600(Main.java:87)
    	at com.android.dx.command.dexer.Main$ClassParserTask.call(Main.java:1694)
    	at com.android.dx.command.dexer.Main.processClass(Main.java:758)
    	... 17 more
    
1 error; aborting
 FAILED

FAILURE: Build failed with an exception.

* What went wrong:
Execution failed for task ':sample:transformClassesWithDexForDebug'.
> com.android.build.api.transform.TransformException: java.lang.RuntimeException: com.android.ide.common.process.ProcessException: java.util.concurrent.ExecutionException: com.android.ide.common.process.ProcessException: Return code 1 for dex process

* Try:
Run with --info or --debug option to get more log output.

* Exception is:
org.gradle.api.tasks.TaskExecutionException: Execution failed for task ':sample:transformClassesWithDexForDebug'.
	at org.gradle.api.internal.tasks.execution.ExecuteActionsTaskExecuter.executeActions(ExecuteActionsTaskExecuter.java:69)
	at org.gradle.api.internal.tasks.execution.ExecuteActionsTaskExecuter.execute(ExecuteActionsTaskExecuter.java:46)
	at org.gradle.api.internal.tasks.execution.PostExecutionAnalysisTaskExecuter.execute(PostExecutionAnalysisTaskExecuter.java:35)
	at org.gradle.api.internal.tasks.execution.SkipUpToDateTaskExecuter.execute(SkipUpToDateTaskExecuter.java:64)
	at org.gradle.api.internal.tasks.execution.ValidatingTaskExecuter.execute(ValidatingTaskExecuter.java:58)
	at org.gradle.api.internal.tasks.execution.SkipEmptySourceFilesTaskExecuter.execute(SkipEmptySourceFilesTaskExecuter.java:52)
	at org.gradle.api.internal.tasks.execution.SkipTaskWithNoActionsExecuter.execute(SkipTaskWithNoActionsExecuter.java:52)
	at org.gradle.api.internal.tasks.execution.SkipOnlyIfTaskExecuter.execute(SkipOnlyIfTaskExecuter.java:53)
	at org.gradle.api.internal.tasks.execution.ExecuteAtMostOnceTaskExecuter.execute(ExecuteAtMostOnceTaskExecuter.java:43)
	at org.gradle.execution.taskgraph.DefaultTaskGraphExecuter$EventFiringTaskWorker.execute(DefaultTaskGraphExecuter.java:203)
	at org.gradle.execution.taskgraph.DefaultTaskGraphExecuter$EventFiringTaskWorker.execute(DefaultTaskGraphExecuter.java:185)
	at org.gradle.execution.taskgraph.AbstractTaskPlanExecutor$TaskExecutorWorker.processTask(AbstractTaskPlanExecutor.java:66)
	at org.gradle.execution.taskgraph.AbstractTaskPlanExecutor$TaskExecutorWorker.run(AbstractTaskPlanExecutor.java:50)
	at org.gradle.execution.taskgraph.DefaultTaskPlanExecutor.process(DefaultTaskPlanExecutor.java:25)
	at org.gradle.execution.taskgraph.DefaultTaskGraphExecuter.execute(DefaultTaskGraphExecuter.java:110)
	at org.gradle.execution.SelectedTaskExecutionAction.execute(SelectedTaskExecutionAction.java:37)
	at org.gradle.execution.DefaultBuildExecuter.execute(DefaultBuildExecuter.java:37)
	at org.gradle.execution.DefaultBuildExecuter.access$000(DefaultBuildExecuter.java:23)
	at org.gradle.execution.DefaultBuildExecuter$1.proceed(DefaultBuildExecuter.java:43)
	at org.gradle.execution.DryRunBuildExecutionAction.execute(DryRunBuildExecutionAction.java:32)
	at org.gradle.execution.DefaultBuildExecuter.execute(DefaultBuildExecuter.java:37)
	at org.gradle.execution.DefaultBuildExecuter.execute(DefaultBuildExecuter.java:30)
	at org.gradle.initialization.DefaultGradleLauncher$4.run(DefaultGradleLauncher.java:154)
	at org.gradle.internal.Factories$1.create(Factories.java:22)
	at org.gradle.internal.progress.DefaultBuildOperationExecutor.run(DefaultBuildOperationExecutor.java:90)
	at org.gradle.internal.progress.DefaultBuildOperationExecutor.run(DefaultBuildOperationExecutor.java:52)
	at org.gradle.initialization.DefaultGradleLauncher.doBuildStages(DefaultGradleLauncher.java:151)
	at org.gradle.initialization.DefaultGradleLauncher.access$200(DefaultGradleLauncher.java:32)
	at org.gradle.initialization.DefaultGradleLauncher$1.create(DefaultGradleLauncher.java:99)
	at org.gradle.initialization.DefaultGradleLauncher$1.create(DefaultGradleLauncher.java:93)
	at org.gradle.internal.progress.DefaultBuildOperationExecutor.run(DefaultBuildOperationExecutor.java:90)
	at org.gradle.internal.progress.DefaultBuildOperationExecutor.run(DefaultBuildOperationExecutor.java:62)
	at org.gradle.initialization.DefaultGradleLauncher.doBuild(DefaultGradleLauncher.java:93)
	at org.gradle.initialization.DefaultGradleLauncher.run(DefaultGradleLauncher.java:82)
	at org.gradle.launcher.exec.InProcessBuildActionExecuter$DefaultBuildController.run(InProcessBuildActionExecuter.java:94)
	at org.gradle.tooling.internal.provider.ExecuteBuildActionRunner.run(ExecuteBuildActionRunner.java:28)
	at org.gradle.launcher.exec.ChainingBuildActionRunner.run(ChainingBuildActionRunner.java:35)
	at org.gradle.launcher.exec.InProcessBuildActionExecuter.execute(InProcessBuildActionExecuter.java:43)
	at org.gradle.launcher.exec.InProcessBuildActionExecuter.execute(InProcessBuildActionExecuter.java:28)
	at org.gradle.launcher.exec.ContinuousBuildActionExecuter.execute(ContinuousBuildActionExecuter.java:78)
	at org.gradle.launcher.exec.ContinuousBuildActionExecuter.execute(ContinuousBuildActionExecuter.java:48)
	at org.gradle.launcher.exec.DaemonUsageSuggestingBuildActionExecuter.execute(DaemonUsageSuggestingBuildActionExecuter.java:51)
	at org.gradle.launcher.exec.DaemonUsageSuggestingBuildActionExecuter.execute(DaemonUsageSuggestingBuildActionExecuter.java:28)
	at org.gradle.launcher.cli.RunBuildAction.run(RunBuildAction.java:43)
	at org.gradle.internal.Actions$RunnableActionAdapter.execute(Actions.java:170)
	at org.gradle.launcher.cli.CommandLineActionFactory$ParseAndBuildAction.execute(CommandLineActionFactory.java:237)
	at org.gradle.launcher.cli.CommandLineActionFactory$ParseAndBuildAction.execute(CommandLineActionFactory.java:210)
	at org.gradle.launcher.cli.JavaRuntimeValidationAction.execute(JavaRuntimeValidationAction.java:35)
	at org.gradle.launcher.cli.JavaRuntimeValidationAction.execute(JavaRuntimeValidationAction.java:24)
	at org.gradle.launcher.cli.CommandLineActionFactory$WithLogging.execute(CommandLineActionFactory.java:206)
	at org.gradle.launcher.cli.CommandLineActionFactory$WithLogging.execute(CommandLineActionFactory.java:169)
	at org.gradle.launcher.cli.ExceptionReportingAction.execute(ExceptionReportingAction.java:33)
	at org.gradle.launcher.cli.ExceptionReportingAction.execute(ExceptionReportingAction.java:22)
	at org.gradle.launcher.Main.doAction(Main.java:33)
	at org.gradle.launcher.bootstrap.EntryPoint.run(EntryPoint.java:45)
	at org.gradle.launcher.bootstrap.ProcessBootstrap.runNoExit(ProcessBootstrap.java:54)
	at org.gradle.launcher.bootstrap.ProcessBootstrap.run(ProcessBootstrap.java:35)
	at org.gradle.launcher.GradleMain.main(GradleMain.java:23)
	at org.gradle.wrapper.BootstrapMainStarter.start(BootstrapMainStarter.java:30)
	at org.gradle.wrapper.WrapperExecutor.execute(WrapperExecutor.java:129)
	at org.gradle.wrapper.GradleWrapperMain.main(GradleWrapperMain.java:61)
Caused by: java.lang.RuntimeException: com.android.build.api.transform.TransformException: java.lang.RuntimeException: com.android.ide.common.process.ProcessException: java.util.concurrent.ExecutionException: com.android.ide.common.process.ProcessException: Return code 1 for dex process
	at com.android.builder.profile.Recorder$Block.handleException(Recorder.java:54)
	at com.android.builder.profile.ThreadRecorder$1.record(ThreadRecorder.java:57)
	at com.android.builder.profile.ThreadRecorder$1.record(ThreadRecorder.java:47)
	at com.android.build.gradle.internal.pipeline.TransformTask.transform(TransformTask.java:173)
	at org.gradle.internal.reflect.JavaMethod.invoke(JavaMethod.java:75)
	at org.gradle.api.internal.project.taskfactory.AnnotationProcessingTaskFactory$IncrementalTaskAction.doExecute(AnnotationProcessingTaskFactory.java:244)
	at org.gradle.api.internal.project.taskfactory.AnnotationProcessingTaskFactory$StandardTaskAction.execute(AnnotationProcessingTaskFactory.java:220)
	at org.gradle.api.internal.project.taskfactory.AnnotationProcessingTaskFactory$IncrementalTaskAction.execute(AnnotationProcessingTaskFactory.java:231)
	at org.gradle.api.internal.project.taskfactory.AnnotationProcessingTaskFactory$StandardTaskAction.execute(AnnotationProcessingTaskFactory.java:209)
	at org.gradle.api.internal.tasks.execution.ExecuteActionsTaskExecuter.executeAction(ExecuteActionsTaskExecuter.java:80)
	at org.gradle.api.internal.tasks.execution.ExecuteActionsTaskExecuter.executeActions(ExecuteActionsTaskExecuter.java:61)
	... 60 more
Caused by: com.android.build.api.transform.TransformException: java.lang.RuntimeException: com.android.ide.common.process.ProcessException: java.util.concurrent.ExecutionException: com.android.ide.common.process.ProcessException: Return code 1 for dex process
	at com.android.build.gradle.internal.transforms.DexTransform.transform(DexTransform.java:423)
	at com.android.build.gradle.internal.pipeline.TransformTask$3.call(TransformTask.java:178)
	at com.android.build.gradle.internal.pipeline.TransformTask$3.call(TransformTask.java:174)
	at com.android.builder.profile.ThreadRecorder$1.record(ThreadRecorder.java:55)
	... 69 more
Caused by: java.lang.RuntimeException: com.android.ide.common.process.ProcessException: java.util.concurrent.ExecutionException: com.android.ide.common.process.ProcessException: Return code 1 for dex process
	at com.android.ide.common.internal.WaitableExecutor.waitForTasksWithQuickFail(WaitableExecutor.java:119)
	at com.android.build.gradle.internal.transforms.DexTransform.transform(DexTransform.java:364)
	... 72 more
Caused by: com.android.ide.common.process.ProcessException: java.util.concurrent.ExecutionException: com.android.ide.common.process.ProcessException: Return code 1 for dex process
	at com.android.builder.core.AndroidBuilder.dexInProcess(AndroidBuilder.java:1518)
	at com.android.builder.core.AndroidBuilder.runDexer(AndroidBuilder.java:1493)
	at com.android.builder.core.AndroidBuilder.preDexLibraryNoCache(AndroidBuilder.java:1766)
	at com.android.builder.internal.compiler.PreDexCache.preDexLibrary(PreDexCache.java:119)
	at com.android.builder.core.AndroidBuilder.preDexLibrary(AndroidBuilder.java:1721)
	at com.android.build.gradle.internal.transforms.DexTransform$PreDexTask.call(DexTransform.java:473)
	at com.android.build.gradle.internal.transforms.DexTransform$PreDexTask.call(DexTransform.java:427)
Caused by: java.util.concurrent.ExecutionException: com.android.ide.common.process.ProcessException: Return code 1 for dex process
	at com.android.builder.core.AndroidBuilder.dexInProcess(AndroidBuilder.java:1507)
	... 6 more
Caused by: com.android.ide.common.process.ProcessException: Return code 1 for dex process
	at com.android.builder.internal.compiler.DexWrapper$DexProcessResult.assertNormalExitValue(DexWrapper.java:105)
	at com.android.builder.core.AndroidBuilder$2.call(AndroidBuilder.java:1512)
	at com.android.builder.core.AndroidBuilder$2.call(AndroidBuilder.java:1507)


BUILD FAILED

Total time: 13.492 secs

2019-01-11 10:52:57,851 INFO  ProjectTaskService - Detecting possible tasks...
2019-01-11 10:52:57,852 INFO  SysUtils - Execute command: [/var/folders/bq/vtzpc5ns5sg2cthy61lqpg3dfzgbys/T/1547178746307-0/src/AndroidBaseUtils-master/gradlew, -b, /var/folders/bq/vtzpc5ns5sg2cthy61lqpg3dfzgbys/T/1547178746307-0/src/AndroidBaseUtils-master/utils/build.gradle, -Dorg.gradle.daemon=false, -Dorg.gradle.daemon.performance.enable-monitoring=false, -Dorg.gradle.configureondemand=true, tasks]
2019-01-11 10:53:03,827 ERROR ProjectTaskService - Could not detect possible Gradle tasks: Process exited with an error: 1 (Exit value: 1)
2019-01-11 10:53:03,827 INFO  ProjectTaskService - Detected possible tasks: 0
2019-01-11 10:53:03,827 INFO  ProjectTaskService - Excluded tasks (0): none
2019-01-11 10:53:03,827 INFO  SysUtils - Execute command: [/var/folders/bq/vtzpc5ns5sg2cthy61lqpg3dfzgbys/T/1547178746307-0/src/AndroidBaseUtils-master/gradlew, -b, /var/folders/bq/vtzpc5ns5sg2cthy61lqpg3dfzgbys/T/1547178746307-0/src/AndroidBaseUtils-master/utils/build.gradle, -Dorg.gradle.daemon=false, -Dorg.gradle.daemon.performance.enable-monitoring=false, -Dorg.gradle.configureondemand=true, --stacktrace, build]
2019-01-11 10:53:13,170 ERROR SysUtils - Could not process external command
org.apache.commons.exec.ExecuteException: Process exited with an error: 1 (Exit value: 1)
	at org.apache.commons.exec.DefaultExecutor.executeInternal(DefaultExecutor.java:404)
	at org.apache.commons.exec.DefaultExecutor.execute(DefaultExecutor.java:166)
	at com.github.vbauer.apkmaster.util.SysUtils.execute(SysUtils.java:67)
	at com.github.vbauer.apkmaster.util.SysUtils.executeSimple(SysUtils.java:43)
	at com.github.vbauer.apkmaster.service.assembly.ProjectBuildService.buildProject(ProjectBuildService.java:78)
	at com.github.vbauer.apkmaster.service.assembly.ProjectBuildService.buildProject(ProjectBuildService.java:64)
	at com.github.vbauer.apkmaster.service.assembly.ProjectBuildService.buildProject(ProjectBuildService.java:43)
	at com.github.vbauer.apkmaster.service.FullProcessService.build(FullProcessService.java:84)
	at com.github.vbauer.apkmaster.service.FullProcessService.process(FullProcessService.java:34)
	at com.github.vbauer.apkmaster.app.MainApplication.process(MainApplication.java:38)
	at com.github.vbauer.apkmaster.app.MainApplication.main(MainApplication.java:20)
	at sun.reflect.GeneratedMethodAccessor9.invoke(Unknown Source)
	at sun.reflect.DelegatingMethodAccessorImpl.invoke(DelegatingMethodAccessorImpl.java:43)
	at java.lang.reflect.Method.invoke(Method.java:498)
	at com.android.arsenal.util.ReflectionUtils.invoke(ReflectionUtils.java:52)
	at com.android.arsenal.util.ApkMasterUtils.main(ApkMasterUtils.java:30)
	at com.android.arsenal.service.processor.impl.BuildProcessorServiceImpl.buildProject(BuildProcessorServiceImpl.java:196)
	at com.android.arsenal.service.processor.impl.BuildProcessorServiceImpl.build(BuildProcessorServiceImpl.java:130)
	at com.android.arsenal.service.processor.impl.BuildProcessorServiceImpl.lambda$createTasks$1(BuildProcessorServiceImpl.java:113)
	at java.util.concurrent.FutureTask.run(FutureTask.java:266)
	at java.util.concurrent.Executors$RunnableAdapter.call(Executors.java:511)
	at java.util.concurrent.FutureTask.run(FutureTask.java:266)
	at java.util.concurrent.ThreadPoolExecutor.runWorker(ThreadPoolExecutor.java:1149)
	at java.util.concurrent.ThreadPoolExecutor$Worker.run(ThreadPoolExecutor.java:624)
	at java.lang.Thread.run(Thread.java:748)
2019-01-11 10:53:13,170 INFO  SysUtils - Configuration on demand is an incubating feature.
Observed package id 'build-tools;28.0.0-preview' in inconsistent location '/Users/vbauer/Library/Android/sdk/build-tools/28.0.0-rc1' (Expected '/Users/vbauer/Library/Android/sdk/build-tools/28.0.0-preview')
Observed package id 'build-tools;28.0.0-preview' in inconsistent location '/Users/vbauer/Library/Android/sdk/build-tools/28.0.0-rc2' (Expected '/Users/vbauer/Library/Android/sdk/build-tools/28.0.0-preview')
Already observed package id 'build-tools;28.0.0-preview' in '/Users/vbauer/Library/Android/sdk/build-tools/28.0.0-rc1'. Skipping duplicate at '/Users/vbauer/Library/Android/sdk/build-tools/28.0.0-rc2'
Incremental java compilation is an incubating feature.
:utils:preBuild UP-TO-DATE
:utils:preDebugBuild UP-TO-DATE
:utils:compileDebugNdk UP-TO-DATE
:utils:compileLint
:utils:copyDebugLint UP-TO-DATE
:annotations:compileJava UP-TO-DATE
:annotations:processResources UP-TO-DATE
:annotations:classes UP-TO-DATE
:annotations:jar UP-TO-DATE
:utils:checkDebugManifest
:utils:preDebugAndroidTestBuild UP-TO-DATE
:utils:preDebugUnitTestBuild UP-TO-DATE
:utils:preReleaseBuild UP-TO-DATE
:utils:preReleaseUnitTestBuild UP-TO-DATE
:utils:prepareComAndroidSupportAnimatedVectorDrawable2330Library UP-TO-DATE
:utils:prepareComAndroidSupportAppcompatV72330Library UP-TO-DATE
:utils:prepareComAndroidSupportSupportV42330Library UP-TO-DATE
:utils:prepareComAndroidSupportSupportVectorDrawable2330Library UP-TO-DATE
:utils:prepareDebugDependencies
:utils:compileDebugAidl
:utils:compileDebugRenderscript
:utils:generateDebugBuildConfig
:utils:mergeDebugShaders
:utils:compileDebugShaders
:utils:generateDebugAssets
:utils:mergeDebugAssets
:utils:generateDebugResValues
:utils:generateDebugResources
:utils:mergeDebugResources
:utils:processDebugManifest
:utils:processDebugResources
:utils:generateDebugSources
:utils:incrementalDebugJavaCompilationSafeguard
:utils:compileDebugJavaWithJavac
:utils:compileDebugJavaWithJavac - is not incremental (e.g. outputs have changed, no previous execution, etc.).
Note: Some input files use or override a deprecated API.
Note: Recompile with -Xlint:deprecation for details.
Note: Some input files use unchecked or unsafe operations.
Note: Recompile with -Xlint:unchecked for details.
:utils:extractDebugAnnotations
:utils:mergeDebugProguardFiles
:utils:packageDebugRenderscript UP-TO-DATE
:utils:packageDebugResources
:utils:processDebugJavaRes UP-TO-DATE
:utils:transformResourcesWithMergeJavaResForDebug
:utils:transformClassesAndResourcesWithSyncLibJarsForDebug
:utils:mergeDebugJniLibFolders
:utils:transformNative_libsWithMergeJniLibsForDebug
:utils:transformNative_libsWithSyncJniLibsForDebug
:utils:bundleDebug
:utils:compileDebugSources
:utils:assembleDebug
:utils:compileReleaseNdk UP-TO-DATE
:utils:copyReleaseLint UP-TO-DATE
:utils:checkReleaseManifest
:utils:prepareReleaseDependencies
:utils:compileReleaseAidl UP-TO-DATE
:utils:compileReleaseRenderscript UP-TO-DATE
:utils:generateReleaseBuildConfig UP-TO-DATE
:utils:mergeReleaseShaders UP-TO-DATE
:utils:compileReleaseShaders UP-TO-DATE
:utils:generateReleaseAssets UP-TO-DATE
:utils:mergeReleaseAssets UP-TO-DATE
:utils:generateReleaseResValues UP-TO-DATE
:utils:generateReleaseResources UP-TO-DATE
:utils:mergeReleaseResources UP-TO-DATE
:utils:processReleaseManifest UP-TO-DATE
:utils:processReleaseResources UP-TO-DATE
:utils:generateReleaseSources UP-TO-DATE
:utils:incrementalReleaseJavaCompilationSafeguard UP-TO-DATE
:utils:compileReleaseJavaWithJavac UP-TO-DATE
:utils:extractReleaseAnnotations UP-TO-DATE
:utils:mergeReleaseProguardFiles UP-TO-DATE
:utils:packageReleaseRenderscript UP-TO-DATE
:utils:packageReleaseResources UP-TO-DATE
:utils:processReleaseJavaRes UP-TO-DATE
:utils:transformResourcesWithMergeJavaResForRelease UP-TO-DATE
:utils:transformClassesAndResourcesWithSyncLibJarsForRelease UP-TO-DATE
:utils:mergeReleaseJniLibFolders UP-TO-DATE
:utils:transformNative_libsWithMergeJniLibsForRelease UP-TO-DATE
:utils:transformNative_libsWithSyncJniLibsForRelease UP-TO-DATE
:utils:bundleRelease UP-TO-DATE
:utils:compileReleaseSources UP-TO-DATE
:utils:assembleRelease UP-TO-DATE
:utils:assemble
:utils:lint FAILED

FAILURE: Build failed with an exception.

* What went wrong:
Execution failed for task ':utils:lint'.
> No toolchains found in the NDK toolchains folder for ABI with prefix: mipsel-linux-android

* Try:
Run with --info or --debug option to get more log output.

* Exception is:
org.gradle.api.tasks.TaskExecutionException: Execution failed for task ':utils:lint'.
	at org.gradle.api.internal.tasks.execution.ExecuteActionsTaskExecuter.executeActions(ExecuteActionsTaskExecuter.java:69)
	at org.gradle.api.internal.tasks.execution.ExecuteActionsTaskExecuter.execute(ExecuteActionsTaskExecuter.java:46)
	at org.gradle.api.internal.tasks.execution.PostExecutionAnalysisTaskExecuter.execute(PostExecutionAnalysisTaskExecuter.java:35)
	at org.gradle.api.internal.tasks.execution.SkipUpToDateTaskExecuter.execute(SkipUpToDateTaskExecuter.java:64)
	at org.gradle.api.internal.tasks.execution.ValidatingTaskExecuter.execute(ValidatingTaskExecuter.java:58)
	at org.gradle.api.internal.tasks.execution.SkipEmptySourceFilesTaskExecuter.execute(SkipEmptySourceFilesTaskExecuter.java:52)
	at org.gradle.api.internal.tasks.execution.SkipTaskWithNoActionsExecuter.execute(SkipTaskWithNoActionsExecuter.java:52)
	at org.gradle.api.internal.tasks.execution.SkipOnlyIfTaskExecuter.execute(SkipOnlyIfTaskExecuter.java:53)
	at org.gradle.api.internal.tasks.execution.ExecuteAtMostOnceTaskExecuter.execute(ExecuteAtMostOnceTaskExecuter.java:43)
	at org.gradle.execution.taskgraph.DefaultTaskGraphExecuter$EventFiringTaskWorker.execute(DefaultTaskGraphExecuter.java:203)
	at org.gradle.execution.taskgraph.DefaultTaskGraphExecuter$EventFiringTaskWorker.execute(DefaultTaskGraphExecuter.java:185)
	at org.gradle.execution.taskgraph.AbstractTaskPlanExecutor$TaskExecutorWorker.processTask(AbstractTaskPlanExecutor.java:66)
	at org.gradle.execution.taskgraph.AbstractTaskPlanExecutor$TaskExecutorWorker.run(AbstractTaskPlanExecutor.java:50)
	at org.gradle.execution.taskgraph.DefaultTaskPlanExecutor.process(DefaultTaskPlanExecutor.java:25)
	at org.gradle.execution.taskgraph.DefaultTaskGraphExecuter.execute(DefaultTaskGraphExecuter.java:110)
	at org.gradle.execution.SelectedTaskExecutionAction.execute(SelectedTaskExecutionAction.java:37)
	at org.gradle.execution.DefaultBuildExecuter.execute(DefaultBuildExecuter.java:37)
	at org.gradle.execution.DefaultBuildExecuter.access$000(DefaultBuildExecuter.java:23)
	at org.gradle.execution.DefaultBuildExecuter$1.proceed(DefaultBuildExecuter.java:43)
	at org.gradle.execution.DryRunBuildExecutionAction.execute(DryRunBuildExecutionAction.java:32)
	at org.gradle.execution.DefaultBuildExecuter.execute(DefaultBuildExecuter.java:37)
	at org.gradle.execution.DefaultBuildExecuter.execute(DefaultBuildExecuter.java:30)
	at org.gradle.initialization.DefaultGradleLauncher$4.run(DefaultGradleLauncher.java:154)
	at org.gradle.internal.Factories$1.create(Factories.java:22)
	at org.gradle.internal.progress.DefaultBuildOperationExecutor.run(DefaultBuildOperationExecutor.java:90)
	at org.gradle.internal.progress.DefaultBuildOperationExecutor.run(DefaultBuildOperationExecutor.java:52)
	at org.gradle.initialization.DefaultGradleLauncher.doBuildStages(DefaultGradleLauncher.java:151)
	at org.gradle.initialization.DefaultGradleLauncher.access$200(DefaultGradleLauncher.java:32)
	at org.gradle.initialization.DefaultGradleLauncher$1.create(DefaultGradleLauncher.java:99)
	at org.gradle.initialization.DefaultGradleLauncher$1.create(DefaultGradleLauncher.java:93)
	at org.gradle.internal.progress.DefaultBuildOperationExecutor.run(DefaultBuildOperationExecutor.java:90)
	at org.gradle.internal.progress.DefaultBuildOperationExecutor.run(DefaultBuildOperationExecutor.java:62)
	at org.gradle.initialization.DefaultGradleLauncher.doBuild(DefaultGradleLauncher.java:93)
	at org.gradle.initialization.DefaultGradleLauncher.run(DefaultGradleLauncher.java:82)
	at org.gradle.launcher.exec.InProcessBuildActionExecuter$DefaultBuildController.run(InProcessBuildActionExecuter.java:94)
	at org.gradle.tooling.internal.provider.ExecuteBuildActionRunner.run(ExecuteBuildActionRunner.java:28)
	at org.gradle.launcher.exec.ChainingBuildActionRunner.run(ChainingBuildActionRunner.java:35)
	at org.gradle.launcher.exec.InProcessBuildActionExecuter.execute(InProcessBuildActionExecuter.java:43)
	at org.gradle.launcher.exec.InProcessBuildActionExecuter.execute(InProcessBuildActionExecuter.java:28)
	at org.gradle.launcher.exec.ContinuousBuildActionExecuter.execute(ContinuousBuildActionExecuter.java:78)
	at org.gradle.launcher.exec.ContinuousBuildActionExecuter.execute(ContinuousBuildActionExecuter.java:48)
	at org.gradle.launcher.exec.DaemonUsageSuggestingBuildActionExecuter.execute(DaemonUsageSuggestingBuildActionExecuter.java:51)
	at org.gradle.launcher.exec.DaemonUsageSuggestingBuildActionExecuter.execute(DaemonUsageSuggestingBuildActionExecuter.java:28)
	at org.gradle.launcher.cli.RunBuildAction.run(RunBuildAction.java:43)
	at org.gradle.internal.Actions$RunnableActionAdapter.execute(Actions.java:170)
	at org.gradle.launcher.cli.CommandLineActionFactory$ParseAndBuildAction.execute(CommandLineActionFactory.java:237)
	at org.gradle.launcher.cli.CommandLineActionFactory$ParseAndBuildAction.execute(CommandLineActionFactory.java:210)
	at org.gradle.launcher.cli.JavaRuntimeValidationAction.execute(JavaRuntimeValidationAction.java:35)
	at org.gradle.launcher.cli.JavaRuntimeValidationAction.execute(JavaRuntimeValidationAction.java:24)
	at org.gradle.launcher.cli.CommandLineActionFactory$WithLogging.execute(CommandLineActionFactory.java:206)
	at org.gradle.launcher.cli.CommandLineActionFactory$WithLogging.execute(CommandLineActionFactory.java:169)
	at org.gradle.launcher.cli.ExceptionReportingAction.execute(ExceptionReportingAction.java:33)
	at org.gradle.launcher.cli.ExceptionReportingAction.execute(ExceptionReportingAction.java:22)
	at org.gradle.launcher.Main.doAction(Main.java:33)
	at org.gradle.launcher.bootstrap.EntryPoint.run(EntryPoint.java:45)
	at org.gradle.launcher.bootstrap.ProcessBootstrap.runNoExit(ProcessBootstrap.java:54)
	at org.gradle.launcher.bootstrap.ProcessBootstrap.run(ProcessBootstrap.java:35)
	at org.gradle.launcher.GradleMain.main(GradleMain.java:23)
	at org.gradle.wrapper.BootstrapMainStarter.start(BootstrapMainStarter.java:30)
	at org.gradle.wrapper.WrapperExecutor.execute(WrapperExecutor.java:129)
	at org.gradle.wrapper.GradleWrapperMain.main(GradleWrapperMain.java:61)
Caused by: java.lang.RuntimeException: No toolchains found in the NDK toolchains folder for ABI with prefix: mipsel-linux-android
	at com.android.build.gradle.internal.NdkHandler.getDefaultToolchainVersion(NdkHandler.java:375)
	at com.android.build.gradle.internal.NdkHandler.getToolchainPath(NdkHandler.java:273)
	at com.android.build.gradle.internal.NdkHandler.getCCompiler(NdkHandler.java:461)
	at com.android.build.gradle.internal.model.ModelBuilder.createNativeToolchainModelMap(ModelBuilder.java:227)
	at com.android.build.gradle.internal.model.ModelBuilder.buildAll(ModelBuilder.java:166)
	at org.gradle.tooling.provider.model.ToolingModelBuilder$buildAll.call(Unknown Source)
	at com.android.build.gradle.tasks.Lint.createAndroidProject(Lint.groovy:256)
	at com.android.build.gradle.tasks.Lint.lint(Lint.groovy:73)
	at org.gradle.internal.reflect.JavaMethod.invoke(JavaMethod.java:75)
	at org.gradle.api.internal.project.taskfactory.AnnotationProcessingTaskFactory$StandardTaskAction.doExecute(AnnotationProcessingTaskFactory.java:227)
	at org.gradle.api.internal.project.taskfactory.AnnotationProcessingTaskFactory$StandardTaskAction.execute(AnnotationProcessingTaskFactory.java:220)
	at org.gradle.api.internal.project.taskfactory.AnnotationProcessingTaskFactory$StandardTaskAction.execute(AnnotationProcessingTaskFactory.java:209)
	at org.gradle.api.internal.AbstractTask$TaskActionWrapper.execute(AbstractTask.java:585)
	at org.gradle.api.internal.AbstractTask$TaskActionWrapper.execute(AbstractTask.java:568)
	at org.gradle.api.internal.tasks.execution.ExecuteActionsTaskExecuter.executeAction(ExecuteActionsTaskExecuter.java:80)
	at org.gradle.api.internal.tasks.execution.ExecuteActionsTaskExecuter.executeActions(ExecuteActionsTaskExecuter.java:61)
	... 60 more


BUILD FAILED

Total time: 8.827 secs

2019-01-11 10:53:13,267 INFO  ProjectTaskService - Detecting possible tasks...
2019-01-11 10:53:13,267 INFO  SysUtils - Execute command: [/var/folders/bq/vtzpc5ns5sg2cthy61lqpg3dfzgbys/T/1547178746307-0/src/AndroidBaseUtils-master/gradlew, -b, /var/folders/bq/vtzpc5ns5sg2cthy61lqpg3dfzgbys/T/1547178746307-0/src/AndroidBaseUtils-master/build.gradle, -Dorg.gradle.daemon=false, -Dorg.gradle.daemon.performance.enable-monitoring=false, -Dorg.gradle.configureondemand=true, tasks]
2019-01-11 10:53:19,171 INFO  ProjectTaskService - Detected possible tasks: 81
2019-01-11 10:53:19,171 INFO  ProjectTaskService - Excluded tasks (21): lintDebug mockableAndroidJar deviceCheck lint testReleaseUnitTest javadoc uninstallRelease deviceAndroidTest uninstallDebugAndroidTest installRelease installDebugAndroidTest connectedCheck connectedDebugAndroidTest uninstallAll test check testDebugUnitTest connectedAndroidTest installDebug lintRelease uninstallDebug
2019-01-11 10:53:19,171 INFO  SysUtils - Execute command: [/var/folders/bq/vtzpc5ns5sg2cthy61lqpg3dfzgbys/T/1547178746307-0/src/AndroidBaseUtils-master/gradlew, -b, /var/folders/bq/vtzpc5ns5sg2cthy61lqpg3dfzgbys/T/1547178746307-0/src/AndroidBaseUtils-master/build.gradle, -Dorg.gradle.daemon=false, -Dorg.gradle.daemon.performance.enable-monitoring=false, -Dorg.gradle.configureondemand=true, --stacktrace, -x, lintDebug, -x, mockableAndroidJar, -x, deviceCheck, -x, lint, -x, testReleaseUnitTest, -x, javadoc, -x, uninstallRelease, -x, deviceAndroidTest, -x, uninstallDebugAndroidTest, -x, installRelease, -x, installDebugAndroidTest, -x, connectedCheck, -x, connectedDebugAndroidTest, -x, uninstallAll, -x, test, -x, check, -x, testDebugUnitTest, -x, connectedAndroidTest, -x, installDebug, -x, lintRelease, -x, uninstallDebug, build]
2019-01-11 10:53:27,104 ERROR SysUtils - Could not process external command
org.apache.commons.exec.ExecuteException: Process exited with an error: 1 (Exit value: 1)
	at org.apache.commons.exec.DefaultExecutor.executeInternal(DefaultExecutor.java:404)
	at org.apache.commons.exec.DefaultExecutor.execute(DefaultExecutor.java:166)
	at com.github.vbauer.apkmaster.util.SysUtils.execute(SysUtils.java:67)
	at com.github.vbauer.apkmaster.util.SysUtils.executeSimple(SysUtils.java:43)
	at com.github.vbauer.apkmaster.service.assembly.ProjectBuildService.buildProject(ProjectBuildService.java:78)
	at com.github.vbauer.apkmaster.service.assembly.ProjectBuildService.buildProject(ProjectBuildService.java:64)
	at com.github.vbauer.apkmaster.service.assembly.ProjectBuildService.buildProject(ProjectBuildService.java:43)
	at com.github.vbauer.apkmaster.service.FullProcessService.build(FullProcessService.java:84)
	at com.github.vbauer.apkmaster.service.FullProcessService.process(FullProcessService.java:34)
	at com.github.vbauer.apkmaster.app.MainApplication.process(MainApplication.java:38)
	at com.github.vbauer.apkmaster.app.MainApplication.main(MainApplication.java:20)
	at sun.reflect.GeneratedMethodAccessor9.invoke(Unknown Source)
	at sun.reflect.DelegatingMethodAccessorImpl.invoke(DelegatingMethodAccessorImpl.java:43)
	at java.lang.reflect.Method.invoke(Method.java:498)
	at com.android.arsenal.util.ReflectionUtils.invoke(ReflectionUtils.java:52)
	at com.android.arsenal.util.ApkMasterUtils.main(ApkMasterUtils.java:30)
	at com.android.arsenal.service.processor.impl.BuildProcessorServiceImpl.buildProject(BuildProcessorServiceImpl.java:196)
	at com.android.arsenal.service.processor.impl.BuildProcessorServiceImpl.build(BuildProcessorServiceImpl.java:130)
	at com.android.arsenal.service.processor.impl.BuildProcessorServiceImpl.lambda$createTasks$1(BuildProcessorServiceImpl.java:113)
	at java.util.concurrent.FutureTask.run(FutureTask.java:266)
	at java.util.concurrent.Executors$RunnableAdapter.call(Executors.java:511)
	at java.util.concurrent.FutureTask.run(FutureTask.java:266)
	at java.util.concurrent.ThreadPoolExecutor.runWorker(ThreadPoolExecutor.java:1149)
	at java.util.concurrent.ThreadPoolExecutor$Worker.run(ThreadPoolExecutor.java:624)
	at java.lang.Thread.run(Thread.java:748)
2019-01-11 10:53:27,104 INFO  SysUtils - Configuration on demand is an incubating feature.
Observed package id 'build-tools;28.0.0-preview' in inconsistent location '/Users/vbauer/Library/Android/sdk/build-tools/28.0.0-rc1' (Expected '/Users/vbauer/Library/Android/sdk/build-tools/28.0.0-preview')
Observed package id 'build-tools;28.0.0-preview' in inconsistent location '/Users/vbauer/Library/Android/sdk/build-tools/28.0.0-rc2' (Expected '/Users/vbauer/Library/Android/sdk/build-tools/28.0.0-preview')
Already observed package id 'build-tools;28.0.0-preview' in '/Users/vbauer/Library/Android/sdk/build-tools/28.0.0-rc1'. Skipping duplicate at '/Users/vbauer/Library/Android/sdk/build-tools/28.0.0-rc2'
Incremental java compilation is an incubating feature.
:annotations:compileJava UP-TO-DATE
:annotations:processResources UP-TO-DATE
:annotations:classes UP-TO-DATE
:annotations:jar UP-TO-DATE
:annotations:assemble UP-TO-DATE
:annotations:build
:compilers:compileJava UP-TO-DATE
:compilers:processResources UP-TO-DATE
:compilers:classes UP-TO-DATE
:compilers:jar UP-TO-DATE
:compilers:assemble UP-TO-DATE
:compilers:build
:sample:preBuild UP-TO-DATE
:sample:preDebugBuild UP-TO-DATE
:sample:checkDebugManifest
:sample:preReleaseBuild UP-TO-DATE
:utils:preBuild UP-TO-DATE
:utils:preReleaseBuild UP-TO-DATE
:utils:compileReleaseNdk UP-TO-DATE
:utils:compileLint
:utils:copyReleaseLint UP-TO-DATE
:utils:checkReleaseManifest
:utils:preDebugAndroidTestBuild UP-TO-DATE
:utils:preDebugBuild UP-TO-DATE
:utils:preDebugUnitTestBuild UP-TO-DATE
:utils:preReleaseUnitTestBuild UP-TO-DATE
:utils:prepareComAndroidSupportAnimatedVectorDrawable2330Library UP-TO-DATE
:utils:prepareComAndroidSupportAppcompatV72330Library UP-TO-DATE
:utils:prepareComAndroidSupportSupportV42330Library UP-TO-DATE
:utils:prepareComAndroidSupportSupportVectorDrawable2330Library UP-TO-DATE
:utils:prepareReleaseDependencies
:utils:compileReleaseAidl UP-TO-DATE
:utils:compileReleaseRenderscript UP-TO-DATE
:utils:generateReleaseBuildConfig UP-TO-DATE
:utils:mergeReleaseShaders UP-TO-DATE
:utils:compileReleaseShaders UP-TO-DATE
:utils:generateReleaseAssets UP-TO-DATE
:utils:mergeReleaseAssets UP-TO-DATE
:utils:generateReleaseResValues UP-TO-DATE
:utils:generateReleaseResources UP-TO-DATE
:utils:mergeReleaseResources UP-TO-DATE
:utils:processReleaseManifest UP-TO-DATE
:utils:processReleaseResources UP-TO-DATE
:utils:generateReleaseSources UP-TO-DATE
:utils:incrementalReleaseJavaCompilationSafeguard UP-TO-DATE
:utils:compileReleaseJavaWithJavac UP-TO-DATE
:utils:extractReleaseAnnotations UP-TO-DATE
:utils:mergeReleaseProguardFiles UP-TO-DATE
:utils:packageReleaseRenderscript UP-TO-DATE
:utils:packageReleaseResources UP-TO-DATE
:utils:processReleaseJavaRes UP-TO-DATE
:utils:transformResourcesWithMergeJavaResForRelease UP-TO-DATE
:utils:transformClassesAndResourcesWithSyncLibJarsForRelease UP-TO-DATE
:utils:mergeReleaseJniLibFolders UP-TO-DATE
:utils:transformNative_libsWithMergeJniLibsForRelease UP-TO-DATE
:utils:transformNative_libsWithSyncJniLibsForRelease UP-TO-DATE
:utils:bundleRelease UP-TO-DATE
:sample:prepareAndroidBaseUtilsMasterUtilsUnspecifiedLibrary UP-TO-DATE
:sample:prepareComAndroidSupportAnimatedVectorDrawable2330Library UP-TO-DATE
:sample:prepareComAndroidSupportAppcompatV72330Library UP-TO-DATE
:sample:prepareComAndroidSupportSupportV42330Library UP-TO-DATE
:sample:prepareComAndroidSupportSupportVectorDrawable2330Library UP-TO-DATE
:sample:prepareDebugDependencies
:sample:compileDebugAidl UP-TO-DATE
:sample:compileDebugRenderscript UP-TO-DATE
:sample:generateDebugBuildConfig UP-TO-DATE
:sample:mergeDebugShaders UP-TO-DATE
:sample:compileDebugShaders UP-TO-DATE
:sample:generateDebugAssets UP-TO-DATE
:sample:mergeDebugAssets UP-TO-DATE
:sample:generateDebugResValues UP-TO-DATE
:sample:generateDebugResources UP-TO-DATE
:sample:mergeDebugResources UP-TO-DATE
:sample:processDebugManifest UP-TO-DATE
:sample:processDebugResources UP-TO-DATE
:sample:generateDebugSources UP-TO-DATE
:sample:incrementalDebugJavaCompilationSafeguard UP-TO-DATE
:sample:compileDebugJavaWithJavacNote: Some input files use unchecked or unsafe operations.
Note: Recompile with -Xlint:unchecked for details.

:sample:compileDebugNdk UP-TO-DATE
:sample:compileDebugSources
:sample:prePackageMarkerForDebug
:sample:transformClassesWithDexForDebugDex: Error converting bytecode to dex:
Cause: Dex cannot parse version 52 byte code.
This is caused by library dependencies that have been compiled using Java 8 or above.
If you are using the 'java' gradle plugin in a library submodule add 
targetCompatibility = '1.7'
sourceCompatibility = '1.7'
to that submodule's build.gradle file.
    UNEXPECTED TOP-LEVEL EXCEPTION:
    java.lang.RuntimeException: Exception parsing classes
    	at com.android.dx.command.dexer.Main.processClass(Main.java:761)
    	at com.android.dx.command.dexer.Main.processFileBytes(Main.java:727)
    	at com.android.dx.command.dexer.Main.access$1200(Main.java:87)
    	at com.android.dx.command.dexer.Main$FileBytesConsumer.processFileBytes(Main.java:1655)
    	at com.android.dx.cf.direct.ClassPathOpener.processArchive(ClassPathOpener.java:284)
    	at com.android.dx.cf.direct.ClassPathOpener.processOne(ClassPathOpener.java:166)
    	at com.android.dx.cf.direct.ClassPathOpener.process(ClassPathOpener.java:144)
    	at com.android.dx.command.dexer.Main.processOne(Main.java:681)
    	at com.android.dx.command.dexer.Main.processAllFiles(Main.java:578)
    	at com.android.dx.command.dexer.Main.runMonoDex(Main.java:315)
    	at com.android.dx.command.dexer.Main.run(Main.java:286)
    	at com.android.builder.internal.compiler.DexWrapper.run(DexWrapper.java:52)
    	at com.android.builder.core.AndroidBuilder$2.call(AndroidBuilder.java:1511)
    	at com.android.builder.core.AndroidBuilder$2.call(AndroidBuilder.java:1507)
    	at java.util.concurrent.FutureTask.run(FutureTask.java:266)
    	at java.util.concurrent.ThreadPoolExecutor.runWorker(ThreadPoolExecutor.java:1149)
    	at java.util.concurrent.ThreadPoolExecutor$Worker.run(ThreadPoolExecutor.java:624)
    	at java.lang.Thread.run(Thread.java:748)
    Caused by: com.android.dx.cf.iface.ParseException: bad class file magic (cafebabe) or version (0034.0000)
    	at com.android.dx.cf.direct.DirectClassFile.parse0(DirectClassFile.java:472)
    	at com.android.dx.cf.direct.DirectClassFile.parse(DirectClassFile.java:406)
    	at com.android.dx.cf.direct.DirectClassFile.parseToInterfacesIfNecessary(DirectClassFile.java:388)
    	at com.android.dx.cf.direct.DirectClassFile.getMagic(DirectClassFile.java:251)
    	at com.android.dx.command.dexer.Main.parseClass(Main.java:773)
    	at com.android.dx.command.dexer.Main.access$1600(Main.java:87)
    	at com.android.dx.command.dexer.Main$ClassParserTask.call(Main.java:1694)
    	at com.android.dx.command.dexer.Main.processClass(Main.java:758)
    	... 17 more
    
1 error; aborting
 FAILED

FAILURE: Build failed with an exception.

* What went wrong:
Execution failed for task ':sample:transformClassesWithDexForDebug'.
> com.android.build.api.transform.TransformException: java.lang.RuntimeException: com.android.ide.common.process.ProcessException: java.util.concurrent.ExecutionException: com.android.ide.common.process.ProcessException: Return code 1 for dex process

* Try:
Run with --info or --debug option to get more log output.

* Exception is:
org.gradle.api.tasks.TaskExecutionException: Execution failed for task ':sample:transformClassesWithDexForDebug'.
	at org.gradle.api.internal.tasks.execution.ExecuteActionsTaskExecuter.executeActions(ExecuteActionsTaskExecuter.java:69)
	at org.gradle.api.internal.tasks.execution.ExecuteActionsTaskExecuter.execute(ExecuteActionsTaskExecuter.java:46)
	at org.gradle.api.internal.tasks.execution.PostExecutionAnalysisTaskExecuter.execute(PostExecutionAnalysisTaskExecuter.java:35)
	at org.gradle.api.internal.tasks.execution.SkipUpToDateTaskExecuter.execute(SkipUpToDateTaskExecuter.java:64)
	at org.gradle.api.internal.tasks.execution.ValidatingTaskExecuter.execute(ValidatingTaskExecuter.java:58)
	at org.gradle.api.internal.tasks.execution.SkipEmptySourceFilesTaskExecuter.execute(SkipEmptySourceFilesTaskExecuter.java:52)
	at org.gradle.api.internal.tasks.execution.SkipTaskWithNoActionsExecuter.execute(SkipTaskWithNoActionsExecuter.java:52)
	at org.gradle.api.internal.tasks.execution.SkipOnlyIfTaskExecuter.execute(SkipOnlyIfTaskExecuter.java:53)
	at org.gradle.api.internal.tasks.execution.ExecuteAtMostOnceTaskExecuter.execute(ExecuteAtMostOnceTaskExecuter.java:43)
	at org.gradle.execution.taskgraph.DefaultTaskGraphExecuter$EventFiringTaskWorker.execute(DefaultTaskGraphExecuter.java:203)
	at org.gradle.execution.taskgraph.DefaultTaskGraphExecuter$EventFiringTaskWorker.execute(DefaultTaskGraphExecuter.java:185)
	at org.gradle.execution.taskgraph.AbstractTaskPlanExecutor$TaskExecutorWorker.processTask(AbstractTaskPlanExecutor.java:66)
	at org.gradle.execution.taskgraph.AbstractTaskPlanExecutor$TaskExecutorWorker.run(AbstractTaskPlanExecutor.java:50)
	at org.gradle.execution.taskgraph.DefaultTaskPlanExecutor.process(DefaultTaskPlanExecutor.java:25)
	at org.gradle.execution.taskgraph.DefaultTaskGraphExecuter.execute(DefaultTaskGraphExecuter.java:110)
	at org.gradle.execution.SelectedTaskExecutionAction.execute(SelectedTaskExecutionAction.java:37)
	at org.gradle.execution.DefaultBuildExecuter.execute(DefaultBuildExecuter.java:37)
	at org.gradle.execution.DefaultBuildExecuter.access$000(DefaultBuildExecuter.java:23)
	at org.gradle.execution.DefaultBuildExecuter$1.proceed(DefaultBuildExecuter.java:43)
	at org.gradle.execution.DryRunBuildExecutionAction.execute(DryRunBuildExecutionAction.java:32)
	at org.gradle.execution.DefaultBuildExecuter.execute(DefaultBuildExecuter.java:37)
	at org.gradle.execution.DefaultBuildExecuter.execute(DefaultBuildExecuter.java:30)
	at org.gradle.initialization.DefaultGradleLauncher$4.run(DefaultGradleLauncher.java:154)
	at org.gradle.internal.Factories$1.create(Factories.java:22)
	at org.gradle.internal.progress.DefaultBuildOperationExecutor.run(DefaultBuildOperationExecutor.java:90)
	at org.gradle.internal.progress.DefaultBuildOperationExecutor.run(DefaultBuildOperationExecutor.java:52)
	at org.gradle.initialization.DefaultGradleLauncher.doBuildStages(DefaultGradleLauncher.java:151)
	at org.gradle.initialization.DefaultGradleLauncher.access$200(DefaultGradleLauncher.java:32)
	at org.gradle.initialization.DefaultGradleLauncher$1.create(DefaultGradleLauncher.java:99)
	at org.gradle.initialization.DefaultGradleLauncher$1.create(DefaultGradleLauncher.java:93)
	at org.gradle.internal.progress.DefaultBuildOperationExecutor.run(DefaultBuildOperationExecutor.java:90)
	at org.gradle.internal.progress.DefaultBuildOperationExecutor.run(DefaultBuildOperationExecutor.java:62)
	at org.gradle.initialization.DefaultGradleLauncher.doBuild(DefaultGradleLauncher.java:93)
	at org.gradle.initialization.DefaultGradleLauncher.run(DefaultGradleLauncher.java:82)
	at org.gradle.launcher.exec.InProcessBuildActionExecuter$DefaultBuildController.run(InProcessBuildActionExecuter.java:94)
	at org.gradle.tooling.internal.provider.ExecuteBuildActionRunner.run(ExecuteBuildActionRunner.java:28)
	at org.gradle.launcher.exec.ChainingBuildActionRunner.run(ChainingBuildActionRunner.java:35)
	at org.gradle.launcher.exec.InProcessBuildActionExecuter.execute(InProcessBuildActionExecuter.java:43)
	at org.gradle.launcher.exec.InProcessBuildActionExecuter.execute(InProcessBuildActionExecuter.java:28)
	at org.gradle.launcher.exec.ContinuousBuildActionExecuter.execute(ContinuousBuildActionExecuter.java:78)
	at org.gradle.launcher.exec.ContinuousBuildActionExecuter.execute(ContinuousBuildActionExecuter.java:48)
	at org.gradle.launcher.exec.DaemonUsageSuggestingBuildActionExecuter.execute(DaemonUsageSuggestingBuildActionExecuter.java:51)
	at org.gradle.launcher.exec.DaemonUsageSuggestingBuildActionExecuter.execute(DaemonUsageSuggestingBuildActionExecuter.java:28)
	at org.gradle.launcher.cli.RunBuildAction.run(RunBuildAction.java:43)
	at org.gradle.internal.Actions$RunnableActionAdapter.execute(Actions.java:170)
	at org.gradle.launcher.cli.CommandLineActionFactory$ParseAndBuildAction.execute(CommandLineActionFactory.java:237)
	at org.gradle.launcher.cli.CommandLineActionFactory$ParseAndBuildAction.execute(CommandLineActionFactory.java:210)
	at org.gradle.launcher.cli.JavaRuntimeValidationAction.execute(JavaRuntimeValidationAction.java:35)
	at org.gradle.launcher.cli.JavaRuntimeValidationAction.execute(JavaRuntimeValidationAction.java:24)
	at org.gradle.launcher.cli.CommandLineActionFactory$WithLogging.execute(CommandLineActionFactory.java:206)
	at org.gradle.launcher.cli.CommandLineActionFactory$WithLogging.execute(CommandLineActionFactory.java:169)
	at org.gradle.launcher.cli.ExceptionReportingAction.execute(ExceptionReportingAction.java:33)
	at org.gradle.launcher.cli.ExceptionReportingAction.execute(ExceptionReportingAction.java:22)
	at org.gradle.launcher.Main.doAction(Main.java:33)
	at org.gradle.launcher.bootstrap.EntryPoint.run(EntryPoint.java:45)
	at org.gradle.launcher.bootstrap.ProcessBootstrap.runNoExit(ProcessBootstrap.java:54)
	at org.gradle.launcher.bootstrap.ProcessBootstrap.run(ProcessBootstrap.java:35)
	at org.gradle.launcher.GradleMain.main(GradleMain.java:23)
	at org.gradle.wrapper.BootstrapMainStarter.start(BootstrapMainStarter.java:30)
	at org.gradle.wrapper.WrapperExecutor.execute(WrapperExecutor.java:129)
	at org.gradle.wrapper.GradleWrapperMain.main(GradleWrapperMain.java:61)
Caused by: java.lang.RuntimeException: com.android.build.api.transform.TransformException: java.lang.RuntimeException: com.android.ide.common.process.ProcessException: java.util.concurrent.ExecutionException: com.android.ide.common.process.ProcessException: Return code 1 for dex process
	at com.android.builder.profile.Recorder$Block.handleException(Recorder.java:54)
	at com.android.builder.profile.ThreadRecorder$1.record(ThreadRecorder.java:57)
	at com.android.builder.profile.ThreadRecorder$1.record(ThreadRecorder.java:47)
	at com.android.build.gradle.internal.pipeline.TransformTask.transform(TransformTask.java:173)
	at org.gradle.internal.reflect.JavaMethod.invoke(JavaMethod.java:75)
	at org.gradle.api.internal.project.taskfactory.AnnotationProcessingTaskFactory$IncrementalTaskAction.doExecute(AnnotationProcessingTaskFactory.java:244)
	at org.gradle.api.internal.project.taskfactory.AnnotationProcessingTaskFactory$StandardTaskAction.execute(AnnotationProcessingTaskFactory.java:220)
	at org.gradle.api.internal.project.taskfactory.AnnotationProcessingTaskFactory$IncrementalTaskAction.execute(AnnotationProcessingTaskFactory.java:231)
	at org.gradle.api.internal.project.taskfactory.AnnotationProcessingTaskFactory$StandardTaskAction.execute(AnnotationProcessingTaskFactory.java:209)
	at org.gradle.api.internal.tasks.execution.ExecuteActionsTaskExecuter.executeAction(ExecuteActionsTaskExecuter.java:80)
	at org.gradle.api.internal.tasks.execution.ExecuteActionsTaskExecuter.executeActions(ExecuteActionsTaskExecuter.java:61)
	... 60 more
Caused by: com.android.build.api.transform.TransformException: java.lang.RuntimeException: com.android.ide.common.process.ProcessException: java.util.concurrent.ExecutionException: com.android.ide.common.process.ProcessException: Return code 1 for dex process
	at com.android.build.gradle.internal.transforms.DexTransform.transform(DexTransform.java:423)
	at com.android.build.gradle.internal.pipeline.TransformTask$3.call(TransformTask.java:178)
	at com.android.build.gradle.internal.pipeline.TransformTask$3.call(TransformTask.java:174)
	at com.android.builder.profile.ThreadRecorder$1.record(ThreadRecorder.java:55)
	... 69 more
Caused by: java.lang.RuntimeException: com.android.ide.common.process.ProcessException: java.util.concurrent.ExecutionException: com.android.ide.common.process.ProcessException: Return code 1 for dex process
	at com.android.ide.common.internal.WaitableExecutor.waitForTasksWithQuickFail(WaitableExecutor.java:119)
	at com.android.build.gradle.internal.transforms.DexTransform.transform(DexTransform.java:364)
	... 72 more
Caused by: com.android.ide.common.process.ProcessException: java.util.concurrent.ExecutionException: com.android.ide.common.process.ProcessException: Return code 1 for dex process
	at com.android.builder.core.AndroidBuilder.dexInProcess(AndroidBuilder.java:1518)
	at com.android.builder.core.AndroidBuilder.runDexer(AndroidBuilder.java:1493)
	at com.android.builder.core.AndroidBuilder.preDexLibraryNoCache(AndroidBuilder.java:1766)
	at com.android.builder.internal.compiler.PreDexCache.preDexLibrary(PreDexCache.java:119)
	at com.android.builder.core.AndroidBuilder.preDexLibrary(AndroidBuilder.java:1721)
	at com.android.build.gradle.internal.transforms.DexTransform$PreDexTask.call(DexTransform.java:473)
	at com.android.build.gradle.internal.transforms.DexTransform$PreDexTask.call(DexTransform.java:427)
Caused by: java.util.concurrent.ExecutionException: com.android.ide.common.process.ProcessException: Return code 1 for dex process
	at com.android.builder.core.AndroidBuilder.dexInProcess(AndroidBuilder.java:1507)
	... 6 more
Caused by: com.android.ide.common.process.ProcessException: Return code 1 for dex process
	at com.android.builder.internal.compiler.DexWrapper$DexProcessResult.assertNormalExitValue(DexWrapper.java:105)
	at com.android.builder.core.AndroidBuilder$2.call(AndroidBuilder.java:1512)
	at com.android.builder.core.AndroidBuilder$2.call(AndroidBuilder.java:1507)


BUILD FAILED

Total time: 7.347 secs

2019-01-11 10:53:27,195 INFO  ProjectTaskService - Detecting possible tasks...
2019-01-11 10:53:27,195 INFO  SysUtils - Execute command: [/var/folders/bq/vtzpc5ns5sg2cthy61lqpg3dfzgbys/T/1547178746307-0/src/AndroidBaseUtils-master/gradlew, -b, /var/folders/bq/vtzpc5ns5sg2cthy61lqpg3dfzgbys/T/1547178746307-0/src/AndroidBaseUtils-master/annotations/build.gradle, -Dorg.gradle.daemon=false, -Dorg.gradle.daemon.performance.enable-monitoring=false, -Dorg.gradle.configureondemand=true, tasks]
2019-01-11 10:53:33,117 ERROR ProjectTaskService - Could not detect possible Gradle tasks: Process exited with an error: 1 (Exit value: 1)
2019-01-11 10:53:33,117 INFO  ProjectTaskService - Detected possible tasks: 0
2019-01-11 10:53:33,117 INFO  ProjectTaskService - Excluded tasks (0): none
2019-01-11 10:53:33,117 INFO  SysUtils - Execute command: [/var/folders/bq/vtzpc5ns5sg2cthy61lqpg3dfzgbys/T/1547178746307-0/src/AndroidBaseUtils-master/gradlew, -b, /var/folders/bq/vtzpc5ns5sg2cthy61lqpg3dfzgbys/T/1547178746307-0/src/AndroidBaseUtils-master/annotations/build.gradle, -Dorg.gradle.daemon=false, -Dorg.gradle.daemon.performance.enable-monitoring=false, -Dorg.gradle.configureondemand=true, --stacktrace, build]
2019-01-11 10:53:36,311 INFO  SysUtils - Configuration on demand is an incubating feature.
:annotations:compileJava UP-TO-DATE
:annotations:processResources UP-TO-DATE
:annotations:classes UP-TO-DATE
:annotations:jar UP-TO-DATE
:annotations:assemble UP-TO-DATE
:annotations:compileTestJava UP-TO-DATE
:annotations:processTestResources UP-TO-DATE
:annotations:testClasses UP-TO-DATE
:annotations:test UP-TO-DATE
:annotations:check UP-TO-DATE
:annotations:build UP-TO-DATE

BUILD SUCCESSFUL

Total time: 2.706 secs

2019-01-11 10:53:36,396 INFO  ProjectTaskService - Detecting possible tasks...
2019-01-11 10:53:36,396 INFO  SysUtils - Execute command: [/var/folders/bq/vtzpc5ns5sg2cthy61lqpg3dfzgbys/T/1547178746307-0/src/AndroidBaseUtils-master/gradlew, -b, /var/folders/bq/vtzpc5ns5sg2cthy61lqpg3dfzgbys/T/1547178746307-0/src/AndroidBaseUtils-master/compilers/build.gradle, -Dorg.gradle.daemon=false, -Dorg.gradle.daemon.performance.enable-monitoring=false, -Dorg.gradle.configureondemand=true, tasks]
2019-01-11 10:53:42,190 ERROR ProjectTaskService - Could not detect possible Gradle tasks: Process exited with an error: 1 (Exit value: 1)
2019-01-11 10:53:42,190 INFO  ProjectTaskService - Detected possible tasks: 0
2019-01-11 10:53:42,190 INFO  ProjectTaskService - Excluded tasks (0): none
2019-01-11 10:53:42,190 INFO  SysUtils - Execute command: [/var/folders/bq/vtzpc5ns5sg2cthy61lqpg3dfzgbys/T/1547178746307-0/src/AndroidBaseUtils-master/gradlew, -b, /var/folders/bq/vtzpc5ns5sg2cthy61lqpg3dfzgbys/T/1547178746307-0/src/AndroidBaseUtils-master/compilers/build.gradle, -Dorg.gradle.daemon=false, -Dorg.gradle.daemon.performance.enable-monitoring=false, -Dorg.gradle.configureondemand=true, --stacktrace, build]
2019-01-11 10:53:45,548 INFO  SysUtils - Configuration on demand is an incubating feature.
:annotations:compileJava UP-TO-DATE
:annotations:processResources UP-TO-DATE
:annotations:classes UP-TO-DATE
:annotations:jar UP-TO-DATE
:compilers:compileJava UP-TO-DATE
:compilers:processResources UP-TO-DATE
:compilers:classes UP-TO-DATE
:compilers:jar UP-TO-DATE
:compilers:assemble UP-TO-DATE
:compilers:compileTestJava UP-TO-DATE
:compilers:processTestResources UP-TO-DATE
:compilers:testClasses UP-TO-DATE
:compilers:test UP-TO-DATE
:compilers:check UP-TO-DATE
:compilers:build UP-TO-DATE

BUILD SUCCESSFUL

Total time: 2.88 secs

2019-01-11 10:53:45,645 ERROR FullProcessService - Project build has not produced APK file
2019-01-11 10:53:45,736 ERROR FullProcessService - Could not find generated or existed APK file
