2019-01-11 10:45:17,301 INFO  DownloadService - Downloading "https://github.com/yshrsmz/simple-preferences/archive/master.zip", attempt 3
2019-01-11 10:45:17,974 INFO  DownloadService - Downloaded https://github.com/yshrsmz/simple-preferences/archive/master.zip, attempt 3
2019-01-11 10:45:17,974 INFO  DownloadService - Size of file "/var/folders/bq/vtzpc5ns5sg2cthy61lqpg3dfzgbys/T/1547178317293-0/master.zip": 138 KB
2019-01-11 10:45:17,974 INFO  ArchiveUtils - Checking entries [.gradle] in ZIP file...
2019-01-11 10:45:17,979 INFO  ArchiveUtils - Has entries [.gradle] in ZIP file /var/folders/bq/vtzpc5ns5sg2cthy61lqpg3dfzgbys/T/1547178317293-0/master.zip: true
2019-01-11 10:45:17,980 DEBUG ZipUtil - Extracting '/var/folders/bq/vtzpc5ns5sg2cthy61lqpg3dfzgbys/T/1547178317293-0/master.zip' into '/var/folders/bq/vtzpc5ns5sg2cthy61lqpg3dfzgbys/T/1547178317293-0/src'.
2019-01-11 10:45:18,008 INFO  FullProcessService - Size of directory with sources: 171 KB
2019-01-11 10:45:18,008 INFO  SysUtils - Execute command: [git, init, /var/folders/bq/vtzpc5ns5sg2cthy61lqpg3dfzgbys/T/1547178317293-0/src]
2019-01-11 10:45:18,025 INFO  SysUtils - Initialized empty Git repository in /private/var/folders/bq/vtzpc5ns5sg2cthy61lqpg3dfzgbys/T/1547178317293-0/src/.git/

2019-01-11 10:45:18,030 INFO  ProjectBuildService - Gradle wrapper(s): /var/folders/bq/vtzpc5ns5sg2cthy61lqpg3dfzgbys/T/1547178317293-0/src/simple-preferences-master/gradlew
2019-01-11 10:45:18,035 INFO  ProjectBuildService - Build script(s): /var/folders/bq/vtzpc5ns5sg2cthy61lqpg3dfzgbys/T/1547178317293-0/src/simple-preferences-master/example/build.gradle /var/folders/bq/vtzpc5ns5sg2cthy61lqpg3dfzgbys/T/1547178317293-0/src/simple-preferences-master/library/build.gradle /var/folders/bq/vtzpc5ns5sg2cthy61lqpg3dfzgbys/T/1547178317293-0/src/simple-preferences-master/build.gradle /var/folders/bq/vtzpc5ns5sg2cthy61lqpg3dfzgbys/T/1547178317293-0/src/simple-preferences-master/annotations/build.gradle /var/folders/bq/vtzpc5ns5sg2cthy61lqpg3dfzgbys/T/1547178317293-0/src/simple-preferences-master/processor/build.gradle
2019-01-11 10:45:18,040 INFO  ProjectBuildService - All script(s): /var/folders/bq/vtzpc5ns5sg2cthy61lqpg3dfzgbys/T/1547178317293-0/src/simple-preferences-master/example/build.gradle /var/folders/bq/vtzpc5ns5sg2cthy61lqpg3dfzgbys/T/1547178317293-0/src/simple-preferences-master/processor/build.gradle /var/folders/bq/vtzpc5ns5sg2cthy61lqpg3dfzgbys/T/1547178317293-0/src/simple-preferences-master/library/build.gradle /var/folders/bq/vtzpc5ns5sg2cthy61lqpg3dfzgbys/T/1547178317293-0/src/simple-preferences-master/gradle/gradle-artifactory-upload.gradle /var/folders/bq/vtzpc5ns5sg2cthy61lqpg3dfzgbys/T/1547178317293-0/src/simple-preferences-master/annotations/build.gradle /var/folders/bq/vtzpc5ns5sg2cthy61lqpg3dfzgbys/T/1547178317293-0/src/simple-preferences-master/build.gradle /var/folders/bq/vtzpc5ns5sg2cthy61lqpg3dfzgbys/T/1547178317293-0/src/simple-preferences-master/ext.gradle /var/folders/bq/vtzpc5ns5sg2cthy61lqpg3dfzgbys/T/1547178317293-0/src/simple-preferences-master/settings.gradle
2019-01-11 10:45:18,040 INFO  ProjectBuildService - Remote scripts: none
2019-01-11 10:45:18,040 INFO  ProjectFixService - Fixing project...
2019-01-11 10:45:18,053 INFO  LocalPropertiesFixService - Created fake /var/folders/bq/vtzpc5ns5sg2cthy61lqpg3dfzgbys/T/1547178317293-0/src/simple-preferences-master/example/local.properties
2019-01-11 10:45:18,055 INFO  ProjectFixService - Build info for "/var/folders/bq/vtzpc5ns5sg2cthy61lqpg3dfzgbys/T/1547178317293-0/src/simple-preferences-master/example/build.gradle": [buildToolsVersion=<null>,compileSdkVersion=28,minSdkVersion=16,targetSdkVersion=28]
2019-01-11 10:45:18,055 INFO  ProjectFixService - Fixed build info for "/var/folders/bq/vtzpc5ns5sg2cthy61lqpg3dfzgbys/T/1547178317293-0/src/simple-preferences-master/example/build.gradle": [buildToolsVersion=28.0.0-rc2,compileSdkVersion=28,minSdkVersion=16,targetSdkVersion=28]
2019-01-11 10:45:18,056 INFO  LocalPropertiesFixService - Created fake /var/folders/bq/vtzpc5ns5sg2cthy61lqpg3dfzgbys/T/1547178317293-0/src/simple-preferences-master/library/local.properties
2019-01-11 10:45:18,057 INFO  ProjectFixService - Build info for "/var/folders/bq/vtzpc5ns5sg2cthy61lqpg3dfzgbys/T/1547178317293-0/src/simple-preferences-master/library/build.gradle": [buildToolsVersion=<null>,compileSdkVersion=28,minSdkVersion=16,targetSdkVersion=28]
2019-01-11 10:45:18,057 INFO  ProjectFixService - Fixed build info for "/var/folders/bq/vtzpc5ns5sg2cthy61lqpg3dfzgbys/T/1547178317293-0/src/simple-preferences-master/library/build.gradle": [buildToolsVersion=28.0.0-rc2,compileSdkVersion=28,minSdkVersion=16,targetSdkVersion=28]
2019-01-11 10:45:18,058 INFO  LocalPropertiesFixService - Created fake /var/folders/bq/vtzpc5ns5sg2cthy61lqpg3dfzgbys/T/1547178317293-0/src/simple-preferences-master/local.properties
2019-01-11 10:45:18,059 INFO  WrapperPropertiesFixService - Gradle wrapper: https://services.gradle.org/distributions/gradle-4.10.2-all.zip
2019-01-11 10:45:18,059 INFO  WrapperPropertiesFixService - Gradle wrapper was changed from "-all.zip" to "-bin.zip" (https://services.gradle.org/distributions/gradle-4.10.2-bin.zip)
2019-01-11 10:45:18,061 INFO  ProjectFixService - Build info for "/var/folders/bq/vtzpc5ns5sg2cthy61lqpg3dfzgbys/T/1547178317293-0/src/simple-preferences-master/build.gradle": [buildToolsVersion=<null>,compileSdkVersion=28,minSdkVersion=16,targetSdkVersion=28]
2019-01-11 10:45:18,061 INFO  ProjectFixService - Fixed build info for "/var/folders/bq/vtzpc5ns5sg2cthy61lqpg3dfzgbys/T/1547178317293-0/src/simple-preferences-master/build.gradle": [buildToolsVersion=28.0.0-rc2,compileSdkVersion=28,minSdkVersion=16,targetSdkVersion=28]
2019-01-11 10:45:18,062 INFO  LocalPropertiesFixService - Created fake /var/folders/bq/vtzpc5ns5sg2cthy61lqpg3dfzgbys/T/1547178317293-0/src/simple-preferences-master/annotations/local.properties
2019-01-11 10:45:18,064 INFO  ProjectFixService - Build info for "/var/folders/bq/vtzpc5ns5sg2cthy61lqpg3dfzgbys/T/1547178317293-0/src/simple-preferences-master/annotations/build.gradle": [buildToolsVersion=<null>,compileSdkVersion=28,minSdkVersion=16,targetSdkVersion=28]
2019-01-11 10:45:18,064 INFO  ProjectFixService - Fixed build info for "/var/folders/bq/vtzpc5ns5sg2cthy61lqpg3dfzgbys/T/1547178317293-0/src/simple-preferences-master/annotations/build.gradle": [buildToolsVersion=28.0.0-rc2,compileSdkVersion=28,minSdkVersion=16,targetSdkVersion=28]
2019-01-11 10:45:18,065 INFO  LocalPropertiesFixService - Created fake /var/folders/bq/vtzpc5ns5sg2cthy61lqpg3dfzgbys/T/1547178317293-0/src/simple-preferences-master/processor/local.properties
2019-01-11 10:45:18,067 INFO  ProjectFixService - Build info for "/var/folders/bq/vtzpc5ns5sg2cthy61lqpg3dfzgbys/T/1547178317293-0/src/simple-preferences-master/processor/build.gradle": [buildToolsVersion=<null>,compileSdkVersion=28,minSdkVersion=16,targetSdkVersion=28]
2019-01-11 10:45:18,068 INFO  ProjectFixService - Fixed build info for "/var/folders/bq/vtzpc5ns5sg2cthy61lqpg3dfzgbys/T/1547178317293-0/src/simple-preferences-master/processor/build.gradle": [buildToolsVersion=28.0.0-rc2,compileSdkVersion=28,minSdkVersion=16,targetSdkVersion=28]
2019-01-11 10:45:18,068 INFO  ProjectFixService - Project was maybe fixed
2019-01-11 10:45:18,068 INFO  ProjectTaskService - Detecting possible tasks...
2019-01-11 10:45:18,069 INFO  SysUtils - Execute command: [/var/folders/bq/vtzpc5ns5sg2cthy61lqpg3dfzgbys/T/1547178317293-0/src/simple-preferences-master/gradlew, -b, /var/folders/bq/vtzpc5ns5sg2cthy61lqpg3dfzgbys/T/1547178317293-0/src/simple-preferences-master/example/build.gradle, -Dorg.gradle.daemon=false, -Dorg.gradle.daemon.performance.enable-monitoring=false, -Dorg.gradle.configureondemand=true, tasks]
2019-01-11 10:45:28,415 INFO  ProjectTaskService - Detected possible tasks: 69
2019-01-11 10:45:28,415 INFO  ProjectTaskService - Excluded tasks (18): lintDebug deviceCheck lint testReleaseUnitTest uninstallRelease deviceAndroidTest uninstallDebugAndroidTest installDebugAndroidTest connectedCheck connectedDebugAndroidTest uninstallAll test check testDebugUnitTest connectedAndroidTest installDebug lintRelease uninstallDebug
2019-01-11 10:45:28,416 INFO  SysUtils - Execute command: [/var/folders/bq/vtzpc5ns5sg2cthy61lqpg3dfzgbys/T/1547178317293-0/src/simple-preferences-master/gradlew, -b, /var/folders/bq/vtzpc5ns5sg2cthy61lqpg3dfzgbys/T/1547178317293-0/src/simple-preferences-master/example/build.gradle, -Dorg.gradle.daemon=false, -Dorg.gradle.daemon.performance.enable-monitoring=false, -Dorg.gradle.configureondemand=true, --stacktrace, -x, lintDebug, -x, deviceCheck, -x, lint, -x, testReleaseUnitTest, -x, uninstallRelease, -x, deviceAndroidTest, -x, uninstallDebugAndroidTest, -x, installDebugAndroidTest, -x, connectedCheck, -x, connectedDebugAndroidTest, -x, uninstallAll, -x, test, -x, check, -x, testDebugUnitTest, -x, connectedAndroidTest, -x, installDebug, -x, lintRelease, -x, uninstallDebug, build]
2019-01-11 10:45:47,279 ERROR SysUtils - Could not process external command
org.apache.commons.exec.ExecuteException: Process exited with an error: 1 (Exit value: 1)
	at org.apache.commons.exec.DefaultExecutor.executeInternal(DefaultExecutor.java:404)
	at org.apache.commons.exec.DefaultExecutor.execute(DefaultExecutor.java:166)
	at com.github.vbauer.apkmaster.util.SysUtils.execute(SysUtils.java:67)
	at com.github.vbauer.apkmaster.util.SysUtils.executeSimple(SysUtils.java:43)
	at com.github.vbauer.apkmaster.service.assembly.ProjectBuildService.buildProject(ProjectBuildService.java:78)
	at com.github.vbauer.apkmaster.service.assembly.ProjectBuildService.buildProject(ProjectBuildService.java:64)
	at com.github.vbauer.apkmaster.service.assembly.ProjectBuildService.buildProject(ProjectBuildService.java:43)
	at com.github.vbauer.apkmaster.service.FullProcessService.build(FullProcessService.java:84)
	at com.github.vbauer.apkmaster.service.FullProcessService.process(FullProcessService.java:34)
	at com.github.vbauer.apkmaster.app.MainApplication.process(MainApplication.java:38)
	at com.github.vbauer.apkmaster.app.MainApplication.main(MainApplication.java:20)
	at sun.reflect.NativeMethodAccessorImpl.invoke0(Native Method)
	at sun.reflect.NativeMethodAccessorImpl.invoke(NativeMethodAccessorImpl.java:62)
	at sun.reflect.DelegatingMethodAccessorImpl.invoke(DelegatingMethodAccessorImpl.java:43)
	at java.lang.reflect.Method.invoke(Method.java:498)
	at com.android.arsenal.util.ReflectionUtils.invoke(ReflectionUtils.java:52)
	at com.android.arsenal.util.ApkMasterUtils.main(ApkMasterUtils.java:30)
	at com.android.arsenal.service.processor.impl.BuildProcessorServiceImpl.buildProject(BuildProcessorServiceImpl.java:196)
	at com.android.arsenal.service.processor.impl.BuildProcessorServiceImpl.build(BuildProcessorServiceImpl.java:130)
	at com.android.arsenal.service.processor.impl.BuildProcessorServiceImpl.lambda$createTasks$1(BuildProcessorServiceImpl.java:113)
	at java.util.concurrent.FutureTask.run(FutureTask.java:266)
	at java.util.concurrent.Executors$RunnableAdapter.call(Executors.java:511)
	at java.util.concurrent.FutureTask.run(FutureTask.java:266)
	at java.util.concurrent.ThreadPoolExecutor.runWorker(ThreadPoolExecutor.java:1149)
	at java.util.concurrent.ThreadPoolExecutor$Worker.run(ThreadPoolExecutor.java:624)
	at java.lang.Thread.run(Thread.java:748)
2019-01-11 10:45:47,279 INFO  SysUtils - Configuration on demand is an incubating feature.

> Task :annotations:compileJava
warning: [options] bootstrap class path not set in conjunction with -source 1.7
1 warning

> Task :annotations:processResources NO-SOURCE
> Task :annotations:classes
> Task :annotations:jar
> Transform annotations.jar (project :annotations) with IdentityTransform
> Task :processor:compileJava
> Task :processor:processResources NO-SOURCE
> Transform annotations.jar (project :annotations) with IdentityTransform
> Task :processor:classes
> Task :processor:jar
> Transform processor.jar (project :processor) with IdentityTransform
> Task :example:checkDebugClasspath
> Task :example:preBuild UP-TO-DATE
> Task :library:preBuild UP-TO-DATE
> Task :library:preDebugBuild UP-TO-DATE
> Task :library:checkDebugManifest
> Task :library:processDebugManifest
> Task :example:preDebugBuild
> Task :library:compileDebugAidl NO-SOURCE
> Task :example:compileDebugAidl NO-SOURCE
> Task :library:packageDebugRenderscript NO-SOURCE
> Task :example:compileDebugRenderscript
> Task :example:checkDebugManifest
> Task :example:generateDebugBuildConfig
> Task :example:prepareLintJar
> Task :example:mainApkListPersistenceDebug
> Task :example:generateDebugResValues
> Task :example:generateDebugResources
> Task :library:compileDebugRenderscript
> Task :library:generateDebugResValues
> Task :library:generateDebugResources
> Task :library:packageDebugResources
> Task :example:mergeDebugResources
> Task :example:createDebugCompatibleScreenManifests
> Task :example:processDebugManifest
> Task :example:splitsDiscoveryTaskDebug
> Task :library:generateDebugRFile
> Task :example:processDebugResources
> Task :example:generateDebugSources
> Task :library:generateDebugBuildConfig
> Task :library:prepareLintJar
> Task :library:generateDebugSources
> Task :library:javaPreCompileDebug
> Task :library:compileDebugJavaWithJavac
> Task :library:processDebugJavaRes NO-SOURCE
> Task :library:transformClassesWithJacocoForDebug FAILED

FAILURE: Build failed with an exception.

* What went wrong:
Execution failed for task ':library:transformClassesWithJacocoForDebug'.
> There was a failure while executing work items
   > A failure occurred while executing com.android.build.gradle.internal.transforms.JacocoTransform$JacocoWorkerAction
      > java.lang.ExceptionInInitializerError (no error message)

* Try:
Run with --info or --debug option to get more log output. Run with --scan to get full insights.

* Exception is:
org.gradle.api.tasks.TaskExecutionException: Execution failed for task ':library:transformClassesWithJacocoForDebug'.
	at org.gradle.api.internal.tasks.execution.ExecuteActionsTaskExecuter.executeActions(ExecuteActionsTaskExecuter.java:110)
	at org.gradle.api.internal.tasks.execution.ExecuteActionsTaskExecuter.execute(ExecuteActionsTaskExecuter.java:77)
	at org.gradle.api.internal.tasks.execution.OutputDirectoryCreatingTaskExecuter.execute(OutputDirectoryCreatingTaskExecuter.java:51)
	at org.gradle.api.internal.tasks.execution.SkipUpToDateTaskExecuter.execute(SkipUpToDateTaskExecuter.java:59)
	at org.gradle.api.internal.tasks.execution.ResolveTaskOutputCachingStateExecuter.execute(ResolveTaskOutputCachingStateExecuter.java:54)
	at org.gradle.api.internal.tasks.execution.ValidatingTaskExecuter.execute(ValidatingTaskExecuter.java:59)
	at org.gradle.api.internal.tasks.execution.SkipEmptySourceFilesTaskExecuter.execute(SkipEmptySourceFilesTaskExecuter.java:101)
	at org.gradle.api.internal.tasks.execution.FinalizeInputFilePropertiesTaskExecuter.execute(FinalizeInputFilePropertiesTaskExecuter.java:44)
	at org.gradle.api.internal.tasks.execution.CleanupStaleOutputsExecuter.execute(CleanupStaleOutputsExecuter.java:91)
	at org.gradle.api.internal.tasks.execution.ResolveTaskArtifactStateTaskExecuter.execute(ResolveTaskArtifactStateTaskExecuter.java:62)
	at org.gradle.api.internal.tasks.execution.SkipTaskWithNoActionsExecuter.execute(SkipTaskWithNoActionsExecuter.java:59)
	at org.gradle.api.internal.tasks.execution.SkipOnlyIfTaskExecuter.execute(SkipOnlyIfTaskExecuter.java:54)
	at org.gradle.api.internal.tasks.execution.ExecuteAtMostOnceTaskExecuter.execute(ExecuteAtMostOnceTaskExecuter.java:43)
	at org.gradle.api.internal.tasks.execution.CatchExceptionTaskExecuter.execute(CatchExceptionTaskExecuter.java:34)
	at org.gradle.api.internal.tasks.execution.EventFiringTaskExecuter$1.run(EventFiringTaskExecuter.java:51)
	at org.gradle.internal.operations.DefaultBuildOperationExecutor$RunnableBuildOperationWorker.execute(DefaultBuildOperationExecutor.java:300)
	at org.gradle.internal.operations.DefaultBuildOperationExecutor$RunnableBuildOperationWorker.execute(DefaultBuildOperationExecutor.java:292)
	at org.gradle.internal.operations.DefaultBuildOperationExecutor.execute(DefaultBuildOperationExecutor.java:174)
	at org.gradle.internal.operations.DefaultBuildOperationExecutor.run(DefaultBuildOperationExecutor.java:90)
	at org.gradle.internal.operations.DelegatingBuildOperationExecutor.run(DelegatingBuildOperationExecutor.java:31)
	at org.gradle.api.internal.tasks.execution.EventFiringTaskExecuter.execute(EventFiringTaskExecuter.java:46)
	at org.gradle.execution.taskgraph.LocalTaskInfoExecutor.execute(LocalTaskInfoExecutor.java:42)
	at org.gradle.execution.taskgraph.DefaultTaskExecutionGraph$BuildOperationAwareWorkItemExecutor.execute(DefaultTaskExecutionGraph.java:277)
	at org.gradle.execution.taskgraph.DefaultTaskExecutionGraph$BuildOperationAwareWorkItemExecutor.execute(DefaultTaskExecutionGraph.java:262)
	at org.gradle.execution.taskgraph.DefaultTaskPlanExecutor$ExecutorWorker$1.execute(DefaultTaskPlanExecutor.java:135)
	at org.gradle.execution.taskgraph.DefaultTaskPlanExecutor$ExecutorWorker$1.execute(DefaultTaskPlanExecutor.java:130)
	at org.gradle.execution.taskgraph.DefaultTaskPlanExecutor$ExecutorWorker.execute(DefaultTaskPlanExecutor.java:200)
	at org.gradle.execution.taskgraph.DefaultTaskPlanExecutor$ExecutorWorker.executeWithWork(DefaultTaskPlanExecutor.java:191)
	at org.gradle.execution.taskgraph.DefaultTaskPlanExecutor$ExecutorWorker.run(DefaultTaskPlanExecutor.java:130)
	at org.gradle.internal.concurrent.ExecutorPolicy$CatchAndRecordFailures.onExecute(ExecutorPolicy.java:63)
	at org.gradle.internal.concurrent.ManagedExecutorImpl$1.run(ManagedExecutorImpl.java:46)
	at org.gradle.internal.concurrent.ThreadFactoryImpl$ManagedThreadRunnable.run(ThreadFactoryImpl.java:55)
Caused by: org.gradle.workers.WorkerExecutionException: There was a failure while executing work items
	at org.gradle.workers.internal.DefaultWorkerExecutor.workerExecutionException(DefaultWorkerExecutor.java:155)
	at org.gradle.workers.internal.DefaultWorkerExecutor.await(DefaultWorkerExecutor.java:149)
	at com.android.build.gradle.internal.transforms.JacocoTransform.transform(JacocoTransform.java:145)
	at com.android.build.gradle.internal.pipeline.TransformTask$2.call(TransformTask.java:239)
	at com.android.build.gradle.internal.pipeline.TransformTask$2.call(TransformTask.java:235)
	at com.android.builder.profile.ThreadRecorder.record(ThreadRecorder.java:102)
	at com.android.build.gradle.internal.pipeline.TransformTask.transform(TransformTask.java:230)
	at org.gradle.internal.reflect.JavaMethod.invoke(JavaMethod.java:73)
	at org.gradle.api.internal.project.taskfactory.IncrementalTaskAction.doExecute(IncrementalTaskAction.java:50)
	at org.gradle.api.internal.project.taskfactory.StandardTaskAction.execute(StandardTaskAction.java:39)
	at org.gradle.api.internal.project.taskfactory.StandardTaskAction.execute(StandardTaskAction.java:26)
	at org.gradle.api.internal.tasks.execution.ExecuteActionsTaskExecuter$1.run(ExecuteActionsTaskExecuter.java:131)
	at org.gradle.internal.operations.DefaultBuildOperationExecutor$RunnableBuildOperationWorker.execute(DefaultBuildOperationExecutor.java:300)
	at org.gradle.internal.operations.DefaultBuildOperationExecutor$RunnableBuildOperationWorker.execute(DefaultBuildOperationExecutor.java:292)
	at org.gradle.internal.operations.DefaultBuildOperationExecutor.execute(DefaultBuildOperationExecutor.java:174)
	at org.gradle.internal.operations.DefaultBuildOperationExecutor.run(DefaultBuildOperationExecutor.java:90)
	at org.gradle.internal.operations.DelegatingBuildOperationExecutor.run(DelegatingBuildOperationExecutor.java:31)
	at org.gradle.api.internal.tasks.execution.ExecuteActionsTaskExecuter.executeAction(ExecuteActionsTaskExecuter.java:120)
	at org.gradle.api.internal.tasks.execution.ExecuteActionsTaskExecuter.executeActions(ExecuteActionsTaskExecuter.java:99)
	... 31 more
Caused by: org.gradle.workers.internal.DefaultWorkerExecutor$WorkExecutionException: A failure occurred while executing com.android.build.gradle.internal.transforms.JacocoTransform$JacocoWorkerAction
	at org.gradle.workers.internal.DefaultWorkerExecutor$1.call(DefaultWorkerExecutor.java:104)
	at org.gradle.workers.internal.DefaultWorkerExecutor$1.call(DefaultWorkerExecutor.java:96)
	at org.gradle.internal.work.AbstractConditionalExecution$1.run(AbstractConditionalExecution.java:38)
	at org.gradle.internal.work.DefaultConditionalExecutionQueue$ExecutionRunner.runExecution(DefaultConditionalExecutionQueue.java:212)
	at org.gradle.internal.work.DefaultConditionalExecutionQueue$ExecutionRunner.runBatch(DefaultConditionalExecutionQueue.java:161)
	at org.gradle.internal.work.DefaultConditionalExecutionQueue$ExecutionRunner.run(DefaultConditionalExecutionQueue.java:130)
	... 3 more
Caused by: java.lang.ExceptionInInitializerError
	at org.gradle.api.internal.classloading.GroovySystemLoaderFactory.forClassLoader(GroovySystemLoaderFactory.java:44)
	at org.gradle.workers.internal.IsolatedClassloaderWorkerFactory.executeInWorkerClassLoader(IsolatedClassloaderWorkerFactory.java:97)
	at org.gradle.workers.internal.IsolatedClassloaderWorkerFactory.access$100(IsolatedClassloaderWorkerFactory.java:54)
	at org.gradle.workers.internal.IsolatedClassloaderWorkerFactory$1$1.call(IsolatedClassloaderWorkerFactory.java:78)
	at org.gradle.workers.internal.IsolatedClassloaderWorkerFactory$1$1.call(IsolatedClassloaderWorkerFactory.java:75)
	at org.gradle.internal.operations.DefaultBuildOperationExecutor$CallableBuildOperationWorker.execute(DefaultBuildOperationExecutor.java:314)
	at org.gradle.internal.operations.DefaultBuildOperationExecutor$CallableBuildOperationWorker.execute(DefaultBuildOperationExecutor.java:304)
	at org.gradle.internal.operations.DefaultBuildOperationExecutor.execute(DefaultBuildOperationExecutor.java:174)
	at org.gradle.internal.operations.DefaultBuildOperationExecutor.call(DefaultBuildOperationExecutor.java:100)
	at org.gradle.internal.operations.DelegatingBuildOperationExecutor.call(DelegatingBuildOperationExecutor.java:36)
	at org.gradle.workers.internal.IsolatedClassloaderWorkerFactory$1.execute(IsolatedClassloaderWorkerFactory.java:75)
	at org.gradle.workers.internal.DefaultWorkerExecutor$1.call(DefaultWorkerExecutor.java:102)
	... 8 more
Caused by: groovy.lang.GroovyRuntimeException: Conflicting module versions. Module [groovy-all is loaded in version 2.4.12 and you are trying to load version 2.4.15
	... 20 more


* Get more help at https://help.gradle.org

Deprecated Gradle features were used in this build, making it incompatible with Gradle 5.0.
Use '--warning-mode all' to show the individual deprecation warnings.
See https://docs.gradle.org/4.10.2/userguide/command_line_interface.html#sec:command_line_warnings

BUILD FAILED in 18s
28 actionable tasks: 28 executed

2019-01-11 10:45:47,315 INFO  ProjectTaskService - Detecting possible tasks...
2019-01-11 10:45:47,315 INFO  SysUtils - Execute command: [/var/folders/bq/vtzpc5ns5sg2cthy61lqpg3dfzgbys/T/1547178317293-0/src/simple-preferences-master/gradlew, -b, /var/folders/bq/vtzpc5ns5sg2cthy61lqpg3dfzgbys/T/1547178317293-0/src/simple-preferences-master/library/build.gradle, -Dorg.gradle.daemon=false, -Dorg.gradle.daemon.performance.enable-monitoring=false, -Dorg.gradle.configureondemand=true, tasks]
2019-01-11 10:45:55,313 INFO  ProjectTaskService - Detected possible tasks: 78
2019-01-11 10:45:55,314 INFO  ProjectTaskService - Excluded tasks (16): lintDebug deviceCheck lint testReleaseUnitTest deviceAndroidTest uninstallDebugAndroidTest installDebugAndroidTest connectedCheck connectedDebugAndroidTest uninstallAll createDebugCoverageReport test check testDebugUnitTest connectedAndroidTest lintRelease
2019-01-11 10:45:55,314 INFO  SysUtils - Execute command: [/var/folders/bq/vtzpc5ns5sg2cthy61lqpg3dfzgbys/T/1547178317293-0/src/simple-preferences-master/gradlew, -b, /var/folders/bq/vtzpc5ns5sg2cthy61lqpg3dfzgbys/T/1547178317293-0/src/simple-preferences-master/library/build.gradle, -Dorg.gradle.daemon=false, -Dorg.gradle.daemon.performance.enable-monitoring=false, -Dorg.gradle.configureondemand=true, --stacktrace, -x, lintDebug, -x, deviceCheck, -x, lint, -x, testReleaseUnitTest, -x, deviceAndroidTest, -x, uninstallDebugAndroidTest, -x, installDebugAndroidTest, -x, connectedCheck, -x, connectedDebugAndroidTest, -x, uninstallAll, -x, createDebugCoverageReport, -x, test, -x, check, -x, testDebugUnitTest, -x, connectedAndroidTest, -x, lintRelease, build]
2019-01-11 10:46:03,163 ERROR SysUtils - Could not process external command
org.apache.commons.exec.ExecuteException: Process exited with an error: 1 (Exit value: 1)
	at org.apache.commons.exec.DefaultExecutor.executeInternal(DefaultExecutor.java:404)
	at org.apache.commons.exec.DefaultExecutor.execute(DefaultExecutor.java:166)
	at com.github.vbauer.apkmaster.util.SysUtils.execute(SysUtils.java:67)
	at com.github.vbauer.apkmaster.util.SysUtils.executeSimple(SysUtils.java:43)
	at com.github.vbauer.apkmaster.service.assembly.ProjectBuildService.buildProject(ProjectBuildService.java:78)
	at com.github.vbauer.apkmaster.service.assembly.ProjectBuildService.buildProject(ProjectBuildService.java:64)
	at com.github.vbauer.apkmaster.service.assembly.ProjectBuildService.buildProject(ProjectBuildService.java:43)
	at com.github.vbauer.apkmaster.service.FullProcessService.build(FullProcessService.java:84)
	at com.github.vbauer.apkmaster.service.FullProcessService.process(FullProcessService.java:34)
	at com.github.vbauer.apkmaster.app.MainApplication.process(MainApplication.java:38)
	at com.github.vbauer.apkmaster.app.MainApplication.main(MainApplication.java:20)
	at sun.reflect.NativeMethodAccessorImpl.invoke0(Native Method)
	at sun.reflect.NativeMethodAccessorImpl.invoke(NativeMethodAccessorImpl.java:62)
	at sun.reflect.DelegatingMethodAccessorImpl.invoke(DelegatingMethodAccessorImpl.java:43)
	at java.lang.reflect.Method.invoke(Method.java:498)
	at com.android.arsenal.util.ReflectionUtils.invoke(ReflectionUtils.java:52)
	at com.android.arsenal.util.ApkMasterUtils.main(ApkMasterUtils.java:30)
	at com.android.arsenal.service.processor.impl.BuildProcessorServiceImpl.buildProject(BuildProcessorServiceImpl.java:196)
	at com.android.arsenal.service.processor.impl.BuildProcessorServiceImpl.build(BuildProcessorServiceImpl.java:130)
	at com.android.arsenal.service.processor.impl.BuildProcessorServiceImpl.lambda$createTasks$1(BuildProcessorServiceImpl.java:113)
	at java.util.concurrent.FutureTask.run(FutureTask.java:266)
	at java.util.concurrent.Executors$RunnableAdapter.call(Executors.java:511)
	at java.util.concurrent.FutureTask.run(FutureTask.java:266)
	at java.util.concurrent.ThreadPoolExecutor.runWorker(ThreadPoolExecutor.java:1149)
	at java.util.concurrent.ThreadPoolExecutor$Worker.run(ThreadPoolExecutor.java:624)
	at java.lang.Thread.run(Thread.java:748)
2019-01-11 10:46:03,163 INFO  SysUtils - Configuration on demand is an incubating feature.
> Task :library:preBuild UP-TO-DATE
> Task :library:preDebugBuild UP-TO-DATE
> Task :library:compileDebugAidl NO-SOURCE
> Task :annotations:compileJava UP-TO-DATE
> Task :annotations:processResources NO-SOURCE
> Task :annotations:classes UP-TO-DATE
> Task :annotations:jar UP-TO-DATE
> Transform annotations.jar (project :annotations) with IdentityTransform
> Task :library:compileDebugRenderscript UP-TO-DATE
> Transform annotations.jar (project :annotations) with IdentityTransform
> Task :library:checkDebugManifest UP-TO-DATE
> Task :library:generateDebugBuildConfig UP-TO-DATE
> Task :library:generateDebugResValues UP-TO-DATE
> Task :library:generateDebugResources UP-TO-DATE
> Task :library:packageDebugResources UP-TO-DATE
> Task :library:processDebugManifest UP-TO-DATE
> Task :library:generateDebugRFile UP-TO-DATE
> Task :library:prepareLintJar UP-TO-DATE
> Task :library:generateDebugSources UP-TO-DATE
> Task :library:javaPreCompileDebug UP-TO-DATE
> Task :library:compileDebugJavaWithJavac UP-TO-DATE
> Task :library:extractDebugAnnotations
> Task :library:mergeDebugConsumerProguardFiles
> Task :library:mergeDebugShaders
> Task :library:compileDebugShaders
> Task :library:generateDebugAssets
> Task :library:packageDebugAssets
> Task :library:packageDebugRenderscript NO-SOURCE
> Task :library:transformClassesWithJacocoForDebug FAILED

FAILURE: Build failed with an exception.

* What went wrong:
Execution failed for task ':library:transformClassesWithJacocoForDebug'.
> There was a failure while executing work items
   > A failure occurred while executing com.android.build.gradle.internal.transforms.JacocoTransform$JacocoWorkerAction
      > java.lang.ExceptionInInitializerError (no error message)

* Try:
Run with --info or --debug option to get more log output. Run with --scan to get full insights.

* Exception is:
org.gradle.api.tasks.TaskExecutionException: Execution failed for task ':library:transformClassesWithJacocoForDebug'.
	at org.gradle.api.internal.tasks.execution.ExecuteActionsTaskExecuter.executeActions(ExecuteActionsTaskExecuter.java:110)
	at org.gradle.api.internal.tasks.execution.ExecuteActionsTaskExecuter.execute(ExecuteActionsTaskExecuter.java:77)
	at org.gradle.api.internal.tasks.execution.OutputDirectoryCreatingTaskExecuter.execute(OutputDirectoryCreatingTaskExecuter.java:51)
	at org.gradle.api.internal.tasks.execution.SkipUpToDateTaskExecuter.execute(SkipUpToDateTaskExecuter.java:59)
	at org.gradle.api.internal.tasks.execution.ResolveTaskOutputCachingStateExecuter.execute(ResolveTaskOutputCachingStateExecuter.java:54)
	at org.gradle.api.internal.tasks.execution.ValidatingTaskExecuter.execute(ValidatingTaskExecuter.java:59)
	at org.gradle.api.internal.tasks.execution.SkipEmptySourceFilesTaskExecuter.execute(SkipEmptySourceFilesTaskExecuter.java:101)
	at org.gradle.api.internal.tasks.execution.FinalizeInputFilePropertiesTaskExecuter.execute(FinalizeInputFilePropertiesTaskExecuter.java:44)
	at org.gradle.api.internal.tasks.execution.CleanupStaleOutputsExecuter.execute(CleanupStaleOutputsExecuter.java:91)
	at org.gradle.api.internal.tasks.execution.ResolveTaskArtifactStateTaskExecuter.execute(ResolveTaskArtifactStateTaskExecuter.java:62)
	at org.gradle.api.internal.tasks.execution.SkipTaskWithNoActionsExecuter.execute(SkipTaskWithNoActionsExecuter.java:59)
	at org.gradle.api.internal.tasks.execution.SkipOnlyIfTaskExecuter.execute(SkipOnlyIfTaskExecuter.java:54)
	at org.gradle.api.internal.tasks.execution.ExecuteAtMostOnceTaskExecuter.execute(ExecuteAtMostOnceTaskExecuter.java:43)
	at org.gradle.api.internal.tasks.execution.CatchExceptionTaskExecuter.execute(CatchExceptionTaskExecuter.java:34)
	at org.gradle.api.internal.tasks.execution.EventFiringTaskExecuter$1.run(EventFiringTaskExecuter.java:51)
	at org.gradle.internal.operations.DefaultBuildOperationExecutor$RunnableBuildOperationWorker.execute(DefaultBuildOperationExecutor.java:300)
	at org.gradle.internal.operations.DefaultBuildOperationExecutor$RunnableBuildOperationWorker.execute(DefaultBuildOperationExecutor.java:292)
	at org.gradle.internal.operations.DefaultBuildOperationExecutor.execute(DefaultBuildOperationExecutor.java:174)
	at org.gradle.internal.operations.DefaultBuildOperationExecutor.run(DefaultBuildOperationExecutor.java:90)
	at org.gradle.internal.operations.DelegatingBuildOperationExecutor.run(DelegatingBuildOperationExecutor.java:31)
	at org.gradle.api.internal.tasks.execution.EventFiringTaskExecuter.execute(EventFiringTaskExecuter.java:46)
	at org.gradle.execution.taskgraph.LocalTaskInfoExecutor.execute(LocalTaskInfoExecutor.java:42)
	at org.gradle.execution.taskgraph.DefaultTaskExecutionGraph$BuildOperationAwareWorkItemExecutor.execute(DefaultTaskExecutionGraph.java:277)
	at org.gradle.execution.taskgraph.DefaultTaskExecutionGraph$BuildOperationAwareWorkItemExecutor.execute(DefaultTaskExecutionGraph.java:262)
	at org.gradle.execution.taskgraph.DefaultTaskPlanExecutor$ExecutorWorker$1.execute(DefaultTaskPlanExecutor.java:135)
	at org.gradle.execution.taskgraph.DefaultTaskPlanExecutor$ExecutorWorker$1.execute(DefaultTaskPlanExecutor.java:130)
	at org.gradle.execution.taskgraph.DefaultTaskPlanExecutor$ExecutorWorker.execute(DefaultTaskPlanExecutor.java:200)
	at org.gradle.execution.taskgraph.DefaultTaskPlanExecutor$ExecutorWorker.executeWithWork(DefaultTaskPlanExecutor.java:191)
	at org.gradle.execution.taskgraph.DefaultTaskPlanExecutor$ExecutorWorker.run(DefaultTaskPlanExecutor.java:130)
	at org.gradle.internal.concurrent.ExecutorPolicy$CatchAndRecordFailures.onExecute(ExecutorPolicy.java:63)
	at org.gradle.internal.concurrent.ManagedExecutorImpl$1.run(ManagedExecutorImpl.java:46)
	at org.gradle.internal.concurrent.ThreadFactoryImpl$ManagedThreadRunnable.run(ThreadFactoryImpl.java:55)
Caused by: org.gradle.workers.WorkerExecutionException: There was a failure while executing work items
	at org.gradle.workers.internal.DefaultWorkerExecutor.workerExecutionException(DefaultWorkerExecutor.java:155)
	at org.gradle.workers.internal.DefaultWorkerExecutor.await(DefaultWorkerExecutor.java:149)
	at com.android.build.gradle.internal.transforms.JacocoTransform.transform(JacocoTransform.java:145)
	at com.android.build.gradle.internal.pipeline.TransformTask$2.call(TransformTask.java:239)
	at com.android.build.gradle.internal.pipeline.TransformTask$2.call(TransformTask.java:235)
	at com.android.builder.profile.ThreadRecorder.record(ThreadRecorder.java:102)
	at com.android.build.gradle.internal.pipeline.TransformTask.transform(TransformTask.java:230)
	at org.gradle.internal.reflect.JavaMethod.invoke(JavaMethod.java:73)
	at org.gradle.api.internal.project.taskfactory.IncrementalTaskAction.doExecute(IncrementalTaskAction.java:50)
	at org.gradle.api.internal.project.taskfactory.StandardTaskAction.execute(StandardTaskAction.java:39)
	at org.gradle.api.internal.project.taskfactory.StandardTaskAction.execute(StandardTaskAction.java:26)
	at org.gradle.api.internal.tasks.execution.ExecuteActionsTaskExecuter$1.run(ExecuteActionsTaskExecuter.java:131)
	at org.gradle.internal.operations.DefaultBuildOperationExecutor$RunnableBuildOperationWorker.execute(DefaultBuildOperationExecutor.java:300)
	at org.gradle.internal.operations.DefaultBuildOperationExecutor$RunnableBuildOperationWorker.execute(DefaultBuildOperationExecutor.java:292)
	at org.gradle.internal.operations.DefaultBuildOperationExecutor.execute(DefaultBuildOperationExecutor.java:174)
	at org.gradle.internal.operations.DefaultBuildOperationExecutor.run(DefaultBuildOperationExecutor.java:90)
	at org.gradle.internal.operations.DelegatingBuildOperationExecutor.run(DelegatingBuildOperationExecutor.java:31)
	at org.gradle.api.internal.tasks.execution.ExecuteActionsTaskExecuter.executeAction(ExecuteActionsTaskExecuter.java:120)
	at org.gradle.api.internal.tasks.execution.ExecuteActionsTaskExecuter.executeActions(ExecuteActionsTaskExecuter.java:99)
	... 31 more
Caused by: org.gradle.workers.internal.DefaultWorkerExecutor$WorkExecutionException: A failure occurred while executing com.android.build.gradle.internal.transforms.JacocoTransform$JacocoWorkerAction
	at org.gradle.workers.internal.DefaultWorkerExecutor$1.call(DefaultWorkerExecutor.java:104)
	at org.gradle.workers.internal.DefaultWorkerExecutor$1.call(DefaultWorkerExecutor.java:96)
	at org.gradle.internal.work.AbstractConditionalExecution$1.run(AbstractConditionalExecution.java:38)
	at org.gradle.internal.work.DefaultConditionalExecutionQueue$ExecutionRunner.runExecution(DefaultConditionalExecutionQueue.java:212)
	at org.gradle.internal.work.DefaultConditionalExecutionQueue$ExecutionRunner.runBatch(DefaultConditionalExecutionQueue.java:161)
	at org.gradle.internal.work.DefaultConditionalExecutionQueue$ExecutionRunner.run(DefaultConditionalExecutionQueue.java:130)
	... 3 more
Caused by: java.lang.ExceptionInInitializerError
	at org.gradle.api.internal.classloading.GroovySystemLoaderFactory.forClassLoader(GroovySystemLoaderFactory.java:44)
	at org.gradle.workers.internal.IsolatedClassloaderWorkerFactory.executeInWorkerClassLoader(IsolatedClassloaderWorkerFactory.java:97)
	at org.gradle.workers.internal.IsolatedClassloaderWorkerFactory.access$100(IsolatedClassloaderWorkerFactory.java:54)
	at org.gradle.workers.internal.IsolatedClassloaderWorkerFactory$1$1.call(IsolatedClassloaderWorkerFactory.java:78)
	at org.gradle.workers.internal.IsolatedClassloaderWorkerFactory$1$1.call(IsolatedClassloaderWorkerFactory.java:75)
	at org.gradle.internal.operations.DefaultBuildOperationExecutor$CallableBuildOperationWorker.execute(DefaultBuildOperationExecutor.java:314)
	at org.gradle.internal.operations.DefaultBuildOperationExecutor$CallableBuildOperationWorker.execute(DefaultBuildOperationExecutor.java:304)
	at org.gradle.internal.operations.DefaultBuildOperationExecutor.execute(DefaultBuildOperationExecutor.java:174)
	at org.gradle.internal.operations.DefaultBuildOperationExecutor.call(DefaultBuildOperationExecutor.java:100)
	at org.gradle.internal.operations.DelegatingBuildOperationExecutor.call(DelegatingBuildOperationExecutor.java:36)
	at org.gradle.workers.internal.IsolatedClassloaderWorkerFactory$1.execute(IsolatedClassloaderWorkerFactory.java:75)
	at org.gradle.workers.internal.DefaultWorkerExecutor$1.call(DefaultWorkerExecutor.java:102)
	... 8 more
Caused by: groovy.lang.GroovyRuntimeException: Conflicting module versions. Module [groovy-all is loaded in version 2.4.12 and you are trying to load version 2.4.15
	... 20 more


* Get more help at https://help.gradle.org

Deprecated Gradle features were used in this build, making it incompatible with Gradle 5.0.
Use '--warning-mode all' to show the individual deprecation warnings.
See https://docs.gradle.org/4.10.2/userguide/command_line_interface.html#sec:command_line_warnings

BUILD FAILED in 7s
18 actionable tasks: 6 executed, 12 up-to-date

2019-01-11 10:46:03,194 INFO  ProjectTaskService - Detecting possible tasks...
2019-01-11 10:46:03,195 INFO  SysUtils - Execute command: [/var/folders/bq/vtzpc5ns5sg2cthy61lqpg3dfzgbys/T/1547178317293-0/src/simple-preferences-master/gradlew, -b, /var/folders/bq/vtzpc5ns5sg2cthy61lqpg3dfzgbys/T/1547178317293-0/src/simple-preferences-master/build.gradle, -Dorg.gradle.daemon=false, -Dorg.gradle.daemon.performance.enable-monitoring=false, -Dorg.gradle.configureondemand=true, tasks]
2019-01-11 10:46:11,971 INFO  ProjectTaskService - Detected possible tasks: 93
2019-01-11 10:46:11,971 INFO  ProjectTaskService - Excluded tasks (20): lintDebug deviceCheck lint testReleaseUnitTest javadoc uninstallRelease deviceAndroidTest uninstallDebugAndroidTest installDebugAndroidTest connectedCheck connectedDebugAndroidTest uninstallAll createDebugCoverageReport test check testDebugUnitTest connectedAndroidTest installDebug lintRelease uninstallDebug
2019-01-11 10:46:11,971 INFO  SysUtils - Execute command: [/var/folders/bq/vtzpc5ns5sg2cthy61lqpg3dfzgbys/T/1547178317293-0/src/simple-preferences-master/gradlew, -b, /var/folders/bq/vtzpc5ns5sg2cthy61lqpg3dfzgbys/T/1547178317293-0/src/simple-preferences-master/build.gradle, -Dorg.gradle.daemon=false, -Dorg.gradle.daemon.performance.enable-monitoring=false, -Dorg.gradle.configureondemand=true, --stacktrace, -x, lintDebug, -x, deviceCheck, -x, lint, -x, testReleaseUnitTest, -x, javadoc, -x, uninstallRelease, -x, deviceAndroidTest, -x, uninstallDebugAndroidTest, -x, installDebugAndroidTest, -x, connectedCheck, -x, connectedDebugAndroidTest, -x, uninstallAll, -x, createDebugCoverageReport, -x, test, -x, check, -x, testDebugUnitTest, -x, connectedAndroidTest, -x, installDebug, -x, lintRelease, -x, uninstallDebug, build]
2019-01-11 10:46:21,290 ERROR SysUtils - Could not process external command
org.apache.commons.exec.ExecuteException: Process exited with an error: 1 (Exit value: 1)
	at org.apache.commons.exec.DefaultExecutor.executeInternal(DefaultExecutor.java:404)
	at org.apache.commons.exec.DefaultExecutor.execute(DefaultExecutor.java:166)
	at com.github.vbauer.apkmaster.util.SysUtils.execute(SysUtils.java:67)
	at com.github.vbauer.apkmaster.util.SysUtils.executeSimple(SysUtils.java:43)
	at com.github.vbauer.apkmaster.service.assembly.ProjectBuildService.buildProject(ProjectBuildService.java:78)
	at com.github.vbauer.apkmaster.service.assembly.ProjectBuildService.buildProject(ProjectBuildService.java:64)
	at com.github.vbauer.apkmaster.service.assembly.ProjectBuildService.buildProject(ProjectBuildService.java:43)
	at com.github.vbauer.apkmaster.service.FullProcessService.build(FullProcessService.java:84)
	at com.github.vbauer.apkmaster.service.FullProcessService.process(FullProcessService.java:34)
	at com.github.vbauer.apkmaster.app.MainApplication.process(MainApplication.java:38)
	at com.github.vbauer.apkmaster.app.MainApplication.main(MainApplication.java:20)
	at sun.reflect.NativeMethodAccessorImpl.invoke0(Native Method)
	at sun.reflect.NativeMethodAccessorImpl.invoke(NativeMethodAccessorImpl.java:62)
	at sun.reflect.DelegatingMethodAccessorImpl.invoke(DelegatingMethodAccessorImpl.java:43)
	at java.lang.reflect.Method.invoke(Method.java:498)
	at com.android.arsenal.util.ReflectionUtils.invoke(ReflectionUtils.java:52)
	at com.android.arsenal.util.ApkMasterUtils.main(ApkMasterUtils.java:30)
	at com.android.arsenal.service.processor.impl.BuildProcessorServiceImpl.buildProject(BuildProcessorServiceImpl.java:196)
	at com.android.arsenal.service.processor.impl.BuildProcessorServiceImpl.build(BuildProcessorServiceImpl.java:130)
	at com.android.arsenal.service.processor.impl.BuildProcessorServiceImpl.lambda$createTasks$1(BuildProcessorServiceImpl.java:113)
	at java.util.concurrent.FutureTask.run(FutureTask.java:266)
	at java.util.concurrent.Executors$RunnableAdapter.call(Executors.java:511)
	at java.util.concurrent.FutureTask.run(FutureTask.java:266)
	at java.util.concurrent.ThreadPoolExecutor.runWorker(ThreadPoolExecutor.java:1149)
	at java.util.concurrent.ThreadPoolExecutor$Worker.run(ThreadPoolExecutor.java:624)
	at java.lang.Thread.run(Thread.java:748)
2019-01-11 10:46:21,290 INFO  SysUtils - Configuration on demand is an incubating feature.
> Task :annotations:compileJava UP-TO-DATE
> Task :annotations:processResources NO-SOURCE
> Task :annotations:classes UP-TO-DATE
> Task :annotations:jar UP-TO-DATE
> Task :annotations:assemble UP-TO-DATE
> Task :annotations:build
> Transform annotations.jar (project :annotations) with IdentityTransform
> Task :processor:compileJava UP-TO-DATE
> Transform annotations.jar (project :annotations) with IdentityTransform
> Task :processor:processResources NO-SOURCE
> Task :processor:classes UP-TO-DATE
> Task :processor:jar UP-TO-DATE
> Transform processor.jar (project :processor) with IdentityTransform
> Task :example:checkDebugClasspath UP-TO-DATE
> Task :example:preBuild UP-TO-DATE
> Task :library:preBuild UP-TO-DATE
> Task :library:preDebugBuild UP-TO-DATE
> Task :library:checkDebugManifest UP-TO-DATE
> Task :library:processDebugManifest UP-TO-DATE
> Task :example:preDebugBuild UP-TO-DATE
> Task :library:compileDebugAidl NO-SOURCE
> Task :example:compileDebugAidl NO-SOURCE
> Task :library:packageDebugRenderscript NO-SOURCE
> Task :example:compileDebugRenderscript UP-TO-DATE
> Task :example:checkDebugManifest UP-TO-DATE
> Task :example:generateDebugBuildConfig UP-TO-DATE
> Task :example:prepareLintJar UP-TO-DATE
> Task :example:mainApkListPersistenceDebug UP-TO-DATE
> Task :example:generateDebugResValues UP-TO-DATE
> Task :example:generateDebugResources UP-TO-DATE
> Task :library:compileDebugRenderscript UP-TO-DATE
> Task :library:generateDebugResValues UP-TO-DATE
> Task :library:generateDebugResources UP-TO-DATE
> Task :library:packageDebugResources UP-TO-DATE
> Task :example:mergeDebugResources UP-TO-DATE
> Task :example:createDebugCompatibleScreenManifests UP-TO-DATE
> Task :example:processDebugManifest UP-TO-DATE
> Task :example:splitsDiscoveryTaskDebug UP-TO-DATE
> Task :library:generateDebugRFile UP-TO-DATE
> Task :example:processDebugResources UP-TO-DATE
> Task :example:generateDebugSources UP-TO-DATE
> Task :library:generateDebugBuildConfig UP-TO-DATE
> Task :library:prepareLintJar UP-TO-DATE
> Task :library:generateDebugSources UP-TO-DATE
> Task :library:javaPreCompileDebug UP-TO-DATE
> Task :library:compileDebugJavaWithJavac UP-TO-DATE
> Task :library:processDebugJavaRes NO-SOURCE
> Task :library:transformClassesWithJacocoForDebug FAILED

FAILURE: Build failed with an exception.

* What went wrong:
Execution failed for task ':library:transformClassesWithJacocoForDebug'.
> There was a failure while executing work items
   > A failure occurred while executing com.android.build.gradle.internal.transforms.JacocoTransform$JacocoWorkerAction
      > java.lang.ExceptionInInitializerError (no error message)

* Try:
Run with --info or --debug option to get more log output. Run with --scan to get full insights.

* Exception is:
org.gradle.api.tasks.TaskExecutionException: Execution failed for task ':library:transformClassesWithJacocoForDebug'.
	at org.gradle.api.internal.tasks.execution.ExecuteActionsTaskExecuter.executeActions(ExecuteActionsTaskExecuter.java:110)
	at org.gradle.api.internal.tasks.execution.ExecuteActionsTaskExecuter.execute(ExecuteActionsTaskExecuter.java:77)
	at org.gradle.api.internal.tasks.execution.OutputDirectoryCreatingTaskExecuter.execute(OutputDirectoryCreatingTaskExecuter.java:51)
	at org.gradle.api.internal.tasks.execution.SkipUpToDateTaskExecuter.execute(SkipUpToDateTaskExecuter.java:59)
	at org.gradle.api.internal.tasks.execution.ResolveTaskOutputCachingStateExecuter.execute(ResolveTaskOutputCachingStateExecuter.java:54)
	at org.gradle.api.internal.tasks.execution.ValidatingTaskExecuter.execute(ValidatingTaskExecuter.java:59)
	at org.gradle.api.internal.tasks.execution.SkipEmptySourceFilesTaskExecuter.execute(SkipEmptySourceFilesTaskExecuter.java:101)
	at org.gradle.api.internal.tasks.execution.FinalizeInputFilePropertiesTaskExecuter.execute(FinalizeInputFilePropertiesTaskExecuter.java:44)
	at org.gradle.api.internal.tasks.execution.CleanupStaleOutputsExecuter.execute(CleanupStaleOutputsExecuter.java:91)
	at org.gradle.api.internal.tasks.execution.ResolveTaskArtifactStateTaskExecuter.execute(ResolveTaskArtifactStateTaskExecuter.java:62)
	at org.gradle.api.internal.tasks.execution.SkipTaskWithNoActionsExecuter.execute(SkipTaskWithNoActionsExecuter.java:59)
	at org.gradle.api.internal.tasks.execution.SkipOnlyIfTaskExecuter.execute(SkipOnlyIfTaskExecuter.java:54)
	at org.gradle.api.internal.tasks.execution.ExecuteAtMostOnceTaskExecuter.execute(ExecuteAtMostOnceTaskExecuter.java:43)
	at org.gradle.api.internal.tasks.execution.CatchExceptionTaskExecuter.execute(CatchExceptionTaskExecuter.java:34)
	at org.gradle.api.internal.tasks.execution.EventFiringTaskExecuter$1.run(EventFiringTaskExecuter.java:51)
	at org.gradle.internal.operations.DefaultBuildOperationExecutor$RunnableBuildOperationWorker.execute(DefaultBuildOperationExecutor.java:300)
	at org.gradle.internal.operations.DefaultBuildOperationExecutor$RunnableBuildOperationWorker.execute(DefaultBuildOperationExecutor.java:292)
	at org.gradle.internal.operations.DefaultBuildOperationExecutor.execute(DefaultBuildOperationExecutor.java:174)
	at org.gradle.internal.operations.DefaultBuildOperationExecutor.run(DefaultBuildOperationExecutor.java:90)
	at org.gradle.internal.operations.DelegatingBuildOperationExecutor.run(DelegatingBuildOperationExecutor.java:31)
	at org.gradle.api.internal.tasks.execution.EventFiringTaskExecuter.execute(EventFiringTaskExecuter.java:46)
	at org.gradle.execution.taskgraph.LocalTaskInfoExecutor.execute(LocalTaskInfoExecutor.java:42)
	at org.gradle.execution.taskgraph.DefaultTaskExecutionGraph$BuildOperationAwareWorkItemExecutor.execute(DefaultTaskExecutionGraph.java:277)
	at org.gradle.execution.taskgraph.DefaultTaskExecutionGraph$BuildOperationAwareWorkItemExecutor.execute(DefaultTaskExecutionGraph.java:262)
	at org.gradle.execution.taskgraph.DefaultTaskPlanExecutor$ExecutorWorker$1.execute(DefaultTaskPlanExecutor.java:135)
	at org.gradle.execution.taskgraph.DefaultTaskPlanExecutor$ExecutorWorker$1.execute(DefaultTaskPlanExecutor.java:130)
	at org.gradle.execution.taskgraph.DefaultTaskPlanExecutor$ExecutorWorker.execute(DefaultTaskPlanExecutor.java:200)
	at org.gradle.execution.taskgraph.DefaultTaskPlanExecutor$ExecutorWorker.executeWithWork(DefaultTaskPlanExecutor.java:191)
	at org.gradle.execution.taskgraph.DefaultTaskPlanExecutor$ExecutorWorker.run(DefaultTaskPlanExecutor.java:130)
	at org.gradle.internal.concurrent.ExecutorPolicy$CatchAndRecordFailures.onExecute(ExecutorPolicy.java:63)
	at org.gradle.internal.concurrent.ManagedExecutorImpl$1.run(ManagedExecutorImpl.java:46)
	at org.gradle.internal.concurrent.ThreadFactoryImpl$ManagedThreadRunnable.run(ThreadFactoryImpl.java:55)
Caused by: org.gradle.workers.WorkerExecutionException: There was a failure while executing work items
	at org.gradle.workers.internal.DefaultWorkerExecutor.workerExecutionException(DefaultWorkerExecutor.java:155)
	at org.gradle.workers.internal.DefaultWorkerExecutor.await(DefaultWorkerExecutor.java:149)
	at com.android.build.gradle.internal.transforms.JacocoTransform.transform(JacocoTransform.java:145)
	at com.android.build.gradle.internal.pipeline.TransformTask$2.call(TransformTask.java:239)
	at com.android.build.gradle.internal.pipeline.TransformTask$2.call(TransformTask.java:235)
	at com.android.builder.profile.ThreadRecorder.record(ThreadRecorder.java:102)
	at com.android.build.gradle.internal.pipeline.TransformTask.transform(TransformTask.java:230)
	at org.gradle.internal.reflect.JavaMethod.invoke(JavaMethod.java:73)
	at org.gradle.api.internal.project.taskfactory.IncrementalTaskAction.doExecute(IncrementalTaskAction.java:50)
	at org.gradle.api.internal.project.taskfactory.StandardTaskAction.execute(StandardTaskAction.java:39)
	at org.gradle.api.internal.project.taskfactory.StandardTaskAction.execute(StandardTaskAction.java:26)
	at org.gradle.api.internal.tasks.execution.ExecuteActionsTaskExecuter$1.run(ExecuteActionsTaskExecuter.java:131)
	at org.gradle.internal.operations.DefaultBuildOperationExecutor$RunnableBuildOperationWorker.execute(DefaultBuildOperationExecutor.java:300)
	at org.gradle.internal.operations.DefaultBuildOperationExecutor$RunnableBuildOperationWorker.execute(DefaultBuildOperationExecutor.java:292)
	at org.gradle.internal.operations.DefaultBuildOperationExecutor.execute(DefaultBuildOperationExecutor.java:174)
	at org.gradle.internal.operations.DefaultBuildOperationExecutor.run(DefaultBuildOperationExecutor.java:90)
	at org.gradle.internal.operations.DelegatingBuildOperationExecutor.run(DelegatingBuildOperationExecutor.java:31)
	at org.gradle.api.internal.tasks.execution.ExecuteActionsTaskExecuter.executeAction(ExecuteActionsTaskExecuter.java:120)
	at org.gradle.api.internal.tasks.execution.ExecuteActionsTaskExecuter.executeActions(ExecuteActionsTaskExecuter.java:99)
	... 31 more
Caused by: org.gradle.workers.internal.DefaultWorkerExecutor$WorkExecutionException: A failure occurred while executing com.android.build.gradle.internal.transforms.JacocoTransform$JacocoWorkerAction
	at org.gradle.workers.internal.DefaultWorkerExecutor$1.call(DefaultWorkerExecutor.java:104)
	at org.gradle.workers.internal.DefaultWorkerExecutor$1.call(DefaultWorkerExecutor.java:96)
	at org.gradle.internal.work.AbstractConditionalExecution$1.run(AbstractConditionalExecution.java:38)
	at org.gradle.internal.work.DefaultConditionalExecutionQueue$ExecutionRunner.runExecution(DefaultConditionalExecutionQueue.java:212)
	at org.gradle.internal.work.DefaultConditionalExecutionQueue$ExecutionRunner.runBatch(DefaultConditionalExecutionQueue.java:161)
	at org.gradle.internal.work.DefaultConditionalExecutionQueue$ExecutionRunner.run(DefaultConditionalExecutionQueue.java:130)
	... 3 more
Caused by: java.lang.ExceptionInInitializerError
	at org.gradle.api.internal.classloading.GroovySystemLoaderFactory.forClassLoader(GroovySystemLoaderFactory.java:44)
	at org.gradle.workers.internal.IsolatedClassloaderWorkerFactory.executeInWorkerClassLoader(IsolatedClassloaderWorkerFactory.java:97)
	at org.gradle.workers.internal.IsolatedClassloaderWorkerFactory.access$100(IsolatedClassloaderWorkerFactory.java:54)
	at org.gradle.workers.internal.IsolatedClassloaderWorkerFactory$1$1.call(IsolatedClassloaderWorkerFactory.java:78)
	at org.gradle.workers.internal.IsolatedClassloaderWorkerFactory$1$1.call(IsolatedClassloaderWorkerFactory.java:75)
	at org.gradle.internal.operations.DefaultBuildOperationExecutor$CallableBuildOperationWorker.execute(DefaultBuildOperationExecutor.java:314)
	at org.gradle.internal.operations.DefaultBuildOperationExecutor$CallableBuildOperationWorker.execute(DefaultBuildOperationExecutor.java:304)
	at org.gradle.internal.operations.DefaultBuildOperationExecutor.execute(DefaultBuildOperationExecutor.java:174)
	at org.gradle.internal.operations.DefaultBuildOperationExecutor.call(DefaultBuildOperationExecutor.java:100)
	at org.gradle.internal.operations.DelegatingBuildOperationExecutor.call(DelegatingBuildOperationExecutor.java:36)
	at org.gradle.workers.internal.IsolatedClassloaderWorkerFactory$1.execute(IsolatedClassloaderWorkerFactory.java:75)
	at org.gradle.workers.internal.DefaultWorkerExecutor$1.call(DefaultWorkerExecutor.java:102)
	... 8 more
Caused by: groovy.lang.GroovyRuntimeException: Conflicting module versions. Module [groovy-all is loaded in version 2.4.12 and you are trying to load version 2.4.15
	... 20 more


* Get more help at https://help.gradle.org

Deprecated Gradle features were used in this build, making it incompatible with Gradle 5.0.
Use '--warning-mode all' to show the individual deprecation warnings.
See https://docs.gradle.org/4.10.2/userguide/command_line_interface.html#sec:command_line_warnings

BUILD FAILED in 8s
28 actionable tasks: 1 executed, 27 up-to-date

2019-01-11 10:46:21,325 INFO  ProjectTaskService - Detecting possible tasks...
2019-01-11 10:46:21,325 INFO  SysUtils - Execute command: [/var/folders/bq/vtzpc5ns5sg2cthy61lqpg3dfzgbys/T/1547178317293-0/src/simple-preferences-master/gradlew, -b, /var/folders/bq/vtzpc5ns5sg2cthy61lqpg3dfzgbys/T/1547178317293-0/src/simple-preferences-master/annotations/build.gradle, -Dorg.gradle.daemon=false, -Dorg.gradle.daemon.performance.enable-monitoring=false, -Dorg.gradle.configureondemand=true, tasks]
2019-01-11 10:46:26,022 INFO  ProjectTaskService - Detected possible tasks: 51
2019-01-11 10:46:26,022 INFO  ProjectTaskService - Excluded tasks (3): javadoc test check
2019-01-11 10:46:26,022 INFO  SysUtils - Execute command: [/var/folders/bq/vtzpc5ns5sg2cthy61lqpg3dfzgbys/T/1547178317293-0/src/simple-preferences-master/gradlew, -b, /var/folders/bq/vtzpc5ns5sg2cthy61lqpg3dfzgbys/T/1547178317293-0/src/simple-preferences-master/annotations/build.gradle, -Dorg.gradle.daemon=false, -Dorg.gradle.daemon.performance.enable-monitoring=false, -Dorg.gradle.configureondemand=true, --stacktrace, -x, javadoc, -x, test, -x, check, build]
2019-01-11 10:46:30,343 INFO  SysUtils - Configuration on demand is an incubating feature.
> Task :annotations:compileJava UP-TO-DATE
> Task :annotations:processResources NO-SOURCE
> Task :annotations:classes UP-TO-DATE
> Task :annotations:jar UP-TO-DATE
> Task :annotations:assemble UP-TO-DATE
> Task :annotations:build

Deprecated Gradle features were used in this build, making it incompatible with Gradle 5.0.
Use '--warning-mode all' to show the individual deprecation warnings.
See https://docs.gradle.org/4.10.2/userguide/command_line_interface.html#sec:command_line_warnings

BUILD SUCCESSFUL in 4s
2 actionable tasks: 2 up-to-date

2019-01-11 10:46:30,373 INFO  ProjectTaskService - Detecting possible tasks...
2019-01-11 10:46:30,374 INFO  SysUtils - Execute command: [/var/folders/bq/vtzpc5ns5sg2cthy61lqpg3dfzgbys/T/1547178317293-0/src/simple-preferences-master/gradlew, -b, /var/folders/bq/vtzpc5ns5sg2cthy61lqpg3dfzgbys/T/1547178317293-0/src/simple-preferences-master/processor/build.gradle, -Dorg.gradle.daemon=false, -Dorg.gradle.daemon.performance.enable-monitoring=false, -Dorg.gradle.configureondemand=true, tasks]
2019-01-11 10:46:35,082 INFO  ProjectTaskService - Detected possible tasks: 51
2019-01-11 10:46:35,082 INFO  ProjectTaskService - Excluded tasks (3): javadoc test check
2019-01-11 10:46:35,082 INFO  SysUtils - Execute command: [/var/folders/bq/vtzpc5ns5sg2cthy61lqpg3dfzgbys/T/1547178317293-0/src/simple-preferences-master/gradlew, -b, /var/folders/bq/vtzpc5ns5sg2cthy61lqpg3dfzgbys/T/1547178317293-0/src/simple-preferences-master/processor/build.gradle, -Dorg.gradle.daemon=false, -Dorg.gradle.daemon.performance.enable-monitoring=false, -Dorg.gradle.configureondemand=true, --stacktrace, -x, javadoc, -x, test, -x, check, build]
2019-01-11 10:46:40,551 INFO  SysUtils - Configuration on demand is an incubating feature.
> Task :annotations:compileJava UP-TO-DATE
> Task :processor:compileJava UP-TO-DATE
> Task :processor:processResources NO-SOURCE
> Task :processor:classes UP-TO-DATE
> Task :processor:jar UP-TO-DATE
> Task :processor:javadocJar
> Task :processor:sourcesJar
> Task :processor:assemble
> Task :processor:build

Deprecated Gradle features were used in this build, making it incompatible with Gradle 5.0.
Use '--warning-mode all' to show the individual deprecation warnings.
See https://docs.gradle.org/4.10.2/userguide/command_line_interface.html#sec:command_line_warnings

BUILD SUCCESSFUL in 5s
5 actionable tasks: 2 executed, 3 up-to-date

2019-01-11 10:46:40,588 ERROR FullProcessService - Project build has not produced APK file
2019-01-11 10:46:40,621 ERROR FullProcessService - Could not find generated or existed APK file
