2019-01-11 10:47:49,470 INFO  DownloadService - Downloading "https://github.com/drakeet/RecyclerViewWithHeaderNewPractice/archive/master.zip", attempt 3
2019-01-11 10:47:54,964 INFO  DownloadService - Downloaded https://github.com/drakeet/RecyclerViewWithHeaderNewPractice/archive/master.zip, attempt 3
2019-01-11 10:47:54,964 INFO  DownloadService - Size of file "/var/folders/bq/vtzpc5ns5sg2cthy61lqpg3dfzgbys/T/1547178469461-0/master.zip": 4 MB
2019-01-11 10:47:54,964 INFO  ArchiveUtils - Checking entries [.gradle] in ZIP file...
2019-01-11 10:47:54,965 INFO  ArchiveUtils - Has entries [.gradle] in ZIP file /var/folders/bq/vtzpc5ns5sg2cthy61lqpg3dfzgbys/T/1547178469461-0/master.zip: true
2019-01-11 10:47:54,966 DEBUG ZipUtil - Extracting '/var/folders/bq/vtzpc5ns5sg2cthy61lqpg3dfzgbys/T/1547178469461-0/master.zip' into '/var/folders/bq/vtzpc5ns5sg2cthy61lqpg3dfzgbys/T/1547178469461-0/src'.
2019-01-11 10:47:55,011 INFO  FullProcessService - Size of directory with sources: 4 MB
2019-01-11 10:47:55,011 INFO  SysUtils - Execute command: [git, init, /var/folders/bq/vtzpc5ns5sg2cthy61lqpg3dfzgbys/T/1547178469461-0/src]
2019-01-11 10:47:55,028 INFO  SysUtils - Initialized empty Git repository in /private/var/folders/bq/vtzpc5ns5sg2cthy61lqpg3dfzgbys/T/1547178469461-0/src/.git/

2019-01-11 10:47:55,030 INFO  ProjectBuildService - Gradle wrapper(s): /var/folders/bq/vtzpc5ns5sg2cthy61lqpg3dfzgbys/T/1547178469461-0/src/RecyclerViewWithHeaderNewPractice-master/gradlew
2019-01-11 10:47:55,032 INFO  ProjectBuildService - Build script(s): /var/folders/bq/vtzpc5ns5sg2cthy61lqpg3dfzgbys/T/1547178469461-0/src/RecyclerViewWithHeaderNewPractice-master/app/build.gradle /var/folders/bq/vtzpc5ns5sg2cthy61lqpg3dfzgbys/T/1547178469461-0/src/RecyclerViewWithHeaderNewPractice-master/build.gradle
2019-01-11 10:47:55,035 INFO  ProjectBuildService - All script(s): /var/folders/bq/vtzpc5ns5sg2cthy61lqpg3dfzgbys/T/1547178469461-0/src/RecyclerViewWithHeaderNewPractice-master/app/build.gradle /var/folders/bq/vtzpc5ns5sg2cthy61lqpg3dfzgbys/T/1547178469461-0/src/RecyclerViewWithHeaderNewPractice-master/build.gradle /var/folders/bq/vtzpc5ns5sg2cthy61lqpg3dfzgbys/T/1547178469461-0/src/RecyclerViewWithHeaderNewPractice-master/settings.gradle
2019-01-11 10:47:55,035 INFO  ProjectBuildService - Remote scripts: none
2019-01-11 10:47:55,035 INFO  ProjectFixService - Fixing project...
2019-01-11 10:47:55,040 INFO  LocalPropertiesFixService - Created fake /var/folders/bq/vtzpc5ns5sg2cthy61lqpg3dfzgbys/T/1547178469461-0/src/RecyclerViewWithHeaderNewPractice-master/app/local.properties
2019-01-11 10:47:55,041 INFO  ProjectFixService - Build info for "/var/folders/bq/vtzpc5ns5sg2cthy61lqpg3dfzgbys/T/1547178469461-0/src/RecyclerViewWithHeaderNewPractice-master/app/build.gradle": [buildToolsVersion=23.0.2,compileSdkVersion=23,minSdkVersion=14,targetSdkVersion=23]
2019-01-11 10:47:55,041 INFO  LocalPropertiesFixService - Created fake /var/folders/bq/vtzpc5ns5sg2cthy61lqpg3dfzgbys/T/1547178469461-0/src/RecyclerViewWithHeaderNewPractice-master/local.properties
2019-01-11 10:47:55,041 INFO  WrapperPropertiesFixService - Gradle wrapper: https://services.gradle.org/distributions/gradle-2.10-all.zip
2019-01-11 10:47:55,042 INFO  WrapperPropertiesFixService - Gradle wrapper was changed from "-all.zip" to "-bin.zip" (https://services.gradle.org/distributions/gradle-2.10-bin.zip)
2019-01-11 10:47:55,042 INFO  ProjectFixService - Build info for "/var/folders/bq/vtzpc5ns5sg2cthy61lqpg3dfzgbys/T/1547178469461-0/src/RecyclerViewWithHeaderNewPractice-master/build.gradle": [buildToolsVersion=23.0.2,compileSdkVersion=23,minSdkVersion=14,targetSdkVersion=23]
2019-01-11 10:47:55,042 INFO  ProjectFixService - Project was maybe fixed
2019-01-11 10:47:55,042 INFO  ProjectTaskService - Detecting possible tasks...
2019-01-11 10:47:55,043 INFO  SysUtils - Execute command: [/var/folders/bq/vtzpc5ns5sg2cthy61lqpg3dfzgbys/T/1547178469461-0/src/RecyclerViewWithHeaderNewPractice-master/gradlew, -b, /var/folders/bq/vtzpc5ns5sg2cthy61lqpg3dfzgbys/T/1547178469461-0/src/RecyclerViewWithHeaderNewPractice-master/app/build.gradle, -Dorg.gradle.daemon=false, -Dorg.gradle.daemon.performance.enable-monitoring=false, -Dorg.gradle.configureondemand=true, tasks]
2019-01-11 10:48:05,286 INFO  ProjectTaskService - Detected possible tasks: 76
2019-01-11 10:48:05,286 INFO  ProjectTaskService - Excluded tasks (19): lintDebug mockableAndroidJar deviceCheck lint testReleaseUnitTest uninstallRelease deviceAndroidTest uninstallDebugAndroidTest installDebugAndroidTest connectedCheck connectedDebugAndroidTest uninstallAll test check testDebugUnitTest connectedAndroidTest installDebug lintRelease uninstallDebug
2019-01-11 10:48:05,286 INFO  SysUtils - Execute command: [/var/folders/bq/vtzpc5ns5sg2cthy61lqpg3dfzgbys/T/1547178469461-0/src/RecyclerViewWithHeaderNewPractice-master/gradlew, -b, /var/folders/bq/vtzpc5ns5sg2cthy61lqpg3dfzgbys/T/1547178469461-0/src/RecyclerViewWithHeaderNewPractice-master/app/build.gradle, -Dorg.gradle.daemon=false, -Dorg.gradle.daemon.performance.enable-monitoring=false, -Dorg.gradle.configureondemand=true, --stacktrace, -x, lintDebug, -x, mockableAndroidJar, -x, deviceCheck, -x, lint, -x, testReleaseUnitTest, -x, uninstallRelease, -x, deviceAndroidTest, -x, uninstallDebugAndroidTest, -x, installDebugAndroidTest, -x, connectedCheck, -x, connectedDebugAndroidTest, -x, uninstallAll, -x, test, -x, check, -x, testDebugUnitTest, -x, connectedAndroidTest, -x, installDebug, -x, lintRelease, -x, uninstallDebug, build]
2019-01-11 10:48:24,458 ERROR SysUtils - Could not process external command
org.apache.commons.exec.ExecuteException: Process exited with an error: 1 (Exit value: 1)
	at org.apache.commons.exec.DefaultExecutor.executeInternal(DefaultExecutor.java:404)
	at org.apache.commons.exec.DefaultExecutor.execute(DefaultExecutor.java:166)
	at com.github.vbauer.apkmaster.util.SysUtils.execute(SysUtils.java:67)
	at com.github.vbauer.apkmaster.util.SysUtils.executeSimple(SysUtils.java:43)
	at com.github.vbauer.apkmaster.service.assembly.ProjectBuildService.buildProject(ProjectBuildService.java:78)
	at com.github.vbauer.apkmaster.service.assembly.ProjectBuildService.buildProject(ProjectBuildService.java:64)
	at com.github.vbauer.apkmaster.service.assembly.ProjectBuildService.buildProject(ProjectBuildService.java:43)
	at com.github.vbauer.apkmaster.service.FullProcessService.build(FullProcessService.java:84)
	at com.github.vbauer.apkmaster.service.FullProcessService.process(FullProcessService.java:34)
	at com.github.vbauer.apkmaster.app.MainApplication.process(MainApplication.java:38)
	at com.github.vbauer.apkmaster.app.MainApplication.main(MainApplication.java:20)
	at sun.reflect.NativeMethodAccessorImpl.invoke0(Native Method)
	at sun.reflect.NativeMethodAccessorImpl.invoke(NativeMethodAccessorImpl.java:62)
	at sun.reflect.DelegatingMethodAccessorImpl.invoke(DelegatingMethodAccessorImpl.java:43)
	at java.lang.reflect.Method.invoke(Method.java:498)
	at com.android.arsenal.util.ReflectionUtils.invoke(ReflectionUtils.java:52)
	at com.android.arsenal.util.ApkMasterUtils.main(ApkMasterUtils.java:30)
	at com.android.arsenal.service.processor.impl.BuildProcessorServiceImpl.buildProject(BuildProcessorServiceImpl.java:196)
	at com.android.arsenal.service.processor.impl.BuildProcessorServiceImpl.build(BuildProcessorServiceImpl.java:130)
	at com.android.arsenal.service.processor.impl.BuildProcessorServiceImpl.lambda$createTasks$1(BuildProcessorServiceImpl.java:113)
	at java.util.concurrent.FutureTask.run(FutureTask.java:266)
	at java.util.concurrent.Executors$RunnableAdapter.call(Executors.java:511)
	at java.util.concurrent.FutureTask.run(FutureTask.java:266)
	at java.util.concurrent.ThreadPoolExecutor.runWorker(ThreadPoolExecutor.java:1149)
	at java.util.concurrent.ThreadPoolExecutor$Worker.run(ThreadPoolExecutor.java:624)
	at java.lang.Thread.run(Thread.java:748)
2019-01-11 10:48:24,458 INFO  SysUtils - Configuration on demand is an incubating feature.
Observed package id 'build-tools;28.0.0-preview' in inconsistent location '/Users/vbauer/Library/Android/sdk/build-tools/28.0.0-rc1' (Expected '/Users/vbauer/Library/Android/sdk/build-tools/28.0.0-preview')
Observed package id 'build-tools;28.0.0-preview' in inconsistent location '/Users/vbauer/Library/Android/sdk/build-tools/28.0.0-rc2' (Expected '/Users/vbauer/Library/Android/sdk/build-tools/28.0.0-preview')
Already observed package id 'build-tools;28.0.0-preview' in '/Users/vbauer/Library/Android/sdk/build-tools/28.0.0-rc1'. Skipping duplicate at '/Users/vbauer/Library/Android/sdk/build-tools/28.0.0-rc2'
Incremental java compilation is an incubating feature.
:app:preBuild UP-TO-DATE
:app:preDebugBuild UP-TO-DATE
:app:checkDebugManifest
:app:preReleaseBuild UP-TO-DATE
:app:prepareComAndroidSupportAnimatedVectorDrawable2320Library
:app:prepareComAndroidSupportAppcompatV72320Library
:app:prepareComAndroidSupportDesign2320Library
:app:prepareComAndroidSupportRecyclerviewV72320Library
:app:prepareComAndroidSupportSupportV42320Library
:app:prepareComAndroidSupportSupportVectorDrawable2320Library
:app:prepareMeHenrytaoSmoothAppBarLayout021Library
:app:prepareDebugDependencies
:app:compileDebugAidl
:app:compileDebugRenderscript
:app:generateDebugBuildConfig
:app:generateDebugAssets UP-TO-DATE
:app:mergeDebugAssets
:app:generateDebugResValues
:app:generateDebugResources
:app:mergeDebugResources
:app:processDebugManifest
:app:processDebugResources
:app:generateDebugSources
:app:compileDebugJavaWithJavac
:app:compileDebugNdk UP-TO-DATE
:app:compileDebugSources
:app:prePackageMarkerForDebug
:app:transformClassesWithDexForDebug
Allocated dexExecutorService of size 1
Dexing /private/var/folders/bq/vtzpc5ns5sg2cthy61lqpg3dfzgbys/T/1547178469461-0/src/RecyclerViewWithHeaderNewPractice-master/app/build/intermediates/classes/debug took 468
Dexing /private/var/folders/bq/vtzpc5ns5sg2cthy61lqpg3dfzgbys/T/1547178469461-0/src/RecyclerViewWithHeaderNewPractice-master/app/build/intermediates/exploded-aar/me.henrytao/smooth-app-bar-layout/0.2.1/jars/classes.jar took 428
Dexing /private/var/folders/bq/vtzpc5ns5sg2cthy61lqpg3dfzgbys/T/1547178469461-0/src/RecyclerViewWithHeaderNewPractice-master/app/build/intermediates/exploded-aar/com.android.support/design/23.2.0/jars/classes.jar took 948
Dexing /private/var/folders/bq/vtzpc5ns5sg2cthy61lqpg3dfzgbys/T/1547178469461-0/src/RecyclerViewWithHeaderNewPractice-master/app/build/intermediates/exploded-aar/com.android.support/animated-vector-drawable/23.2.0/jars/classes.jar took 427
Dexing /private/var/folders/bq/vtzpc5ns5sg2cthy61lqpg3dfzgbys/T/1547178469461-0/src/RecyclerViewWithHeaderNewPractice-master/app/build/intermediates/exploded-aar/com.android.support/recyclerview-v7/23.2.0/jars/classes.jar took 1226
Dexing /Users/vbauer/Library/Android/sdk/extras/android/m2repository/com/android/support/support-annotations/23.2.0/support-annotations-23.2.0.jar took 220
Dexing /private/var/folders/bq/vtzpc5ns5sg2cthy61lqpg3dfzgbys/T/1547178469461-0/src/RecyclerViewWithHeaderNewPractice-master/app/build/intermediates/exploded-aar/com.android.support/support-v4/23.2.0/jars/libs/internal_impl-23.2.0.jar took 968
Dexing /private/var/folders/bq/vtzpc5ns5sg2cthy61lqpg3dfzgbys/T/1547178469461-0/src/RecyclerViewWithHeaderNewPractice-master/app/build/intermediates/exploded-aar/com.android.support/appcompat-v7/23.2.0/jars/classes.jar took 1501
Dexing /private/var/folders/bq/vtzpc5ns5sg2cthy61lqpg3dfzgbys/T/1547178469461-0/src/RecyclerViewWithHeaderNewPractice-master/app/build/intermediates/exploded-aar/com.android.support/support-vector-drawable/23.2.0/jars/classes.jar took 596
Dexing /private/var/folders/bq/vtzpc5ns5sg2cthy61lqpg3dfzgbys/T/1547178469461-0/src/RecyclerViewWithHeaderNewPractice-master/app/build/intermediates/exploded-aar/com.android.support/support-v4/23.2.0/jars/classes.jar took 2087
Dexing /private/var/folders/bq/vtzpc5ns5sg2cthy61lqpg3dfzgbys/T/1547178469461-0/src/RecyclerViewWithHeaderNewPractice-master/app/build/intermediates/pre-dexed/debug/com.android.support-appcompat-v7-23.2.0_12a78f725620a5e56172c68a21875c62dd293887.jar,/private/var/folders/bq/vtzpc5ns5sg2cthy61lqpg3dfzgbys/T/1547178469461-0/src/RecyclerViewWithHeaderNewPractice-master/app/build/intermediates/pre-dexed/debug/debug_6c089670b07d4c6580de2b3652df73fa0a97bfe6.jar,/private/var/folders/bq/vtzpc5ns5sg2cthy61lqpg3dfzgbys/T/1547178469461-0/src/RecyclerViewWithHeaderNewPractice-master/app/build/intermediates/pre-dexed/debug/com.android.support-support-v4-23.2.0_5d9d7366b641f15d9c091babc20672f21465243b.jar,/private/var/folders/bq/vtzpc5ns5sg2cthy61lqpg3dfzgbys/T/1547178469461-0/src/RecyclerViewWithHeaderNewPractice-master/app/build/intermediates/pre-dexed/debug/support-annotations-23.2.0_bc6fea57bbe1e9cb0e2f9b2e885bedabc5317f0b.jar,/private/var/folders/bq/vtzpc5ns5sg2cthy61lqpg3dfzgbys/T/1547178469461-0/src/RecyclerViewWithHeaderNewPractice-master/app/build/intermediates/pre-dexed/debug/me.henrytao-smooth-app-bar-layout-0.2.1_4069b109b65e98facef87af2a39450813d199160.jar,/private/var/folders/bq/vtzpc5ns5sg2cthy61lqpg3dfzgbys/T/1547178469461-0/src/RecyclerViewWithHeaderNewPractice-master/app/build/intermediates/pre-dexed/debug/internal_impl-23.2.0_5d6f2e19874ed1485cfb63438f2b89d1bc451e20.jar,/private/var/folders/bq/vtzpc5ns5sg2cthy61lqpg3dfzgbys/T/1547178469461-0/src/RecyclerViewWithHeaderNewPractice-master/app/build/intermediates/pre-dexed/debug/com.android.support-recyclerview-v7-23.2.0_d8d2d2f807a11747fe67422b2458b41f9d4d7fff.jar,/private/var/folders/bq/vtzpc5ns5sg2cthy61lqpg3dfzgbys/T/1547178469461-0/src/RecyclerViewWithHeaderNewPractice-master/app/build/intermediates/pre-dexed/debug/com.android.support-design-23.2.0_d1776bd90c2d03f0d8d66cbe223773b875b9708c.jar,/private/var/folders/bq/vtzpc5ns5sg2cthy61lqpg3dfzgbys/T/1547178469461-0/src/RecyclerViewWithHeaderNewPractice-master/app/build/intermediates/pre-dexed/debug/com.android.support-animated-vector-drawable-23.2.0_e87f05455068fcfb9996126123a9048495e9d701.jar,/private/var/folders/bq/vtzpc5ns5sg2cthy61lqpg3dfzgbys/T/1547178469461-0/src/RecyclerViewWithHeaderNewPractice-master/app/build/intermediates/pre-dexed/debug/com.android.support-support-vector-drawable-23.2.0_e11cc74ebf8ca809cc574910f90b107144941cf0.jar took 525
:app:mergeDebugJniLibFolders
:app:transformNative_libsWithMergeJniLibsForDebug
:app:processDebugJavaRes UP-TO-DATE
:app:transformResourcesWithMergeJavaResForDebug
:app:validateDebugSigning
:app:packageDebug
:app:zipalignDebug
:app:assembleDebug
:app:checkReleaseManifest
:app:prepareReleaseDependencies
:app:compileReleaseAidl
:app:compileReleaseRenderscript
:app:generateReleaseBuildConfig
:app:generateReleaseAssets UP-TO-DATE
:app:mergeReleaseAssets
:app:generateReleaseResValues
:app:generateReleaseResources
:app:mergeReleaseResources
:app:processReleaseManifest
:app:processReleaseResources
:app:generateReleaseSources
:app:compileReleaseJavaWithJavac
:app:compileReleaseNdk UP-TO-DATE
:app:compileReleaseSources
:app:lintVitalRelease FAILED

FAILURE: Build failed with an exception.

* What went wrong:
Execution failed for task ':app:lintVitalRelease'.
> No toolchains found in the NDK toolchains folder for ABI with prefix: mipsel-linux-android

* Try:
Run with --info or --debug option to get more log output.

* Exception is:
org.gradle.api.tasks.TaskExecutionException: Execution failed for task ':app:lintVitalRelease'.
	at org.gradle.api.internal.tasks.execution.ExecuteActionsTaskExecuter.executeActions(ExecuteActionsTaskExecuter.java:69)
	at org.gradle.api.internal.tasks.execution.ExecuteActionsTaskExecuter.execute(ExecuteActionsTaskExecuter.java:46)
	at org.gradle.api.internal.tasks.execution.PostExecutionAnalysisTaskExecuter.execute(PostExecutionAnalysisTaskExecuter.java:35)
	at org.gradle.api.internal.tasks.execution.SkipUpToDateTaskExecuter.execute(SkipUpToDateTaskExecuter.java:64)
	at org.gradle.api.internal.tasks.execution.ValidatingTaskExecuter.execute(ValidatingTaskExecuter.java:58)
	at org.gradle.api.internal.tasks.execution.SkipEmptySourceFilesTaskExecuter.execute(SkipEmptySourceFilesTaskExecuter.java:52)
	at org.gradle.api.internal.tasks.execution.SkipTaskWithNoActionsExecuter.execute(SkipTaskWithNoActionsExecuter.java:52)
	at org.gradle.api.internal.tasks.execution.SkipOnlyIfTaskExecuter.execute(SkipOnlyIfTaskExecuter.java:53)
	at org.gradle.api.internal.tasks.execution.ExecuteAtMostOnceTaskExecuter.execute(ExecuteAtMostOnceTaskExecuter.java:43)
	at org.gradle.execution.taskgraph.DefaultTaskGraphExecuter$EventFiringTaskWorker.execute(DefaultTaskGraphExecuter.java:203)
	at org.gradle.execution.taskgraph.DefaultTaskGraphExecuter$EventFiringTaskWorker.execute(DefaultTaskGraphExecuter.java:185)
	at org.gradle.execution.taskgraph.AbstractTaskPlanExecutor$TaskExecutorWorker.processTask(AbstractTaskPlanExecutor.java:66)
	at org.gradle.execution.taskgraph.AbstractTaskPlanExecutor$TaskExecutorWorker.run(AbstractTaskPlanExecutor.java:50)
	at org.gradle.execution.taskgraph.DefaultTaskPlanExecutor.process(DefaultTaskPlanExecutor.java:25)
	at org.gradle.execution.taskgraph.DefaultTaskGraphExecuter.execute(DefaultTaskGraphExecuter.java:110)
	at org.gradle.execution.SelectedTaskExecutionAction.execute(SelectedTaskExecutionAction.java:37)
	at org.gradle.execution.DefaultBuildExecuter.execute(DefaultBuildExecuter.java:37)
	at org.gradle.execution.DefaultBuildExecuter.access$000(DefaultBuildExecuter.java:23)
	at org.gradle.execution.DefaultBuildExecuter$1.proceed(DefaultBuildExecuter.java:43)
	at org.gradle.execution.DryRunBuildExecutionAction.execute(DryRunBuildExecutionAction.java:32)
	at org.gradle.execution.DefaultBuildExecuter.execute(DefaultBuildExecuter.java:37)
	at org.gradle.execution.DefaultBuildExecuter.execute(DefaultBuildExecuter.java:30)
	at org.gradle.initialization.DefaultGradleLauncher$4.run(DefaultGradleLauncher.java:154)
	at org.gradle.internal.Factories$1.create(Factories.java:22)
	at org.gradle.internal.progress.DefaultBuildOperationExecutor.run(DefaultBuildOperationExecutor.java:90)
	at org.gradle.internal.progress.DefaultBuildOperationExecutor.run(DefaultBuildOperationExecutor.java:52)
	at org.gradle.initialization.DefaultGradleLauncher.doBuildStages(DefaultGradleLauncher.java:151)
	at org.gradle.initialization.DefaultGradleLauncher.access$200(DefaultGradleLauncher.java:32)
	at org.gradle.initialization.DefaultGradleLauncher$1.create(DefaultGradleLauncher.java:99)
	at org.gradle.initialization.DefaultGradleLauncher$1.create(DefaultGradleLauncher.java:93)
	at org.gradle.internal.progress.DefaultBuildOperationExecutor.run(DefaultBuildOperationExecutor.java:90)
	at org.gradle.internal.progress.DefaultBuildOperationExecutor.run(DefaultBuildOperationExecutor.java:62)
	at org.gradle.initialization.DefaultGradleLauncher.doBuild(DefaultGradleLauncher.java:93)
	at org.gradle.initialization.DefaultGradleLauncher.run(DefaultGradleLauncher.java:82)
	at org.gradle.launcher.exec.InProcessBuildActionExecuter$DefaultBuildController.run(InProcessBuildActionExecuter.java:94)
	at org.gradle.tooling.internal.provider.ExecuteBuildActionRunner.run(ExecuteBuildActionRunner.java:28)
	at org.gradle.launcher.exec.ChainingBuildActionRunner.run(ChainingBuildActionRunner.java:35)
	at org.gradle.launcher.exec.InProcessBuildActionExecuter.execute(InProcessBuildActionExecuter.java:43)
	at org.gradle.launcher.exec.InProcessBuildActionExecuter.execute(InProcessBuildActionExecuter.java:28)
	at org.gradle.launcher.exec.ContinuousBuildActionExecuter.execute(ContinuousBuildActionExecuter.java:78)
	at org.gradle.launcher.exec.ContinuousBuildActionExecuter.execute(ContinuousBuildActionExecuter.java:48)
	at org.gradle.launcher.exec.DaemonUsageSuggestingBuildActionExecuter.execute(DaemonUsageSuggestingBuildActionExecuter.java:51)
	at org.gradle.launcher.exec.DaemonUsageSuggestingBuildActionExecuter.execute(DaemonUsageSuggestingBuildActionExecuter.java:28)
	at org.gradle.launcher.cli.RunBuildAction.run(RunBuildAction.java:43)
	at org.gradle.internal.Actions$RunnableActionAdapter.execute(Actions.java:170)
	at org.gradle.launcher.cli.CommandLineActionFactory$ParseAndBuildAction.execute(CommandLineActionFactory.java:237)
	at org.gradle.launcher.cli.CommandLineActionFactory$ParseAndBuildAction.execute(CommandLineActionFactory.java:210)
	at org.gradle.launcher.cli.JavaRuntimeValidationAction.execute(JavaRuntimeValidationAction.java:35)
	at org.gradle.launcher.cli.JavaRuntimeValidationAction.execute(JavaRuntimeValidationAction.java:24)
	at org.gradle.launcher.cli.CommandLineActionFactory$WithLogging.execute(CommandLineActionFactory.java:206)
	at org.gradle.launcher.cli.CommandLineActionFactory$WithLogging.execute(CommandLineActionFactory.java:169)
	at org.gradle.launcher.cli.ExceptionReportingAction.execute(ExceptionReportingAction.java:33)
	at org.gradle.launcher.cli.ExceptionReportingAction.execute(ExceptionReportingAction.java:22)
	at org.gradle.launcher.Main.doAction(Main.java:33)
	at org.gradle.launcher.bootstrap.EntryPoint.run(EntryPoint.java:45)
	at org.gradle.launcher.bootstrap.ProcessBootstrap.runNoExit(ProcessBootstrap.java:54)
	at org.gradle.launcher.bootstrap.ProcessBootstrap.run(ProcessBootstrap.java:35)
	at org.gradle.launcher.GradleMain.main(GradleMain.java:23)
	at org.gradle.wrapper.BootstrapMainStarter.start(BootstrapMainStarter.java:30)
	at org.gradle.wrapper.WrapperExecutor.execute(WrapperExecutor.java:129)
	at org.gradle.wrapper.GradleWrapperMain.main(GradleWrapperMain.java:61)
Caused by: java.lang.RuntimeException: No toolchains found in the NDK toolchains folder for ABI with prefix: mipsel-linux-android
	at com.android.build.gradle.internal.NdkHandler.getDefaultToolchainVersion(NdkHandler.java:333)
	at com.android.build.gradle.internal.NdkHandler.getToolchainPath(NdkHandler.java:232)
	at com.android.build.gradle.internal.NdkHandler.getCCompiler(NdkHandler.java:411)
	at com.android.build.gradle.internal.model.ModelBuilder.createNativeToolchainModelMap(ModelBuilder.java:227)
	at com.android.build.gradle.internal.model.ModelBuilder.buildAll(ModelBuilder.java:166)
	at org.gradle.tooling.provider.model.ToolingModelBuilder$buildAll.call(Unknown Source)
	at com.android.build.gradle.tasks.Lint.createAndroidProject(Lint.groovy:256)
	at com.android.build.gradle.tasks.Lint.lint(Lint.groovy:73)
	at org.gradle.internal.reflect.JavaMethod.invoke(JavaMethod.java:75)
	at org.gradle.api.internal.project.taskfactory.AnnotationProcessingTaskFactory$StandardTaskAction.doExecute(AnnotationProcessingTaskFactory.java:227)
	at org.gradle.api.internal.project.taskfactory.AnnotationProcessingTaskFactory$StandardTaskAction.execute(AnnotationProcessingTaskFactory.java:220)
	at org.gradle.api.internal.project.taskfactory.AnnotationProcessingTaskFactory$StandardTaskAction.execute(AnnotationProcessingTaskFactory.java:209)
	at org.gradle.api.internal.AbstractTask$TaskActionWrapper.execute(AbstractTask.java:585)
	at org.gradle.api.internal.AbstractTask$TaskActionWrapper.execute(AbstractTask.java:568)
	at org.gradle.api.internal.tasks.execution.ExecuteActionsTaskExecuter.executeAction(ExecuteActionsTaskExecuter.java:80)
	at org.gradle.api.internal.tasks.execution.ExecuteActionsTaskExecuter.executeActions(ExecuteActionsTaskExecuter.java:61)
	... 60 more


BUILD FAILED

Total time: 18.654 secs

2019-01-11 10:48:24,512 INFO  FullProcessService - Found APK file: /var/folders/bq/vtzpc5ns5sg2cthy61lqpg3dfzgbys/T/1547178469461-0/src/RecyclerViewWithHeaderNewPractice-master/app/build/outputs/apk/app-debug.apk
